<?xml version="1.0" encoding="UTF-8"?>
<testsuites>
  <testsuite name="" tests="182" assertions="853" errors="0" warnings="0" failures="0" skipped="0" time="86.300014">
    <testsuite name="Unit Tests" tests="145" assertions="612" errors="0" warnings="0" failures="0" skipped="0" time="15.767988">
      <testsuite name="BuildingTest" file="I:\pr1\html\tests\unit\BuildingTest.php" tests="9" assertions="51" errors="0" warnings="0" failures="0" skipped="0" time="0.025000">
        <testcase name="testGetTitle" class="BuildingTest" classname="BuildingTest" file="I:\pr1\html\tests\unit\BuildingTest.php" line="86" assertions="3" time="0.011532"/>
        <testcase name="testSaveUpdate" class="BuildingTest" classname="BuildingTest" file="I:\pr1\html\tests\unit\BuildingTest.php" line="163" assertions="3" time="0.002661"/>
        <testcase name="testBuildingCityRelation" class="BuildingTest" classname="BuildingTest" file="I:\pr1\html\tests\unit\BuildingTest.php" line="249" assertions="4" time="0.002056"/>
        <testcase name="testBuildingCache" class="BuildingTest" classname="BuildingTest" file="I:\pr1\html\tests\unit\BuildingTest.php" line="209" assertions="2" time="0.001031"/>
        <testcase name="testDifferentBuildingTypes" class="BuildingTest" classname="BuildingTest" file="I:\pr1\html\tests\unit\BuildingTest.php" line="321" assertions="20" time="0.001243"/>
        <testcase name="testSaveNew" class="BuildingTest" classname="BuildingTest" file="I:\pr1\html\tests\unit\BuildingTest.php" line="121" assertions="4" time="0.000728"/>
        <testcase name="testGetExistingBuilding" class="BuildingTest" classname="BuildingTest" file="I:\pr1\html\tests\unit\BuildingTest.php" line="13" assertions="6" time="0.000785"/>
        <testcase name="testConstructor" class="BuildingTest" classname="BuildingTest" file="I:\pr1\html\tests\unit\BuildingTest.php" line="51" assertions="5" time="0.003024"/>
        <testcase name="testBuildingTypeRelation" class="BuildingTest" classname="BuildingTest" file="I:\pr1\html\tests\unit\BuildingTest.php" line="285" assertions="4" time="0.001938"/>
      </testsuite>
      <testsuite name="CityTest" file="I:\pr1\html\tests\unit\CityTest.php" tests="17" assertions="63" errors="0" warnings="0" failures="0" skipped="0" time="0.099305">
        <testcase name="testCityResources" class="CityTest" classname="CityTest" file="I:\pr1\html\tests\unit\CityTest.php" line="402" assertions="2" time="0.000890"/>
        <testcase name="testCityCache" class="CityTest" classname="CityTest" file="I:\pr1\html\tests\unit\CityTest.php" line="429" assertions="3" time="0.000916"/>
        <testcase name="testNewCity" class="CityTest" classname="CityTest" file="I:\pr1\html\tests\unit\CityTest.php" line="206" assertions="9" time="0.009351"/>
        <testcase name="testCreateUnit" class="CityTest" classname="CityTest" file="I:\pr1\html\tests\unit\CityTest.php" line="313" assertions="2" time="0.008568"/>
        <testcase name="testGetPossibleBuildings" class="CityTest" classname="CityTest" file="I:\pr1\html\tests\unit\CityTest.php" line="335" assertions="1" time="0.015192"/>
        <testcase name="testCoastalCity" class="CityTest" classname="CityTest" file="I:\pr1\html\tests\unit\CityTest.php" line="374" assertions="1" time="0.012543"/>
        <testcase name="testCalculateProduction" class="CityTest" classname="CityTest" file="I:\pr1\html\tests\unit\CityTest.php" line="238" assertions="4" time="0.006392"/>
        <testcase name="testGetCityCells" class="CityTest" classname="CityTest" file="I:\pr1\html\tests\unit\CityTest.php" line="353" assertions="2" time="0.013468"/>
        <testcase name="testCalculatePeople" class="CityTest" classname="CityTest" file="I:\pr1\html\tests\unit\CityTest.php" line="289" assertions="8" time="0.012704"/>
        <testcase name="testLocatePeople" class="CityTest" classname="CityTest" file="I:\pr1\html\tests\unit\CityTest.php" line="267" assertions="3" time="0.010820"/>
        <testcase name="testGetExistingCity" class="CityTest" classname="CityTest" file="I:\pr1\html\tests\unit\CityTest.php" line="13" assertions="7" time="0.003888"/>
        <testcase name="testByCoordsExisting" class="CityTest" classname="CityTest" file="I:\pr1\html\tests\unit\CityTest.php" line="45" assertions="2" time="0.000846"/>
        <testcase name="testByCoordsNonExisting" class="CityTest" classname="CityTest" file="I:\pr1\html\tests\unit\CityTest.php" line="70" assertions="1" time="0.000749"/>
        <testcase name="testConstruct" class="CityTest" classname="CityTest" file="I:\pr1\html\tests\unit\CityTest.php" line="80" assertions="9" time="0.000798"/>
        <testcase name="testSaveNew" class="CityTest" classname="CityTest" file="I:\pr1\html\tests\unit\CityTest.php" line="113" assertions="5" time="0.000730"/>
        <testcase name="testSaveUpdate" class="CityTest" classname="CityTest" file="I:\pr1\html\tests\unit\CityTest.php" line="148" assertions="3" time="0.000809"/>
        <testcase name="testGetTitle" class="CityTest" classname="CityTest" file="I:\pr1\html\tests\unit\CityTest.php" line="185" assertions="1" time="0.000642"/>
      </testsuite>
      <testsuite name="CreateGameSimpleTest" file="I:\pr1\html\tests\unit\CreateGameSimpleTest.php" tests="11" assertions="55" errors="0" warnings="0" failures="0" skipped="0" time="0.015441">
        <testcase name="testCreateBasicGameClass" class="CreateGameSimpleTest" classname="CreateGameSimpleTest" file="I:\pr1\html\tests\unit\CreateGameSimpleTest.php" line="13" assertions="6" time="0.000943"/>
        <testcase name="testHtmlEscapingInGameName" class="CreateGameSimpleTest" classname="CreateGameSimpleTest" file="I:\pr1\html\tests\unit\CreateGameSimpleTest.php" line="296" assertions="1" time="0.001226"/>
        <testcase name="testCreateGameWithDifferentMapSizes" class="CreateGameSimpleTest" classname="CreateGameSimpleTest" file="I:\pr1\html\tests\unit\CreateGameSimpleTest.php" line="68" assertions="8" time="0.001336"/>
        <testcase name="testCreateUsersForGame" class="CreateGameSimpleTest" classname="CreateGameSimpleTest" file="I:\pr1\html\tests\unit\CreateGameSimpleTest.php" line="95" assertions="6" time="0.000704"/>
        <testcase name="testGameGetMethod" class="CreateGameSimpleTest" classname="CreateGameSimpleTest" file="I:\pr1\html\tests\unit\CreateGameSimpleTest.php" line="235" assertions="3" time="0.000481"/>
        <testcase name="testGameCaching" class="CreateGameSimpleTest" classname="CreateGameSimpleTest" file="I:\pr1\html\tests\unit\CreateGameSimpleTest.php" line="249" assertions="3" time="0.000487"/>
        <testcase name="testUpdateGameData" class="CreateGameSimpleTest" classname="CreateGameSimpleTest" file="I:\pr1\html\tests\unit\CreateGameSimpleTest.php" line="270" assertions="2" time="0.000509"/>
        <testcase name="testHtmlEscapingInUserLogin" class="CreateGameSimpleTest" classname="CreateGameSimpleTest" file="I:\pr1\html\tests\unit\CreateGameSimpleTest.php" line="319" assertions="1" time="0.000590"/>
        <testcase name="testUserColorGeneration" class="CreateGameSimpleTest" classname="CreateGameSimpleTest" file="I:\pr1\html\tests\unit\CreateGameSimpleTest.php" line="153" assertions="15" time="0.006872"/>
        <testcase name="testGameList" class="CreateGameSimpleTest" classname="CreateGameSimpleTest" file="I:\pr1\html\tests\unit\CreateGameSimpleTest.php" line="201" assertions="7" time="0.001391"/>
        <testcase name="testCreateGameWithDifferentTurnTypes" class="CreateGameSimpleTest" classname="CreateGameSimpleTest" file="I:\pr1\html\tests\unit\CreateGameSimpleTest.php" line="42" assertions="3" time="0.000902"/>
      </testsuite>
      <testsuite name="CreateGameTest" file="I:\pr1\html\tests\unit\CreateGameTest.php" tests="19" assertions="86" errors="0" warnings="0" failures="0" skipped="0" time="15.562613">
        <testcase name="testDuplicatePlayerNames" class="CreateGameTest" classname="CreateGameTest" file="I:\pr1\html\tests\unit\CreateGameTest.php" line="192" assertions="3" time="0.004156"/>
        <testcase name="testTooSmallMapSize" class="CreateGameTest" classname="CreateGameTest" file="I:\pr1\html\tests\unit\CreateGameTest.php" line="208" assertions="3" time="0.001276"/>
        <testcase name="testTooLargeMapSize" class="CreateGameTest" classname="CreateGameTest" file="I:\pr1\html\tests\unit\CreateGameTest.php" line="226" assertions="3" time="0.000961"/>
        <testcase name="testTooManyPlayers" class="CreateGameTest" classname="CreateGameTest" file="I:\pr1\html\tests\unit\CreateGameTest.php" line="244" assertions="3" time="0.001205"/>
        <testcase name="testDataPreservationOnError" class="CreateGameTest" classname="CreateGameTest" file="I:\pr1\html\tests\unit\CreateGameTest.php" line="268" assertions="12" time="0.001343"/>
        <testcase name="testNoPostData" class="CreateGameTest" classname="CreateGameTest" file="I:\pr1\html\tests\unit\CreateGameTest.php" line="430" assertions="7" time="0.004463"/>
        <testcase name="testEmptyGameName" class="CreateGameTest" classname="CreateGameTest" file="I:\pr1\html\tests\unit\CreateGameTest.php" line="153" assertions="3" time="0.001144"/>
        <testcase name="testCreateBasicGame" class="CreateGameTest" classname="CreateGameTest" file="I:\pr1\html\tests\unit\CreateGameTest.php" line="13" assertions="6" time="0.000972"/>
        <testcase name="testCreateConcurrentGame" class="CreateGameTest" classname="CreateGameTest" file="I:\pr1\html\tests\unit\CreateGameTest.php" line="74" assertions="2" time="0.000725"/>
        <testcase name="testCreateOneWindowGame" class="CreateGameTest" classname="CreateGameTest" file="I:\pr1\html\tests\unit\CreateGameTest.php" line="116" assertions="1" time="0.000671"/>
        <testcase name="testGameInitialConditions" class="CreateGameTest" classname="CreateGameTest" file="I:\pr1\html\tests\unit\CreateGameTest.php" line="449" assertions="7" time="3.111395"/>
        <testcase name="testEmptyPlayerFields" class="CreateGameTest" classname="CreateGameTest" file="I:\pr1\html\tests\unit\CreateGameTest.php" line="391" assertions="2" time="2.730438"/>
        <testcase name="testXSSInPlayerNames" class="CreateGameTest" classname="CreateGameTest" file="I:\pr1\html\tests\unit\CreateGameTest.php" line="315" assertions="3" time="2.260557"/>
        <testcase name="testPlayerColorGeneration" class="CreateGameTest" classname="CreateGameTest" file="I:\pr1\html\tests\unit\CreateGameTest.php" line="359" assertions="18" time="1.866168"/>
        <testcase name="testInvalidTurnType" class="CreateGameTest" classname="CreateGameTest" file="I:\pr1\html\tests\unit\CreateGameTest.php" line="412" assertions="2" time="1.973052"/>
        <testcase name="testVeryLongStrings" class="CreateGameTest" classname="CreateGameTest" file="I:\pr1\html\tests\unit\CreateGameTest.php" line="339" assertions="2" time="1.808294"/>
        <testcase name="testXSSInGameName" class="CreateGameTest" classname="CreateGameTest" file="I:\pr1\html\tests\unit\CreateGameTest.php" line="295" assertions="3" time="1.793877"/>
        <testcase name="testWhitespaceGameName" class="CreateGameTest" classname="CreateGameTest" file="I:\pr1\html\tests\unit\CreateGameTest.php" line="173" assertions="3" time="0.001033"/>
        <testcase name="testMinimumPlayers" class="CreateGameTest" classname="CreateGameTest" file="I:\pr1\html\tests\unit\CreateGameTest.php" line="489" assertions="3" time="0.000883"/>
      </testsuite>
      <testsuite name="EditGameTest" file="I:\pr1\html\tests\unit\EditGameTest.php" tests="17" assertions="56" errors="0" warnings="0" failures="0" skipped="0" time="0.027209">
        <testcase name="testEditBasicGameParameters" class="EditGameTest" classname="EditGameTest" file="I:\pr1\html\tests\unit\EditGameTest.php" line="34" assertions="6" time="0.001984"/>
        <testcase name="testEditMapSize" class="EditGameTest" classname="EditGameTest" file="I:\pr1\html\tests\unit\EditGameTest.php" line="124" assertions="3" time="0.001596"/>
        <testcase name="testEditNonExistentGame" class="EditGameTest" classname="EditGameTest" file="I:\pr1\html\tests\unit\EditGameTest.php" line="340" assertions="2" time="0.001188">
          <system-out>Debug: Exception thrown: Ошибка: Игра не найдена.
</system-out>
        </testcase>
        <testcase name="testDataPreservationOnValidationError" class="EditGameTest" classname="EditGameTest" file="I:\pr1\html\tests\unit\EditGameTest.php" line="398" assertions="6" time="0.001626"/>
        <testcase name="testXSSInEditedGameName" class="EditGameTest" classname="EditGameTest" file="I:\pr1\html\tests\unit\EditGameTest.php" line="454" assertions="2" time="0.002074"/>
        <testcase name="testVeryLongStringsInEdit" class="EditGameTest" classname="EditGameTest" file="I:\pr1\html\tests\unit\EditGameTest.php" line="492" assertions="2" time="0.001426"/>
        <testcase name="testMultipleValidationErrors" class="EditGameTest" classname="EditGameTest" file="I:\pr1\html\tests\unit\EditGameTest.php" line="543" assertions="3" time="0.001474"/>
        <testcase name="testGameNotChangedOnValidationError" class="EditGameTest" classname="EditGameTest" file="I:\pr1\html\tests\unit\EditGameTest.php" line="571" assertions="5" time="0.001048"/>
        <testcase name="testLoadGameDataForEditing" class="EditGameTest" classname="EditGameTest" file="I:\pr1\html\tests\unit\EditGameTest.php" line="189" assertions="6" time="0.001108"/>
        <testcase name="testEditWithEmptyName" class="EditGameTest" classname="EditGameTest" file="I:\pr1\html\tests\unit\EditGameTest.php" line="236" assertions="2" time="0.000966"/>
        <testcase name="testEditWithInvalidMapSize" class="EditGameTest" classname="EditGameTest" file="I:\pr1\html\tests\unit\EditGameTest.php" line="263" assertions="4" time="0.001329"/>
        <testcase name="testEditWithInvalidTurnType" class="EditGameTest" classname="EditGameTest" file="I:\pr1\html\tests\unit\EditGameTest.php" line="309" assertions="2" time="0.001552"/>
        <testcase name="testEditGameNameOnly" class="EditGameTest" classname="EditGameTest" file="I:\pr1\html\tests\unit\EditGameTest.php" line="86" assertions="4" time="0.001520"/>
        <testcase name="testEditTurnType" class="EditGameTest" classname="EditGameTest" file="I:\pr1\html\tests\unit\EditGameTest.php" line="155" assertions="6" time="0.004249"/>
        <testcase name="testLoadGameWithoutId" class="EditGameTest" classname="EditGameTest" file="I:\pr1\html\tests\unit\EditGameTest.php" line="21" assertions="1" time="0.001875"/>
        <testcase name="testEditWithoutGameId" class="EditGameTest" classname="EditGameTest" file="I:\pr1\html\tests\unit\EditGameTest.php" line="380" assertions="1" time="0.001053"/>
        <testcase name="testLoadNonExistentGameForEditing" class="EditGameTest" classname="EditGameTest" file="I:\pr1\html\tests\unit\EditGameTest.php" line="530" assertions="1" time="0.001141"/>
      </testsuite>
      <testsuite name="GameTest" file="I:\pr1\html\tests\unit\GameTest.php" tests="10" assertions="42" errors="0" warnings="0" failures="0" skipped="0" time="0.005115">
        <testcase name="testGetExistingGame" class="GameTest" classname="GameTest" file="I:\pr1\html\tests\unit\GameTest.php" line="13" assertions="6" time="0.000524"/>
        <testcase name="testGetNonExistingGame" class="GameTest" classname="GameTest" file="I:\pr1\html\tests\unit\GameTest.php" line="35" assertions="1" time="0.000276"/>
        <testcase name="testConstruct" class="GameTest" classname="GameTest" file="I:\pr1\html\tests\unit\GameTest.php" line="45" assertions="8" time="0.000304"/>
        <testcase name="testSaveNew" class="GameTest" classname="GameTest" file="I:\pr1\html\tests\unit\GameTest.php" line="71" assertions="6" time="0.000347"/>
        <testcase name="testSaveUpdate" class="GameTest" classname="GameTest" file="I:\pr1\html\tests\unit\GameTest.php" line="98" assertions="2" time="0.000394"/>
        <testcase name="testGameList" class="GameTest" classname="GameTest" file="I:\pr1\html\tests\unit\GameTest.php" line="119" assertions="5" time="0.000581"/>
        <testcase name="testGetActivePlayerByTurn" class="GameTest" classname="GameTest" file="I:\pr1\html\tests\unit\GameTest.php" line="183" assertions="1" time="0.000593"/>
        <testcase name="testGetActivePlayerConcurrently" class="GameTest" classname="GameTest" file="I:\pr1\html\tests\unit\GameTest.php" line="198" assertions="2" time="0.000678"/>
        <testcase name="testGetActivePlayerNoActive" class="GameTest" classname="GameTest" file="I:\pr1\html\tests\unit\GameTest.php" line="215" assertions="1" time="0.000598"/>
        <testcase name="testAllSystemMessage" class="GameTest" classname="GameTest" file="I:\pr1\html\tests\unit\GameTest.php" line="142" assertions="10" time="0.000821"/>
      </testsuite>
      <testsuite name="ResearchTest" file="I:\pr1\html\tests\unit\ResearchTest.php" tests="11" assertions="64" errors="0" warnings="0" failures="0" skipped="0" time="0.007528">
        <testcase name="testSaveUpdate" class="ResearchTest" classname="ResearchTest" file="I:\pr1\html\tests\unit\ResearchTest.php" line="116" assertions="3" time="0.000618"/>
        <testcase name="testSaveNew" class="ResearchTest" classname="ResearchTest" file="I:\pr1\html\tests\unit\ResearchTest.php" line="86" assertions="4" time="0.000512"/>
        <testcase name="testDifferentResearchTypes" class="ResearchTest" classname="ResearchTest" file="I:\pr1\html\tests\unit\ResearchTest.php" line="198" assertions="20" time="0.000641"/>
        <testcase name="testResearchesForDifferentUsers" class="ResearchTest" classname="ResearchTest" file="I:\pr1\html\tests\unit\ResearchTest.php" line="260" assertions="3" time="0.001976"/>
        <testcase name="testMultipleResearchesForUser" class="ResearchTest" classname="ResearchTest" file="I:\pr1\html\tests\unit\ResearchTest.php" line="225" assertions="6" time="0.000930"/>
        <testcase name="testGetExistingResearch" class="ResearchTest" classname="ResearchTest" file="I:\pr1\html\tests\unit\ResearchTest.php" line="13" assertions="6" time="0.000738"/>
        <testcase name="testConstructor" class="ResearchTest" classname="ResearchTest" file="I:\pr1\html\tests\unit\ResearchTest.php" line="39" assertions="5" time="0.000466"/>
        <testcase name="testConstructorWithoutId" class="ResearchTest" classname="ResearchTest" file="I:\pr1\html\tests\unit\ResearchTest.php" line="63" assertions="5" time="0.000373"/>
        <testcase name="testResearchTypeRelation" class="ResearchTest" classname="ResearchTest" file="I:\pr1\html\tests\unit\ResearchTest.php" line="173" assertions="4" time="0.000425"/>
        <testcase name="testRequiredFields" class="ResearchTest" classname="ResearchTest" file="I:\pr1\html\tests\unit\ResearchTest.php" line="294" assertions="4" time="0.000411"/>
        <testcase name="testResearchUserRelation" class="ResearchTest" classname="ResearchTest" file="I:\pr1\html\tests\unit\ResearchTest.php" line="150" assertions="4" time="0.000438"/>
      </testsuite>
      <testsuite name="ResourceTest" file="I:\pr1\html\tests\unit\ResourceTest.php" tests="6" assertions="21" errors="0" warnings="0" failures="0" skipped="0" time="0.002116">
        <testcase name="testSaveNew" class="ResourceTest" classname="ResourceTest" file="I:\pr1\html\tests\unit\ResourceTest.php" line="90" assertions="5" time="0.000388"/>
        <testcase name="testSaveUpdate" class="ResourceTest" classname="ResourceTest" file="I:\pr1\html\tests\unit\ResourceTest.php" line="125" assertions="2" time="0.000536"/>
        <testcase name="testGetExistingResource" class="ResourceTest" classname="ResourceTest" file="I:\pr1\html\tests\unit\ResourceTest.php" line="13" assertions="6" time="0.000447"/>
        <testcase name="testConstruct" class="ResourceTest" classname="ResourceTest" file="I:\pr1\html\tests\unit\ResourceTest.php" line="57" assertions="6" time="0.000261"/>
        <testcase name="testGetTitle" class="ResourceTest" classname="ResourceTest" file="I:\pr1\html\tests\unit\ResourceTest.php" line="162" assertions="1" time="0.000224"/>
        <testcase name="testGetNonExistingResource" class="ResourceTest" classname="ResourceTest" file="I:\pr1\html\tests\unit\ResourceTest.php" line="47" assertions="1" time="0.000260"/>
      </testsuite>
      <testsuite name="UnitTest" file="I:\pr1\html\tests\unit\UnitTest.php" tests="7" assertions="27" errors="0" warnings="0" failures="0" skipped="0" time="0.003242">
        <testcase name="testGetExistingUnit" class="UnitTest" classname="UnitTest" file="I:\pr1\html\tests\unit\UnitTest.php" line="13" assertions="7" time="0.000656"/>
        <testcase name="testConstruct" class="UnitTest" classname="UnitTest" file="I:\pr1\html\tests\unit\UnitTest.php" line="62" assertions="8" time="0.000468"/>
        <testcase name="testSaveNew" class="UnitTest" classname="UnitTest" file="I:\pr1\html\tests\unit\UnitTest.php" line="102" assertions="6" time="0.000499"/>
        <testcase name="testSaveUpdate" class="UnitTest" classname="UnitTest" file="I:\pr1\html\tests\unit\UnitTest.php" line="146" assertions="3" time="0.000521"/>
        <testcase name="testGetTitle" class="UnitTest" classname="UnitTest" file="I:\pr1\html\tests\unit\UnitTest.php" line="193" assertions="1" time="0.000401"/>
        <testcase name="testRemove" class="UnitTest" classname="UnitTest" file="I:\pr1\html\tests\unit\UnitTest.php" line="222" assertions="1" time="0.000443"/>
        <testcase name="testGetNonExistingUnit" class="UnitTest" classname="UnitTest" file="I:\pr1\html\tests\unit\UnitTest.php" line="52" assertions="1" time="0.000254"/>
      </testsuite>
      <testsuite name="UserTest" file="I:\pr1\html\tests\unit\UserTest.php" tests="13" assertions="54" errors="0" warnings="0" failures="0" skipped="0" time="0.005892">
        <testcase name="testCalculateIncome" class="UserTest" classname="UserTest" file="I:\pr1\html\tests\unit\UserTest.php" line="139" assertions="3" time="0.000585"/>
        <testcase name="testStartResearchAlreadyDone" class="UserTest" classname="UserTest" file="I:\pr1\html\tests\unit\UserTest.php" line="257" assertions="2" time="0.000540"/>
        <testcase name="testNewSystemMessage" class="UserTest" classname="UserTest" file="I:\pr1\html\tests\unit\UserTest.php" line="289" assertions="4" time="0.000400"/>
        <testcase name="testGetNextEventNoEvents" class="UserTest" classname="UserTest" file="I:\pr1\html\tests\unit\UserTest.php" line="310" assertions="1" time="0.000374"/>
        <testcase name="testGetNextEventWithEvent" class="UserTest" classname="UserTest" file="I:\pr1\html\tests\unit\UserTest.php" line="323" assertions="4" time="0.000461"/>
        <testcase name="testGetCities" class="UserTest" classname="UserTest" file="I:\pr1\html\tests\unit\UserTest.php" line="166" assertions="5" time="0.000707"/>
        <testcase name="testGetResearch" class="UserTest" classname="UserTest" file="I:\pr1\html\tests\unit\UserTest.php" line="202" assertions="5" time="0.000537"/>
        <testcase name="testStartResearch" class="UserTest" classname="UserTest" file="I:\pr1\html\tests\unit\UserTest.php" line="232" assertions="2" time="0.000547"/>
        <testcase name="testGetExistingUser" class="UserTest" classname="UserTest" file="I:\pr1\html\tests\unit\UserTest.php" line="13" assertions="5" time="0.000403"/>
        <testcase name="testGetNonExistingUser" class="UserTest" classname="UserTest" file="I:\pr1\html\tests\unit\UserTest.php" line="33" assertions="1" time="0.000240"/>
        <testcase name="testConstruct" class="UserTest" classname="UserTest" file="I:\pr1\html\tests\unit\UserTest.php" line="43" assertions="11" time="0.000247"/>
        <testcase name="testSaveNew" class="UserTest" classname="UserTest" file="I:\pr1\html\tests\unit\UserTest.php" line="77" assertions="9" time="0.000358"/>
        <testcase name="testSaveUpdate" class="UserTest" classname="UserTest" file="I:\pr1\html\tests\unit\UserTest.php" line="114" assertions="2" time="0.000491"/>
      </testsuite>
      <testsuite name="MessageTest" file="I:\pr1\html\tests\unit\MessageTest.php" tests="5" assertions="24" errors="0" warnings="0" failures="0" skipped="0" time="0.002430">
        <testcase name="testConstruct" class="MessageTest" classname="MessageTest" file="I:\pr1\html\tests\unit\MessageTest.php" line="13" assertions="7" time="0.000525"/>
        <testcase name="testConstructSystemMessage" class="MessageTest" classname="MessageTest" file="I:\pr1\html\tests\unit\MessageTest.php" line="40" assertions="5" time="0.000413"/>
        <testcase name="testSaveNew" class="MessageTest" classname="MessageTest" file="I:\pr1\html\tests\unit\MessageTest.php" line="63" assertions="5" time="0.000525"/>
        <testcase name="testSaveSystemMessage" class="MessageTest" classname="MessageTest" file="I:\pr1\html\tests\unit\MessageTest.php" line="91" assertions="5" time="0.000395"/>
        <testcase name="testSaveUpdate" class="MessageTest" classname="MessageTest" file="I:\pr1\html\tests\unit\MessageTest.php" line="117" assertions="2" time="0.000572"/>
      </testsuite>
      <testsuite name="DatabaseConfigTest" file="I:\pr1\html\tests\unit\DatabaseConfigTest.php" tests="7" assertions="37" errors="0" warnings="0" failures="0" skipped="0" time="0.002889">
        <testcase name="testTestDatabaseConstants" class="DatabaseConfigTest" classname="DatabaseConfigTest" file="I:\pr1\html\tests\unit\DatabaseConfigTest.php" line="13" assertions="10" time="0.000298"/>
        <testcase name="testDatabaseConstantsSeparation" class="DatabaseConfigTest" classname="DatabaseConfigTest" file="I:\pr1\html\tests\unit\DatabaseConfigTest.php" line="68" assertions="3" time="0.000660"/>
        <testcase name="testTestTablesCreation" class="DatabaseConfigTest" classname="DatabaseConfigTest" file="I:\pr1\html\tests\unit\DatabaseConfigTest.php" line="99" assertions="5" time="0.000275"/>
        <testcase name="testTestDataOperations" class="DatabaseConfigTest" classname="DatabaseConfigTest" file="I:\pr1\html\tests\unit\DatabaseConfigTest.php" line="122" assertions="5" time="0.000417"/>
        <testcase name="testTestDataCleanup" class="DatabaseConfigTest" classname="DatabaseConfigTest" file="I:\pr1\html\tests\unit\DatabaseConfigTest.php" line="170" assertions="4" time="0.000390"/>
        <testcase name="testTransactionHandling" class="DatabaseConfigTest" classname="DatabaseConfigTest" file="I:\pr1\html\tests\unit\DatabaseConfigTest.php" line="216" assertions="2" time="0.000338"/>
        <testcase name="testGameAndUserMocks" class="DatabaseConfigTest" classname="DatabaseConfigTest" file="I:\pr1\html\tests\unit\DatabaseConfigTest.php" line="245" assertions="8" time="0.000510"/>
      </testsuite>
      <testsuite name="OpenGameTest" file="I:\pr1\html\tests\unit\OpenGameTest.php" tests="13" assertions="32" errors="0" warnings="0" failures="0" skipped="0" time="0.009208">
        <testcase name="testOpenGameWithUserFromDifferentGame" class="OpenGameTest" classname="OpenGameTest" file="I:\pr1\html\tests\unit\OpenGameTest.php" line="21" assertions="2" time="0.000686">
          <system-out>user error</system-out>
        </testcase>
        <testcase name="testSuccessfulGameOpening" class="OpenGameTest" classname="OpenGameTest" file="I:\pr1\html\tests\unit\OpenGameTest.php" line="49" assertions="2" time="0.000474"/>
        <testcase name="testOpenGameWithMultiplePlayers" class="OpenGameTest" classname="OpenGameTest" file="I:\pr1\html\tests\unit\OpenGameTest.php" line="86" assertions="2" time="0.000731"/>
        <testcase name="testOpenGameWithDifferentTurnTypes" class="OpenGameTest" classname="OpenGameTest" file="I:\pr1\html\tests\unit\OpenGameTest.php" line="122" assertions="6" time="0.001177"/>
        <testcase name="testOpenNonExistentGame" class="OpenGameTest" classname="OpenGameTest" file="I:\pr1\html\tests\unit\OpenGameTest.php" line="160" assertions="1" time="0.000464"/>
        <testcase name="testOpenGameWithNonExistentUser" class="OpenGameTest" classname="OpenGameTest" file="I:\pr1\html\tests\unit\OpenGameTest.php" line="179" assertions="1" time="0.000403"/>
        <testcase name="testOpenGameWithoutGameId" class="OpenGameTest" classname="OpenGameTest" file="I:\pr1\html\tests\unit\OpenGameTest.php" line="200" assertions="1" time="0.000451"/>
        <testcase name="testOpenGameWithoutUserId" class="OpenGameTest" classname="OpenGameTest" file="I:\pr1\html\tests\unit\OpenGameTest.php" line="219" assertions="1" time="0.000510"/>
        <testcase name="testGameListLoading" class="OpenGameTest" classname="OpenGameTest" file="I:\pr1\html\tests\unit\OpenGameTest.php" line="238" assertions="7" time="0.001131"/>
        <testcase name="testEmptyGameList" class="OpenGameTest" classname="OpenGameTest" file="I:\pr1\html\tests\unit\OpenGameTest.php" line="282" assertions="1" time="0.000393"/>
        <testcase name="testSessionStateAfterGameOpening" class="OpenGameTest" classname="OpenGameTest" file="I:\pr1\html\tests\unit\OpenGameTest.php" line="291" assertions="3" time="0.000588"/>
        <testcase name="testReopenGameWithDifferentUser" class="OpenGameTest" classname="OpenGameTest" file="I:\pr1\html\tests\unit\OpenGameTest.php" line="318" assertions="3" time="0.000650"/>
        <testcase name="testOpenGameWithMaxPlayers" class="OpenGameTest" classname="OpenGameTest" file="I:\pr1\html\tests\unit\OpenGameTest.php" line="365" assertions="2" time="0.001551"/>
      </testsuite>
    </testsuite>
    <testsuite name="Integration Tests" tests="37" assertions="241" errors="0" warnings="0" failures="0" skipped="0" time="70.532026">
      <testsuite name="MapActionsIntegrationTest" file="I:\pr1\html\tests\integration\MapActionsIntegrationTest.php" tests="6" assertions="36" errors="0" warnings="0" failures="0" skipped="0" time="0.088733">
        <testcase name="testMapBoundaries" class="MapActionsIntegrationTest" classname="MapActionsIntegrationTest" file="I:\pr1\html\tests\integration\MapActionsIntegrationTest.php" line="336" assertions="10" time="0.002381"/>
        <testcase name="testCityFoundation" class="MapActionsIntegrationTest" classname="MapActionsIntegrationTest" file="I:\pr1\html\tests\integration\MapActionsIntegrationTest.php" line="96" assertions="6" time="0.008677"/>
        <testcase name="testMapLoadingWithCity" class="MapActionsIntegrationTest" classname="MapActionsIntegrationTest" file="I:\pr1\html\tests\integration\MapActionsIntegrationTest.php" line="265" assertions="5" time="0.024419"/>
        <testcase name="testMapLoadingWithUnits" class="MapActionsIntegrationTest" classname="MapActionsIntegrationTest" file="I:\pr1\html\tests\integration\MapActionsIntegrationTest.php" line="199" assertions="4" time="0.023368"/>
        <testcase name="testUnitMovement" class="MapActionsIntegrationTest" classname="MapActionsIntegrationTest" file="I:\pr1\html\tests\integration\MapActionsIntegrationTest.php" line="32" assertions="5" time="0.001133"/>
        <testcase name="testMapScrolling" class="MapActionsIntegrationTest" classname="MapActionsIntegrationTest" file="I:\pr1\html\tests\integration\MapActionsIntegrationTest.php" line="150" assertions="6" time="0.028755"/>
      </testsuite>
      <testsuite name="CreateGameIntegrationTest" file="I:\pr1\html\tests\integration\CreateGameIntegrationTest.php" tests="10" assertions="59" errors="0" warnings="0" failures="0" skipped="0" time="70.408581">
        <testcase name="testInitialPlayerParameters" class="CreateGameIntegrationTest" classname="CreateGameIntegrationTest" file="I:\pr1\html\tests\integration\CreateGameIntegrationTest.php" line="234" assertions="8" time="1.751893"/>
        <testcase name="testPerformanceWithMaxPlayers" class="CreateGameIntegrationTest" classname="CreateGameIntegrationTest" file="I:\pr1\html\tests\integration\CreateGameIntegrationTest.php" line="324" assertions="4" time="41.364111"/>
        <testcase name="testFullGameCreationProcess" class="CreateGameIntegrationTest" classname="CreateGameIntegrationTest" file="I:\pr1\html\tests\integration\CreateGameIntegrationTest.php" line="22" assertions="5" time="3.805919"/>
        <testcase name="testGameDataPersistence" class="CreateGameIntegrationTest" classname="CreateGameIntegrationTest" file="I:\pr1\html\tests\integration\CreateGameIntegrationTest.php" line="60" assertions="6" time="9.293499"/>
        <testcase name="testDifferentTurnTypesIntegration" class="CreateGameIntegrationTest" classname="CreateGameIntegrationTest" file="I:\pr1\html\tests\integration\CreateGameIntegrationTest.php" line="94" assertions="6" time="4.559869"/>
        <testcase name="testUniquePlayerColors" class="CreateGameIntegrationTest" classname="CreateGameIntegrationTest" file="I:\pr1\html\tests\integration\CreateGameIntegrationTest.php" line="136" assertions="9" time="1.502454"/>
        <testcase name="testPlayerTurnOrder" class="CreateGameIntegrationTest" classname="CreateGameIntegrationTest" file="I:\pr1\html\tests\integration\CreateGameIntegrationTest.php" line="194" assertions="7" time="1.517316"/>
        <testcase name="testValidationErrorsIntegration" class="CreateGameIntegrationTest" classname="CreateGameIntegrationTest" file="I:\pr1\html\tests\integration\CreateGameIntegrationTest.php" line="283" assertions="6" time="0.001046"/>
        <testcase name="testSQLInjectionProtection" class="CreateGameIntegrationTest" classname="CreateGameIntegrationTest" file="I:\pr1\html\tests\integration\CreateGameIntegrationTest.php" line="376" assertions="3" time="1.552272"/>
        <testcase name="testMultipleGameCreation" class="CreateGameIntegrationTest" classname="CreateGameIntegrationTest" file="I:\pr1\html\tests\integration\CreateGameIntegrationTest.php" line="423" assertions="5" time="5.060202"/>
      </testsuite>
      <testsuite name="EditGameIntegrationTest" file="I:\pr1\html\tests\integration\EditGameIntegrationTest.php" tests="11" assertions="93" errors="0" warnings="0" failures="0" skipped="0" time="0.024633">
        <testcase name="testFullGameEditProcess" class="EditGameIntegrationTest" classname="EditGameIntegrationTest" file="I:\pr1\html\tests\integration\EditGameIntegrationTest.php" line="22" assertions="6" time="0.002265"/>
        <testcase name="testEditedGameDataPersistence" class="EditGameIntegrationTest" classname="EditGameIntegrationTest" file="I:\pr1\html\tests\integration\EditGameIntegrationTest.php" line="87" assertions="6" time="0.001730"/>
        <testcase name="testEditDifferentTurnTypesIntegration" class="EditGameIntegrationTest" classname="EditGameIntegrationTest" file="I:\pr1\html\tests\integration\EditGameIntegrationTest.php" line="137" assertions="9" time="0.003589"/>
        <testcase name="testLoadGameDataForEditingIntegration" class="EditGameIntegrationTest" classname="EditGameIntegrationTest" file="I:\pr1\html\tests\integration\EditGameIntegrationTest.php" line="192" assertions="6" time="0.001399"/>
        <testcase name="testPlayerOrderPreservationOnEdit" class="EditGameIntegrationTest" classname="EditGameIntegrationTest" file="I:\pr1\html\tests\integration\EditGameIntegrationTest.php" line="229" assertions="9" time="0.001859"/>
        <testcase name="testPlayerParametersPreservationOnEdit" class="EditGameIntegrationTest" classname="EditGameIntegrationTest" file="I:\pr1\html\tests\integration\EditGameIntegrationTest.php" line="284" assertions="9" time="0.001957"/>
        <testcase name="testValidationErrorsIntegrationOnEdit" class="EditGameIntegrationTest" classname="EditGameIntegrationTest" file="I:\pr1\html\tests\integration\EditGameIntegrationTest.php" line="348" assertions="7" time="0.001139"/>
        <testcase name="testPerformanceEditWithMaxPlayers" class="EditGameIntegrationTest" classname="EditGameIntegrationTest" file="I:\pr1\html\tests\integration\EditGameIntegrationTest.php" line="408" assertions="7" time="0.002498"/>
        <testcase name="testSQLInjectionProtectionOnEdit" class="EditGameIntegrationTest" classname="EditGameIntegrationTest" file="I:\pr1\html\tests\integration\EditGameIntegrationTest.php" line="476" assertions="3" time="0.001844"/>
        <testcase name="testMultipleGameEdits" class="EditGameIntegrationTest" classname="EditGameIntegrationTest" file="I:\pr1\html\tests\integration\EditGameIntegrationTest.php" line="533" assertions="17" time="0.004015"/>
        <testcase name="testEditGameWithRelatedDataPreservation" class="EditGameIntegrationTest" classname="EditGameIntegrationTest" file="I:\pr1\html\tests\integration\EditGameIntegrationTest.php" line="601" assertions="14" time="0.002338"/>
      </testsuite>
      <testsuite name="OpenGameIntegrationTest" file="I:\pr1\html\tests\integration\OpenGameIntegrationTest.php" tests="10" assertions="53" errors="0" warnings="0" failures="0" skipped="0" time="0.010078">
        <testcase name="testFullGameOpeningProcess" class="OpenGameIntegrationTest" classname="OpenGameIntegrationTest" file="I:\pr1\html\tests\integration\OpenGameIntegrationTest.php" line="22" assertions="4" time="0.000996"/>
        <testcase name="testGameOpeningSessionPersistence" class="OpenGameIntegrationTest" classname="OpenGameIntegrationTest" file="I:\pr1\html\tests\integration\OpenGameIntegrationTest.php" line="77" assertions="7" time="0.000615"/>
        <testcase name="testGameOpeningWithDifferentConfigurations" class="OpenGameIntegrationTest" classname="OpenGameIntegrationTest" file="I:\pr1\html\tests\integration\OpenGameIntegrationTest.php" line="127" assertions="6" time="0.001529"/>
        <testcase name="testGameListWithDifferentPlayerCounts" class="OpenGameIntegrationTest" classname="OpenGameIntegrationTest" file="I:\pr1\html\tests\integration\OpenGameIntegrationTest.php" line="185" assertions="5" time="0.001356"/>
        <testcase name="testErrorHandlingInGameOpening" class="OpenGameIntegrationTest" classname="OpenGameIntegrationTest" file="I:\pr1\html\tests\integration\OpenGameIntegrationTest.php" line="233" assertions="3" time="0.000927"/>
        <testcase name="testPerformanceGameOpening" class="OpenGameIntegrationTest" classname="OpenGameIntegrationTest" file="I:\pr1\html\tests\integration\OpenGameIntegrationTest.php" line="284" assertions="3" time="0.001689"/>
        <testcase name="testSecurityInvalidIds" class="OpenGameIntegrationTest" classname="OpenGameIntegrationTest" file="I:\pr1\html\tests\integration\OpenGameIntegrationTest.php" line="328" assertions="3" time="0.000494"/>
        <testcase name="testMultipleGameOpenings" class="OpenGameIntegrationTest" classname="OpenGameIntegrationTest" file="I:\pr1\html\tests\integration\OpenGameIntegrationTest.php" line="370" assertions="6" time="0.000974"/>
        <testcase name="testGameOpeningDataIntegrity" class="OpenGameIntegrationTest" classname="OpenGameIntegrationTest" file="I:\pr1\html\tests\integration\OpenGameIntegrationTest.php" line="410" assertions="13" time="0.000568"/>
        <testcase name="testGameOpeningObjectRelationships" class="OpenGameIntegrationTest" classname="OpenGameIntegrationTest" file="I:\pr1\html\tests\integration\OpenGameIntegrationTest.php" line="465" assertions="3" time="0.000929"/>
      </testsuite>
    </testsuite>
  </testsuite>
</testsuites>
