<?xml version="1.0" encoding="UTF-8"?>
<testsuites>
  <testsuite name="" tests="54" assertions="228" errors="1" warnings="0" failures="0" skipped="2" time="16.657203">
    <testsuite name="Unit Tests" tests="54" assertions="228" errors="1" warnings="0" failures="0" skipped="2" time="16.657203">
      <testsuite name="App\Tests\AdminBuildingTypeTest" file="/var/www/html/tests/unit/AdminBuildingTypeTest.php" tests="13" assertions="51" errors="0" warnings="0" failures="0" skipped="1" time="0.273877">
        <testcase name="testSaveNewBuildingType" class="App\Tests\AdminBuildingTypeTest" classname="App.Tests.AdminBuildingTypeTest" file="/var/www/html/tests/unit/AdminBuildingTypeTest.php" line="59" assertions="2" time="0.156520"/>
        <testcase name="testBuildingTypeWithComplexData" class="App\Tests\AdminBuildingTypeTest" classname="App.Tests.AdminBuildingTypeTest" file="/var/www/html/tests/unit/AdminBuildingTypeTest.php" line="209" assertions="13" time="0.041624"/>
        <testcase name="testBuildingTypeCityEffect" class="App\Tests\AdminBuildingTypeTest" classname="App.Tests.AdminBuildingTypeTest" file="/var/www/html/tests/unit/AdminBuildingTypeTest.php" line="250" assertions="0" time="0.032824">
          <skipped/>
        </testcase>
        <testcase name="testGetAllBuildingTypes" class="App\Tests\AdminBuildingTypeTest" classname="App.Tests.AdminBuildingTypeTest" file="/var/www/html/tests/unit/AdminBuildingTypeTest.php" line="24" assertions="6" time="0.010671"/>
        <testcase name="testUpdateBuildingType" class="App\Tests\AdminBuildingTypeTest" classname="App.Tests.AdminBuildingTypeTest" file="/var/www/html/tests/unit/AdminBuildingTypeTest.php" line="75" assertions="2" time="0.003839"/>
        <testcase name="testDeleteBuildingType" class="App\Tests\AdminBuildingTypeTest" classname="App.Tests.AdminBuildingTypeTest" file="/var/www/html/tests/unit/AdminBuildingTypeTest.php" line="95" assertions="1" time="0.010768"/>
        <testcase name="testGetBuildingTypeById" class="App\Tests\AdminBuildingTypeTest" classname="App.Tests.AdminBuildingTypeTest" file="/var/www/html/tests/unit/AdminBuildingTypeTest.php" line="110" assertions="3" time="0.002464"/>
        <testcase name="testJsonFieldsHandling" class="App\Tests\AdminBuildingTypeTest" classname="App.Tests.AdminBuildingTypeTest" file="/var/www/html/tests/unit/AdminBuildingTypeTest.php" line="124" assertions="2" time="0.004209"/>
        <testcase name="testBuildingTypeProperties" class="App\Tests\AdminBuildingTypeTest" classname="App.Tests.AdminBuildingTypeTest" file="/var/www/html/tests/unit/AdminBuildingTypeTest.php" line="141" assertions="8" time="0.002961"/>
        <testcase name="testGetNonExistentBuildingType" class="App\Tests\AdminBuildingTypeTest" classname="App.Tests.AdminBuildingTypeTest" file="/var/www/html/tests/unit/AdminBuildingTypeTest.php" line="167" assertions="1" time="0.000766"/>
        <testcase name="testBuildingTypeConstructorWithInvalidJson" class="App\Tests\AdminBuildingTypeTest" classname="App.Tests.AdminBuildingTypeTest" file="/var/www/html/tests/unit/AdminBuildingTypeTest.php" line="173" assertions="2" time="0.002704"/>
        <testcase name="testBuildingTypeDefaultValues" class="App\Tests\AdminBuildingTypeTest" classname="App.Tests.AdminBuildingTypeTest" file="/var/www/html/tests/unit/AdminBuildingTypeTest.php" line="189" assertions="10" time="0.002362"/>
        <testcase name="testBuildingTypeGetTitle" class="App\Tests\AdminBuildingTypeTest" classname="App.Tests.AdminBuildingTypeTest" file="/var/www/html/tests/unit/AdminBuildingTypeTest.php" line="271" assertions="1" time="0.002164"/>
      </testsuite>
      <testsuite name="App\Tests\AdminUnitTypeTest" file="/var/www/html/tests/unit/AdminUnitTypeTest.php" tests="10" assertions="47" errors="0" warnings="0" failures="0" skipped="0" time="0.026929">
        <testcase name="testGetAllUnitTypes" class="App\Tests\AdminUnitTypeTest" classname="App.Tests.AdminUnitTypeTest" file="/var/www/html/tests/unit/AdminUnitTypeTest.php" line="14" assertions="6" time="0.007774"/>
        <testcase name="testSaveNewUnitType" class="App\Tests\AdminUnitTypeTest" classname="App.Tests.AdminUnitTypeTest" file="/var/www/html/tests/unit/AdminUnitTypeTest.php" line="62" assertions="2" time="0.003083"/>
        <testcase name="testUpdateUnitType" class="App\Tests\AdminUnitTypeTest" classname="App.Tests.AdminUnitTypeTest" file="/var/www/html/tests/unit/AdminUnitTypeTest.php" line="80" assertions="2" time="0.002897"/>
        <testcase name="testDeleteUnitType" class="App\Tests\AdminUnitTypeTest" classname="App.Tests.AdminUnitTypeTest" file="/var/www/html/tests/unit/AdminUnitTypeTest.php" line="99" assertions="1" time="0.002488"/>
        <testcase name="testGetUnitTypeById" class="App\Tests\AdminUnitTypeTest" classname="App.Tests.AdminUnitTypeTest" file="/var/www/html/tests/unit/AdminUnitTypeTest.php" line="114" assertions="3" time="0.001940"/>
        <testcase name="testJsonFieldsHandling" class="App\Tests\AdminUnitTypeTest" classname="App.Tests.AdminUnitTypeTest" file="/var/www/html/tests/unit/AdminUnitTypeTest.php" line="128" assertions="3" time="0.002025"/>
        <testcase name="testGetNonExistentUnitType" class="App\Tests\AdminUnitTypeTest" classname="App.Tests.AdminUnitTypeTest" file="/var/www/html/tests/unit/AdminUnitTypeTest.php" line="144" assertions="1" time="0.000699"/>
        <testcase name="testUnitTypeConstructorWithInvalidJson" class="App\Tests\AdminUnitTypeTest" classname="App.Tests.AdminUnitTypeTest" file="/var/www/html/tests/unit/AdminUnitTypeTest.php" line="150" assertions="2" time="0.001962"/>
        <testcase name="testUnitTypeDefaultValues" class="App\Tests\AdminUnitTypeTest" classname="App.Tests.AdminUnitTypeTest" file="/var/www/html/tests/unit/AdminUnitTypeTest.php" line="166" assertions="8" time="0.002123"/>
        <testcase name="testUnitTypeWithComplexData" class="App\Tests\AdminUnitTypeTest" classname="App.Tests.AdminUnitTypeTest" file="/var/www/html/tests/unit/AdminUnitTypeTest.php" line="184" assertions="19" time="0.001938"/>
      </testsuite>
      <testsuite name="App\Tests\BuildingTest" file="/var/www/html/tests/unit/BuildingTest.php" tests="9" assertions="35" errors="0" warnings="0" failures="0" skipped="1" time="0.164811">
        <testcase name="testConstructorWithoutId" class="App\Tests\BuildingTest" classname="App.Tests.BuildingTest" file="/var/www/html/tests/unit/BuildingTest.php" line="81" assertions="3" time="0.048997"/>
        <testcase name="testGetTitle" class="App\Tests\BuildingTest" classname="App.Tests.BuildingTest" file="/var/www/html/tests/unit/BuildingTest.php" line="104" assertions="1" time="0.013501"/>
        <testcase name="testGet" class="App\Tests\BuildingTest" classname="App.Tests.BuildingTest" file="/var/www/html/tests/unit/BuildingTest.php" line="21" assertions="7" time="0.015728"/>
        <testcase name="testConstructor" class="App\Tests\BuildingTest" classname="App.Tests.BuildingTest" file="/var/www/html/tests/unit/BuildingTest.php" line="51" assertions="6" time="0.021125"/>
        <testcase name="testCityEffect" class="App\Tests\BuildingTest" classname="App.Tests.BuildingTest" file="/var/www/html/tests/unit/BuildingTest.php" line="249" assertions="0" time="0.000105">
          <skipped/>
        </testcase>
        <testcase name="testSaveNew" class="App\Tests\BuildingTest" classname="App.Tests.BuildingTest" file="/var/www/html/tests/unit/BuildingTest.php" line="124" assertions="4" time="0.016115"/>
        <testcase name="testSaveUpdate" class="App\Tests\BuildingTest" classname="App.Tests.BuildingTest" file="/var/www/html/tests/unit/BuildingTest.php" line="154" assertions="1" time="0.013980"/>
        <testcase name="testCaching" class="App\Tests\BuildingTest" classname="App.Tests.BuildingTest" file="/var/www/html/tests/unit/BuildingTest.php" line="190" assertions="1" time="0.012754"/>
        <testcase name="testDifferentBuildingTypes" class="App\Tests\BuildingTest" classname="App.Tests.BuildingTest" file="/var/www/html/tests/unit/BuildingTest.php" line="215" assertions="12" time="0.022506"/>
      </testsuite>
      <testsuite name="App\Tests\BuildingTypeTest" file="/var/www/html/tests/unit/BuildingTypeTest.php" tests="13" assertions="45" errors="0" warnings="0" failures="0" skipped="0" time="0.147603">
        <testcase name="testAllPredefinedBuildingTypes" class="App\Tests\BuildingTypeTest" classname="App.Tests.BuildingTypeTest" file="/var/www/html/tests/unit/BuildingTypeTest.php" line="457" assertions="5" time="0.004972"/>
        <testcase name="testCityEffectMarket" class="App\Tests\BuildingTypeTest" classname="App.Tests.BuildingTypeTest" file="/var/www/html/tests/unit/BuildingTypeTest.php" line="268" assertions="1" time="0.024259"/>
        <testcase name="testCityEffectGranary" class="App\Tests\BuildingTypeTest" classname="App.Tests.BuildingTypeTest" file="/var/www/html/tests/unit/BuildingTypeTest.php" line="106" assertions="2" time="0.016427"/>
        <testcase name="testCityEffectNoEffect" class="App\Tests\BuildingTypeTest" classname="App.Tests.BuildingTypeTest" file="/var/www/html/tests/unit/BuildingTypeTest.php" line="405" assertions="6" time="0.014636"/>
        <testcase name="testCityEffectTemple" class="App\Tests\BuildingTypeTest" classname="App.Tests.BuildingTypeTest" file="/var/www/html/tests/unit/BuildingTypeTest.php" line="135" assertions="2" time="0.013986"/>
        <testcase name="testGetExistingBuildingType" class="App\Tests\BuildingTypeTest" classname="App.Tests.BuildingTypeTest" file="/var/www/html/tests/unit/BuildingTypeTest.php" line="19" assertions="5" time="0.002738"/>
        <testcase name="testCityEffectLibrary" class="App\Tests\BuildingTypeTest" classname="App.Tests.BuildingTypeTest" file="/var/www/html/tests/unit/BuildingTypeTest.php" line="225" assertions="1" time="0.019080"/>
        <testcase name="testCityEffectColiseumNegativeDis" class="App\Tests\BuildingTypeTest" classname="App.Tests.BuildingTypeTest" file="/var/www/html/tests/unit/BuildingTypeTest.php" line="359" assertions="3" time="0.014860"/>
        <testcase name="testGetNonExistingBuildingType" class="App\Tests\BuildingTypeTest" classname="App.Tests.BuildingTypeTest" file="/var/www/html/tests/unit/BuildingTypeTest.php" line="35" assertions="1" time="0.000683"/>
        <testcase name="testConstructor" class="App\Tests\BuildingTypeTest" classname="App.Tests.BuildingTypeTest" file="/var/www/html/tests/unit/BuildingTypeTest.php" line="45" assertions="13" time="0.001190"/>
        <testcase name="testGetTitle" class="App\Tests\BuildingTypeTest" classname="App.Tests.BuildingTypeTest" file="/var/www/html/tests/unit/BuildingTypeTest.php" line="84" assertions="1" time="0.003766"/>
        <testcase name="testCityEffectTempleNegativeNorm" class="App\Tests\BuildingTypeTest" classname="App.Tests.BuildingTypeTest" file="/var/www/html/tests/unit/BuildingTypeTest.php" line="180" assertions="2" time="0.016317"/>
        <testcase name="testCityEffectColiseum" class="App\Tests\BuildingTypeTest" classname="App.Tests.BuildingTypeTest" file="/var/www/html/tests/unit/BuildingTypeTest.php" line="309" assertions="3" time="0.014689"/>
      </testsuite>
      <testsuite name="App\Tests\CellTest" file="/var/www/html/tests/unit/CellTest.php" tests="9" assertions="50" errors="1" warnings="0" failures="0" skipped="0" time="16.043983">
        <testcase name="testConstructorWithoutOwner" class="App\Tests\CellTest" classname="App.Tests.CellTest" file="/var/www/html/tests/unit/CellTest.php" line="98" assertions="4" time="0.818212"/>
        <testcase name="testGetWork" class="App\Tests\CellTest" classname="App.Tests.CellTest" file="/var/www/html/tests/unit/CellTest.php" line="339" assertions="4" time="0.953546"/>
        <testcase name="testGenerateMap" class="App\Tests\CellTest" classname="App.Tests.CellTest" file="/var/www/html/tests/unit/CellTest.php" line="532" assertions="27" time="0.821816"/>
        <testcase name="testGetUnits" class="App\Tests\CellTest" classname="App.Tests.CellTest" file="/var/www/html/tests/unit/CellTest.php" line="408" assertions="4" time="1.078325"/>
        <testcase name="testGetMoney" class="App\Tests\CellTest" classname="App.Tests.CellTest" file="/var/www/html/tests/unit/CellTest.php" line="385" assertions="4" time="3.465386"/>
        <testcase name="testGetTitle" class="App\Tests\CellTest" classname="App.Tests.CellTest" file="/var/www/html/tests/unit/CellTest.php" line="126" assertions="2" time="2.265017"/>
        <testcase name="testGetEat" class="App\Tests\CellTest" classname="App.Tests.CellTest" file="/var/www/html/tests/unit/CellTest.php" line="362" assertions="4" time="2.787230"/>
        <testcase name="testGetNonExistingCell" class="App\Tests\CellTest" classname="App.Tests.CellTest" file="/var/www/html/tests/unit/CellTest.php" line="49" assertions="1" time="2.122082"/>
        <testcase name="testGetPlanet" class="App\Tests\CellTest" classname="App.Tests.CellTest" file="/var/www/html/tests/unit/CellTest.php" line="143" assertions="0" time="1.732369">
          <error type="PDOException">App\Tests\CellTest::testGetPlanet
PDOException: SQLSTATE[42S02]: Base table or view not found: 1146 Table 'civ_for_tests.game' doesn't exist

/var/www/html/src/MyDB.php:150
/var/www/html/src/Game.php:144
/var/www/html/tests/Factory/TestDataFactory.php:39
/var/www/html/tests/unit/CellTest.php:145</error>
        </testcase>
      </testsuite>
    </testsuite>
  </testsuite>
</testsuites>
