<?xml version="1.0" encoding="UTF-8"?>
<testsuites>
  <testsuite name="" tests="1" assertions="0" errors="1" warnings="0" failures="0" skipped="0" time="0.000000">
    <testsuite name="Unit Tests" tests="1" assertions="0" errors="1" warnings="0" failures="0" skipped="0" time="0.000000">
      <testsuite name="AdminBuildingTypeTest" file="/var/www/html/tests/unit/AdminBuildingTypeTest.php" tests="1" assertions="0" errors="1" warnings="0" failures="0" skipped="0" time="0.000000">
        <testcase name="testGetAllBuildingTypes" class="AdminBuildingTypeTest" classname="AdminBuildingTypeTest" file="/var/www/html/tests/unit/AdminBuildingTypeTest.php" line="7" assertions="0" time="0.000000">
          <error type="Error">AdminBuildingTypeTest::testGetAllBuildingTypes
Error: Access to undeclared static property UnitType::$_all

/var/www/html/classes/UnitType.class.php:252
/var/www/html/tests/mocks/DatabaseTestAdapter.php:82
/var/www/html/tests/TestBase.php:33</error>
        </testcase>
      </testsuite>
    </testsuite>
  </testsuite>
</testsuites>
