<?xml version="1.0" encoding="UTF-8"?>
<testsuites>
  <testsuite name="" tests="37" assertions="158" errors="0" warnings="0" failures="1" skipped="0" time="2.082068">
    <testsuite name="Unit Tests" tests="37" assertions="158" errors="0" warnings="0" failures="1" skipped="0" time="2.082068">
      <testsuite name="BuildingTest" file="I:\pr1\html\tests\unit\BuildingTest.php" tests="9" assertions="51" errors="0" warnings="0" failures="0" skipped="0" time="0.016449">
        <testcase name="testSaveNew" class="BuildingTest" classname="BuildingTest" file="I:\pr1\html\tests\unit\BuildingTest.php" line="121" assertions="4" time="0.007262"/>
        <testcase name="testSaveUpdate" class="BuildingTest" classname="BuildingTest" file="I:\pr1\html\tests\unit\BuildingTest.php" line="163" assertions="3" time="0.000973"/>
        <testcase name="testBuildingCache" class="BuildingTest" classname="BuildingTest" file="I:\pr1\html\tests\unit\BuildingTest.php" line="209" assertions="2" time="0.001312"/>
        <testcase name="testBuildingCityRelation" class="BuildingTest" classname="BuildingTest" file="I:\pr1\html\tests\unit\BuildingTest.php" line="249" assertions="4" time="0.000755"/>
        <testcase name="testDifferentBuildingTypes" class="BuildingTest" classname="BuildingTest" file="I:\pr1\html\tests\unit\BuildingTest.php" line="321" assertions="20" time="0.002950"/>
        <testcase name="testGetTitle" class="BuildingTest" classname="BuildingTest" file="I:\pr1\html\tests\unit\BuildingTest.php" line="86" assertions="3" time="0.000957"/>
        <testcase name="testGetExistingBuilding" class="BuildingTest" classname="BuildingTest" file="I:\pr1\html\tests\unit\BuildingTest.php" line="13" assertions="6" time="0.000796"/>
        <testcase name="testConstructor" class="BuildingTest" classname="BuildingTest" file="I:\pr1\html\tests\unit\BuildingTest.php" line="51" assertions="5" time="0.000740"/>
        <testcase name="testBuildingTypeRelation" class="BuildingTest" classname="BuildingTest" file="I:\pr1\html\tests\unit\BuildingTest.php" line="285" assertions="4" time="0.000705"/>
      </testsuite>
      <testsuite name="CityTest" file="I:\pr1\html\tests\unit\CityTest.php" tests="17" assertions="63" errors="0" warnings="0" failures="0" skipped="0" time="0.070069">
        <testcase name="testCityResources" class="CityTest" classname="CityTest" file="I:\pr1\html\tests\unit\CityTest.php" line="402" assertions="2" time="0.000604"/>
        <testcase name="testCityCache" class="CityTest" classname="CityTest" file="I:\pr1\html\tests\unit\CityTest.php" line="429" assertions="3" time="0.000816"/>
        <testcase name="testNewCity" class="CityTest" classname="CityTest" file="I:\pr1\html\tests\unit\CityTest.php" line="206" assertions="9" time="0.006495"/>
        <testcase name="testCalculateProduction" class="CityTest" classname="CityTest" file="I:\pr1\html\tests\unit\CityTest.php" line="238" assertions="4" time="0.007744"/>
        <testcase name="testGetPossibleBuildings" class="CityTest" classname="CityTest" file="I:\pr1\html\tests\unit\CityTest.php" line="335" assertions="1" time="0.010328"/>
        <testcase name="testCoastalCity" class="CityTest" classname="CityTest" file="I:\pr1\html\tests\unit\CityTest.php" line="374" assertions="1" time="0.006741"/>
        <testcase name="testCreateUnit" class="CityTest" classname="CityTest" file="I:\pr1\html\tests\unit\CityTest.php" line="313" assertions="2" time="0.008983"/>
        <testcase name="testLocatePeople" class="CityTest" classname="CityTest" file="I:\pr1\html\tests\unit\CityTest.php" line="267" assertions="3" time="0.007017"/>
        <testcase name="testGetCityCells" class="CityTest" classname="CityTest" file="I:\pr1\html\tests\unit\CityTest.php" line="353" assertions="2" time="0.007695"/>
        <testcase name="testCalculatePeople" class="CityTest" classname="CityTest" file="I:\pr1\html\tests\unit\CityTest.php" line="289" assertions="8" time="0.006483"/>
        <testcase name="testGetExistingCity" class="CityTest" classname="CityTest" file="I:\pr1\html\tests\unit\CityTest.php" line="13" assertions="7" time="0.000859"/>
        <testcase name="testByCoordsExisting" class="CityTest" classname="CityTest" file="I:\pr1\html\tests\unit\CityTest.php" line="45" assertions="2" time="0.001406"/>
        <testcase name="testByCoordsNonExisting" class="CityTest" classname="CityTest" file="I:\pr1\html\tests\unit\CityTest.php" line="70" assertions="1" time="0.000754"/>
        <testcase name="testConstruct" class="CityTest" classname="CityTest" file="I:\pr1\html\tests\unit\CityTest.php" line="80" assertions="9" time="0.000676"/>
        <testcase name="testSaveNew" class="CityTest" classname="CityTest" file="I:\pr1\html\tests\unit\CityTest.php" line="113" assertions="5" time="0.001512"/>
        <testcase name="testSaveUpdate" class="CityTest" classname="CityTest" file="I:\pr1\html\tests\unit\CityTest.php" line="148" assertions="3" time="0.001313"/>
        <testcase name="testGetTitle" class="CityTest" classname="CityTest" file="I:\pr1\html\tests\unit\CityTest.php" line="185" assertions="1" time="0.000644"/>
      </testsuite>
      <testsuite name="CreateGameTest" file="I:\pr1\html\tests\unit\CreateGameTest.php" tests="11" assertions="44" errors="0" warnings="0" failures="1" skipped="0" time="1.995550">
        <testcase name="testDuplicatePlayerNames" class="CreateGameTest" classname="CreateGameTest" file="I:\pr1\html\tests\unit\CreateGameTest.php" line="192" assertions="3" time="0.001726"/>
        <testcase name="testTooSmallMapSize" class="CreateGameTest" classname="CreateGameTest" file="I:\pr1\html\tests\unit\CreateGameTest.php" line="208" assertions="3" time="0.000868"/>
        <testcase name="testTooLargeMapSize" class="CreateGameTest" classname="CreateGameTest" file="I:\pr1\html\tests\unit\CreateGameTest.php" line="226" assertions="3" time="0.000825"/>
        <testcase name="testTooManyPlayers" class="CreateGameTest" classname="CreateGameTest" file="I:\pr1\html\tests\unit\CreateGameTest.php" line="244" assertions="3" time="0.000818"/>
        <testcase name="testDataPreservationOnError" class="CreateGameTest" classname="CreateGameTest" file="I:\pr1\html\tests\unit\CreateGameTest.php" line="268" assertions="12" time="0.001144"/>
        <testcase name="testNoPostData" class="CreateGameTest" classname="CreateGameTest" file="I:\pr1\html\tests\unit\CreateGameTest.php" line="430" assertions="7" time="0.000732"/>
        <testcase name="testEmptyGameName" class="CreateGameTest" classname="CreateGameTest" file="I:\pr1\html\tests\unit\CreateGameTest.php" line="153" assertions="3" time="0.000936"/>
        <testcase name="testCreateBasicGame" class="CreateGameTest" classname="CreateGameTest" file="I:\pr1\html\tests\unit\CreateGameTest.php" line="13" assertions="6" time="0.000700"/>
        <testcase name="testCreateConcurrentGame" class="CreateGameTest" classname="CreateGameTest" file="I:\pr1\html\tests\unit\CreateGameTest.php" line="74" assertions="2" time="0.000626"/>
        <testcase name="testCreateOneWindowGame" class="CreateGameTest" classname="CreateGameTest" file="I:\pr1\html\tests\unit\CreateGameTest.php" line="116" assertions="1" time="0.000614"/>
        <testcase name="testPlayerColorGeneration" class="CreateGameTest" classname="CreateGameTest" file="I:\pr1\html\tests\unit\CreateGameTest.php" line="359" assertions="1" time="1.986560">
          <failure type="PHPUnit\Framework\ExpectationFailedException">CreateGameTest::testPlayerColorGeneration
Страница не должна содержать ошибок: Ошибка при создании игры: Attempt to read property "id" on false
Failed asserting that true is false.

I:\pr1\html\tests\FunctionalTestBase.php:152
I:\pr1\html\tests\unit\CreateGameTest.php:366</failure>
        </testcase>
      </testsuite>
    </testsuite>
  </testsuite>
</testsuites>
