<?xml version="1.0" encoding="UTF-8"?>
<testsuites>
  <testsuite name="I:\pr1\html\tests" tests="313" assertions="1345" errors="0" warnings="0" failures="0" skipped="0" time="256.812621">
    <testsuite name="PageInfoTest" file="I:\pr1\html\tests\integration\PageInfoTest.php" tests="2" assertions="2" errors="0" warnings="0" failures="0" skipped="0" time="0.043282">
      <testcase name="testCellInfoPage" class="PageInfoTest" classname="PageInfoTest" file="I:\pr1\html\tests\integration\PageInfoTest.php" line="16" assertions="1" time="0.033543"/>
      <testcase name="testTurnInfoPage" class="PageInfoTest" classname="PageInfoTest" file="I:\pr1\html\tests\integration\PageInfoTest.php" line="46" assertions="1" time="0.009738"/>
    </testsuite>
    <testsuite name="AdminBuildingTypeTest" file="I:\pr1\html\tests\unit\AdminBuildingTypeTest.php" tests="7" assertions="25" errors="0" warnings="0" failures="0" skipped="0" time="0.05412">
      <testcase name="testGetAllBuildingTypes" class="AdminBuildingTypeTest" classname="AdminBuildingTypeTest" file="I:\pr1\html\tests\unit\AdminBuildingTypeTest.php" line="7" assertions="6" time="0.013347"/>
      <testcase name="testSaveNewBuildingType" class="AdminBuildingTypeTest" classname="AdminBuildingTypeTest" file="I:\pr1\html\tests\unit\AdminBuildingTypeTest.php" line="45" assertions="2" time="0.007017"/>
      <testcase name="testUpdateBuildingType" class="AdminBuildingTypeTest" classname="AdminBuildingTypeTest" file="I:\pr1\html\tests\unit\AdminBuildingTypeTest.php" line="61" assertions="2" time="0.008666"/>
      <testcase name="testDeleteBuildingType" class="AdminBuildingTypeTest" classname="AdminBuildingTypeTest" file="I:\pr1\html\tests\unit\AdminBuildingTypeTest.php" line="81" assertions="1" time="0.008438"/>
      <testcase name="testGetBuildingTypeById" class="AdminBuildingTypeTest" classname="AdminBuildingTypeTest" file="I:\pr1\html\tests\unit\AdminBuildingTypeTest.php" line="96" assertions="3" time="0.007328"/>
      <testcase name="testJsonFieldsHandling" class="AdminBuildingTypeTest" classname="AdminBuildingTypeTest" file="I:\pr1\html\tests\unit\AdminBuildingTypeTest.php" line="110" assertions="3" time="0.004208"/>
      <testcase name="testBuildingTypeProperties" class="AdminBuildingTypeTest" classname="AdminBuildingTypeTest" file="I:\pr1\html\tests\unit\AdminBuildingTypeTest.php" line="126" assertions="8" time="0.005116"/>
    </testsuite>
    <testsuite name="MapVPageTest" file="I:\pr1\html\tests\integration\MapVPageTest.php" tests="1" assertions="3" errors="0" warnings="0" failures="0" skipped="0" time="0.479485">
      <testcase name="testMapVPageLoadsWithoutErrors" class="MapVPageTest" classname="MapVPageTest" file="I:\pr1\html\tests\integration\MapVPageTest.php" line="16" assertions="3" time="0.479485"/>
    </testsuite>
    <testsuite name="AdminUnitTypeTest" file="I:\pr1\html\tests\unit\AdminUnitTypeTest.php" tests="6" assertions="17" errors="0" warnings="0" failures="0" skipped="0" time="0.047688">
      <testcase name="testSaveNewUnitType" class="AdminUnitTypeTest" classname="AdminUnitTypeTest" file="I:\pr1\html\tests\unit\AdminUnitTypeTest.php" line="53" assertions="2" time="0.013958"/>
      <testcase name="testGetUnitTypeById" class="AdminUnitTypeTest" classname="AdminUnitTypeTest" file="I:\pr1\html\tests\unit\AdminUnitTypeTest.php" line="105" assertions="3" time="0.005942"/>
      <testcase name="testJsonFieldsHandling" class="AdminUnitTypeTest" classname="AdminUnitTypeTest" file="I:\pr1\html\tests\unit\AdminUnitTypeTest.php" line="119" assertions="3" time="0.004504"/>
      <testcase name="testGetAllUnitTypes" class="AdminUnitTypeTest" classname="AdminUnitTypeTest" file="I:\pr1\html\tests\unit\AdminUnitTypeTest.php" line="7" assertions="6" time="0.007317"/>
      <testcase name="testUpdateUnitType" class="AdminUnitTypeTest" classname="AdminUnitTypeTest" file="I:\pr1\html\tests\unit\AdminUnitTypeTest.php" line="71" assertions="2" time="0.007803"/>
      <testcase name="testDeleteUnitType" class="AdminUnitTypeTest" classname="AdminUnitTypeTest" file="I:\pr1\html\tests\unit\AdminUnitTypeTest.php" line="90" assertions="1" time="0.008165"/>
    </testsuite>
    <testsuite name="BuildingTest" file="I:\pr1\html\tests\unit\BuildingTest.php" tests="9" assertions="44" errors="0" warnings="0" failures="0" skipped="0" time="0.196931">
      <testcase name="testCityEffect" class="BuildingTest" classname="BuildingTest" file="I:\pr1\html\tests\unit\BuildingTest.php" line="237" assertions="8" time="0.039833"/>
      <testcase name="testSaveUpdate" class="BuildingTest" classname="BuildingTest" file="I:\pr1\html\tests\unit\BuildingTest.php" line="147" assertions="1" time="0.029706"/>
      <testcase name="testSaveNew" class="BuildingTest" classname="BuildingTest" file="I:\pr1\html\tests\unit\BuildingTest.php" line="115" assertions="4" time="0.018213"/>
      <testcase name="testDifferentBuildingTypes" class="BuildingTest" classname="BuildingTest" file="I:\pr1\html\tests\unit\BuildingTest.php" line="209" assertions="12" time="0.018153"/>
      <testcase name="testCaching" class="BuildingTest" classname="BuildingTest" file="I:\pr1\html\tests\unit\BuildingTest.php" line="183" assertions="1" time="0.017961"/>
      <testcase name="testGetTitle" class="BuildingTest" classname="BuildingTest" file="I:\pr1\html\tests\unit\BuildingTest.php" line="94" assertions="1" time="0.018392"/>
      <testcase name="testGet" class="BuildingTest" classname="BuildingTest" file="I:\pr1\html\tests\unit\BuildingTest.php" line="13" assertions="8" time="0.020209"/>
      <testcase name="testConstructor" class="BuildingTest" classname="BuildingTest" file="I:\pr1\html\tests\unit\BuildingTest.php" line="42" assertions="6" time="0.014773"/>
      <testcase name="testConstructorWithoutId" class="BuildingTest" classname="BuildingTest" file="I:\pr1\html\tests\unit\BuildingTest.php" line="71" assertions="3" time="0.019693"/>
    </testsuite>
    <testsuite name="BuildingTypeTest" file="I:\pr1\html\tests\unit\BuildingTypeTest.php" tests="13" assertions="79" errors="0" warnings="0" failures="0" skipped="0" time="0.180133">
      <testcase name="testCityEffectColiseum" class="BuildingTypeTest" classname="BuildingTypeTest" file="I:\pr1\html\tests\unit\BuildingTypeTest.php" line="239" assertions="3" time="0.033533"/>
      <testcase name="testCityEffectMarket" class="BuildingTypeTest" classname="BuildingTypeTest" file="I:\pr1\html\tests\unit\BuildingTypeTest.php" line="212" assertions="1" time="0.013710"/>
      <testcase name="testGetExistingBuildingType" class="BuildingTypeTest" classname="BuildingTypeTest" file="I:\pr1\html\tests\unit\BuildingTypeTest.php" line="13" assertions="5" time="0.002500"/>
      <testcase name="testGetTitle" class="BuildingTypeTest" classname="BuildingTypeTest" file="I:\pr1\html\tests\unit\BuildingTypeTest.php" line="82" assertions="1" time="0.004201"/>
      <testcase name="testAllPredefinedBuildingTypes" class="BuildingTypeTest" classname="BuildingTypeTest" file="I:\pr1\html\tests\unit\BuildingTypeTest.php" line="342" assertions="39" time="0.001732"/>
      <testcase name="testCityEffectColiseumNegativeDis" class="BuildingTypeTest" classname="BuildingTypeTest" file="I:\pr1\html\tests\unit\BuildingTypeTest.php" line="271" assertions="3" time="0.014222"/>
      <testcase name="testCityEffectTempleNegativeNorm" class="BuildingTypeTest" classname="BuildingTypeTest" file="I:\pr1\html\tests\unit\BuildingTypeTest.php" line="155" assertions="2" time="0.012884"/>
      <testcase name="testGetNonExistingBuildingType" class="BuildingTypeTest" classname="BuildingTypeTest" file="I:\pr1\html\tests\unit\BuildingTypeTest.php" line="29" assertions="1" time="0.007745"/>
      <testcase name="testConstructor" class="BuildingTypeTest" classname="BuildingTypeTest" file="I:\pr1\html\tests\unit\BuildingTypeTest.php" line="41" assertions="14" time="0.004021"/>
      <testcase name="testCityEffectGranary" class="BuildingTypeTest" classname="BuildingTypeTest" file="I:\pr1\html\tests\unit\BuildingTypeTest.php" line="94" assertions="1" time="0.024015"/>
      <testcase name="testCityEffectTemple" class="BuildingTypeTest" classname="BuildingTypeTest" file="I:\pr1\html\tests\unit\BuildingTypeTest.php" line="125" assertions="2" time="0.019827"/>
      <testcase name="testCityEffectLibrary" class="BuildingTypeTest" classname="BuildingTypeTest" file="I:\pr1\html\tests\unit\BuildingTypeTest.php" line="185" assertions="1" time="0.017079"/>
      <testcase name="testCityEffectNoEffect" class="BuildingTypeTest" classname="BuildingTypeTest" file="I:\pr1\html\tests\unit\BuildingTypeTest.php" line="303" assertions="6" time="0.024663"/>
    </testsuite>
    <testsuite name="CellTypeTest" file="I:\pr1\html\tests\unit\CellTypeTest.php" tests="7" assertions="75" errors="0" warnings="0" failures="0" skipped="0" time="0.024947">
      <testcase name="testComplexProperties" class="CellTypeTest" classname="CellTypeTest" file="I:\pr1\html\tests\unit\CellTypeTest.php" line="138" assertions="5" time="0.008394"/>
      <testcase name="testGetExistingCellType" class="CellTypeTest" classname="CellTypeTest" file="I:\pr1\html\tests\unit\CellTypeTest.php" line="13" assertions="9" time="0.006692"/>
      <testcase name="testGetTitle" class="CellTypeTest" classname="CellTypeTest" file="I:\pr1\html\tests\unit\CellTypeTest.php" line="97" assertions="1" time="0.001720"/>
      <testcase name="testAllPredefinedCellTypes" class="CellTypeTest" classname="CellTypeTest" file="I:\pr1\html\tests\unit\CellTypeTest.php" line="109" assertions="45" time="0.001931"/>
      <testcase name="testGetNonExistingCellType" class="CellTypeTest" classname="CellTypeTest" file="I:\pr1\html\tests\unit\CellTypeTest.php" line="33" assertions="1" time="0.002089"/>
      <testcase name="testConstructor" class="CellTypeTest" classname="CellTypeTest" file="I:\pr1\html\tests\unit\CellTypeTest.php" line="45" assertions="11" time="0.002428"/>
      <testcase name="testConstructorWithoutId" class="CellTypeTest" classname="CellTypeTest" file="I:\pr1\html\tests\unit\CellTypeTest.php" line="80" assertions="3" time="0.001694"/>
    </testsuite>
    <testsuite name="CellTest" file="I:\pr1\html\tests\unit\CellTest.php" tests="21" assertions="84" errors="0" warnings="0" failures="0" skipped="0" time="0.794594">
      <testcase name="testGetMissionNeedPoints" class="CellTest" classname="CellTest" file="I:\pr1\html\tests\unit\CellTest.php" line="435" assertions="1" time="0.024458"/>
      <testcase name="testGetMoney" class="CellTest" classname="CellTest" file="I:\pr1\html\tests\unit\CellTest.php" line="363" assertions="4" time="0.038717"/>
      <testcase name="testGetExistingCell" class="CellTest" classname="CellTest" file="I:\pr1\html\tests\unit\CellTest.php" line="13" assertions="6" time="0.033840"/>
      <testcase name="testGetEat" class="CellTest" classname="CellTest" file="I:\pr1\html\tests\unit\CellTest.php" line="340" assertions="4" time="0.051107"/>
      <testcase name="testClearCache" class="CellTest" classname="CellTest" file="I:\pr1\html\tests\unit\CellTest.php" line="461" assertions="3" time="0.020800"/>
      <testcase name="testGetCellsAround" class="CellTest" classname="CellTest" file="I:\pr1\html\tests\unit\CellTest.php" line="291" assertions="4" time="0.088667"/>
      <testcase name="testGetNonExistingCell" class="CellTest" classname="CellTest" file="I:\pr1\html\tests\unit\CellTest.php" line="32" assertions="1" time="0.006665"/>
      <testcase name="testConstructor" class="CellTest" classname="CellTest" file="I:\pr1\html\tests\unit\CellTest.php" line="45" assertions="9" time="0.011551"/>
      <testcase name="testConstructorWithoutOwner" class="CellTest" classname="CellTest" file="I:\pr1\html\tests\unit\CellTest.php" line="81" assertions="4" time="0.008523"/>
      <testcase name="testGetTitle" class="CellTest" classname="CellTest" file="I:\pr1\html\tests\unit\CellTest.php" line="109" assertions="2" time="0.012998"/>
      <testcase name="testGetPlanet" class="CellTest" classname="CellTest" file="I:\pr1\html\tests\unit\CellTest.php" line="126" assertions="2" time="0.014046"/>
      <testcase name="testSaveNew" class="CellTest" classname="CellTest" file="I:\pr1\html\tests\unit\CellTest.php" line="144" assertions="6" time="0.013662"/>
      <testcase name="testSaveUpdate" class="CellTest" classname="CellTest" file="I:\pr1\html\tests\unit\CellTest.php" line="182" assertions="4" time="0.023397"/>
      <testcase name="testCalcCoord" class="CellTest" classname="CellTest" file="I:\pr1\html\tests\unit\CellTest.php" line="215" assertions="6" time="0.003605"/>
      <testcase name="testCalcDistance" class="CellTest" classname="CellTest" file="I:\pr1\html\tests\unit\CellTest.php" line="250" assertions="3" time="0.002557"/>
      <testcase name="testDCoord" class="CellTest" classname="CellTest" file="I:\pr1\html\tests\unit\CellTest.php" line="271" assertions="4" time="0.097760"/>
      <testcase name="testGetWork" class="CellTest" classname="CellTest" file="I:\pr1\html\tests\unit\CellTest.php" line="317" assertions="4" time="0.015019"/>
      <testcase name="testGetUnits" class="CellTest" classname="CellTest" file="I:\pr1\html\tests\unit\CellTest.php" line="386" assertions="4" time="0.018841"/>
      <testcase name="testLoadCells" class="CellTest" classname="CellTest" file="I:\pr1\html\tests\unit\CellTest.php" line="410" assertions="3" time="0.025510"/>
      <testcase name="testGenerateType" class="CellTest" classname="CellTest" file="I:\pr1\html\tests\unit\CellTest.php" line="483" assertions="3" time="0.248853"/>
      <testcase name="testGenerateMap" class="CellTest" classname="CellTest" file="I:\pr1\html\tests\unit\CellTest.php" line="510" assertions="7" time="0.034018"/>
    </testsuite>
    <testsuite name="CityTest" file="I:\pr1\html\tests\unit\CityTest.php" tests="18" assertions="33" errors="0" warnings="0" failures="0" skipped="0" time="0.328891">
      <testcase name="testCheckMood" class="CityTest" classname="CityTest" file="I:\pr1\html\tests\unit\CityTest.php" line="274" assertions="2" time="0.033589"/>
      <testcase name="testAddPeople" class="CityTest" classname="CityTest" file="I:\pr1\html\tests\unit\CityTest.php" line="185" assertions="1" time="0.016666"/>
      <testcase name="testCreateUnit" class="CityTest" classname="CityTest" file="I:\pr1\html\tests\unit\CityTest.php" line="224" assertions="5" time="0.017035"/>
      <testcase name="testCreateBuilding" class="CityTest" classname="CityTest" file="I:\pr1\html\tests\unit\CityTest.php" line="242" assertions="3" time="0.016954"/>
      <testcase name="testConstructor" class="CityTest" classname="CityTest" file="I:\pr1\html\tests\unit\CityTest.php" line="44" assertions="4" time="0.013560"/>
      <testcase name="testCalculateMoney" class="CityTest" classname="CityTest" file="I:\pr1\html\tests\unit\CityTest.php" line="144" assertions="1" time="0.017777"/>
      <testcase name="testCalculateResearch" class="CityTest" classname="CityTest" file="I:\pr1\html\tests\unit\CityTest.php" line="157" assertions="1" time="0.017871"/>
      <testcase name="testCalculateWork" class="CityTest" classname="CityTest" file="I:\pr1\html\tests\unit\CityTest.php" line="131" assertions="1" time="0.016726"/>
      <testcase name="testGetTitle" class="CityTest" classname="CityTest" file="I:\pr1\html\tests\unit\CityTest.php" line="75" assertions="1" time="0.014407"/>
      <testcase name="testByCoords" class="CityTest" classname="CityTest" file="I:\pr1\html\tests\unit\CityTest.php" line="64" assertions="2" time="0.013371"/>
      <testcase name="testGetCultureCells" class="CityTest" classname="CityTest" file="I:\pr1\html\tests\unit\CityTest.php" line="86" assertions="2" time="0.020095"/>
      <testcase name="testGetPossibleUnits" class="CityTest" classname="CityTest" file="I:\pr1\html\tests\unit\CityTest.php" line="103" assertions="2" time="0.021774"/>
      <testcase name="testCalculateEat" class="CityTest" classname="CityTest" file="I:\pr1\html\tests\unit\CityTest.php" line="116" assertions="1" time="0.017025"/>
      <testcase name="testCalculateCulture" class="CityTest" classname="CityTest" file="I:\pr1\html\tests\unit\CityTest.php" line="170" assertions="2" time="0.017694"/>
      <testcase name="testRemovePeople" class="CityTest" classname="CityTest" file="I:\pr1\html\tests\unit\CityTest.php" line="197" assertions="1" time="0.020964"/>
      <testcase name="testSave" class="CityTest" classname="CityTest" file="I:\pr1\html\tests\unit\CityTest.php" line="209" assertions="1" time="0.018822"/>
      <testcase name="testCalculateBuildings" class="CityTest" classname="CityTest" file="I:\pr1\html\tests\unit\CityTest.php" line="258" assertions="1" time="0.017114"/>
      <testcase name="testSelectNextProduction" class="CityTest" classname="CityTest" file="I:\pr1\html\tests\unit\CityTest.php" line="291" assertions="2" time="0.017447"/>
    </testsuite>
    <testsuite name="DatabaseConfigTest" file="I:\pr1\html\tests\unit\DatabaseConfigTest.php" tests="7" assertions="33" errors="0" warnings="0" failures="0" skipped="0" time="1.680651">
      <testcase name="testTestTablesCreation" class="DatabaseConfigTest" classname="DatabaseConfigTest" file="I:\pr1\html\tests\unit\DatabaseConfigTest.php" line="90" assertions="5" time="0.010543"/>
      <testcase name="testTestDatabaseConfiguration" class="DatabaseConfigTest" classname="DatabaseConfigTest" file="I:\pr1\html\tests\unit\DatabaseConfigTest.php" line="11" assertions="6" time="0.002236"/>
      <testcase name="testDatabaseConfigurationSeparation" class="DatabaseConfigTest" classname="DatabaseConfigTest" file="I:\pr1\html\tests\unit\DatabaseConfigTest.php" line="64" assertions="3" time="0.003324"/>
      <testcase name="testTestDataOperations" class="DatabaseConfigTest" classname="DatabaseConfigTest" file="I:\pr1\html\tests\unit\DatabaseConfigTest.php" line="109" assertions="5" time="0.009458"/>
      <testcase name="testTestDataCleanup" class="DatabaseConfigTest" classname="DatabaseConfigTest" file="I:\pr1\html\tests\unit\DatabaseConfigTest.php" line="157" assertions="4" time="1.512058"/>
      <testcase name="testTransactionHandling" class="DatabaseConfigTest" classname="DatabaseConfigTest" file="I:\pr1\html\tests\unit\DatabaseConfigTest.php" line="203" assertions="2" time="0.037415"/>
      <testcase name="testGameAndUserMocks" class="DatabaseConfigTest" classname="DatabaseConfigTest" file="I:\pr1\html\tests\unit\DatabaseConfigTest.php" line="232" assertions="8" time="0.105616"/>
    </testsuite>
    <testsuite name="MapActionsIntegrationTest" file="I:\pr1\html\tests\integration\MapActionsIntegrationTest.php" tests="6" assertions="36" errors="0" warnings="0" failures="0" skipped="0" time="22.180632">
      <testcase name="testMapBoundaries" class="MapActionsIntegrationTest" classname="MapActionsIntegrationTest" file="I:\pr1\html\tests\integration\MapActionsIntegrationTest.php" line="324" assertions="10" time="1.659000"/>
      <testcase name="testCityFoundation" class="MapActionsIntegrationTest" classname="MapActionsIntegrationTest" file="I:\pr1\html\tests\integration\MapActionsIntegrationTest.php" line="89" assertions="6" time="9.126821"/>
      <testcase name="testMapScrolling" class="MapActionsIntegrationTest" classname="MapActionsIntegrationTest" file="I:\pr1\html\tests\integration\MapActionsIntegrationTest.php" line="141" assertions="6" time="2.161492"/>
      <testcase name="testMapLoadingWithUnits" class="MapActionsIntegrationTest" classname="MapActionsIntegrationTest" file="I:\pr1\html\tests\integration\MapActionsIntegrationTest.php" line="189" assertions="4" time="2.032573"/>
      <testcase name="testMapLoadingWithCity" class="MapActionsIntegrationTest" classname="MapActionsIntegrationTest" file="I:\pr1\html\tests\integration\MapActionsIntegrationTest.php" line="254" assertions="5" time="5.502939"/>
      <testcase name="testUnitMovement" class="MapActionsIntegrationTest" classname="MapActionsIntegrationTest" file="I:\pr1\html\tests\integration\MapActionsIntegrationTest.php" line="27" assertions="5" time="1.697806"/>
    </testsuite>
    <testsuite name="EditGameTest" file="I:\pr1\html\tests\unit\EditGameTest.php" tests="17" assertions="58" errors="0" warnings="0" failures="0" skipped="0" time="0.236465">
      <testcase name="testEditNonExistentGame" class="EditGameTest" classname="EditGameTest" file="I:\pr1\html\tests\unit\EditGameTest.php" line="338" assertions="2" time="0.015422"/>
      <testcase name="testVeryLongStringsInEdit" class="EditGameTest" classname="EditGameTest" file="I:\pr1\html\tests\unit\EditGameTest.php" line="490" assertions="4" time="0.015671"/>
      <testcase name="testMultipleValidationErrors" class="EditGameTest" classname="EditGameTest" file="I:\pr1\html\tests\unit\EditGameTest.php" line="544" assertions="3" time="0.012918"/>
      <testcase name="testLoadGameDataForEditing" class="EditGameTest" classname="EditGameTest" file="I:\pr1\html\tests\unit\EditGameTest.php" line="187" assertions="6" time="0.016141"/>
      <testcase name="testEditWithInvalidTurnType" class="EditGameTest" classname="EditGameTest" file="I:\pr1\html\tests\unit\EditGameTest.php" line="307" assertions="2" time="0.014247"/>
      <testcase name="testEditBasicGameParameters" class="EditGameTest" classname="EditGameTest" file="I:\pr1\html\tests\unit\EditGameTest.php" line="32" assertions="6" time="0.016173"/>
      <testcase name="testGameNotChangedOnValidationError" class="EditGameTest" classname="EditGameTest" file="I:\pr1\html\tests\unit\EditGameTest.php" line="572" assertions="5" time="0.013192"/>
      <testcase name="testDataPreservationOnValidationError" class="EditGameTest" classname="EditGameTest" file="I:\pr1\html\tests\unit\EditGameTest.php" line="396" assertions="6" time="0.012238"/>
      <testcase name="testEditWithEmptyName" class="EditGameTest" classname="EditGameTest" file="I:\pr1\html\tests\unit\EditGameTest.php" line="234" assertions="2" time="0.012378"/>
      <testcase name="testXSSInEditedGameName" class="EditGameTest" classname="EditGameTest" file="I:\pr1\html\tests\unit\EditGameTest.php" line="452" assertions="2" time="0.018319"/>
      <testcase name="testEditGameNameOnly" class="EditGameTest" classname="EditGameTest" file="I:\pr1\html\tests\unit\EditGameTest.php" line="84" assertions="4" time="0.013312"/>
      <testcase name="testEditMapSize" class="EditGameTest" classname="EditGameTest" file="I:\pr1\html\tests\unit\EditGameTest.php" line="122" assertions="3" time="0.017758"/>
      <testcase name="testEditWithInvalidMapSize" class="EditGameTest" classname="EditGameTest" file="I:\pr1\html\tests\unit\EditGameTest.php" line="261" assertions="4" time="0.015847"/>
      <testcase name="testEditTurnType" class="EditGameTest" classname="EditGameTest" file="I:\pr1\html\tests\unit\EditGameTest.php" line="153" assertions="6" time="0.032492"/>
      <testcase name="testLoadGameWithoutId" class="EditGameTest" classname="EditGameTest" file="I:\pr1\html\tests\unit\EditGameTest.php" line="19" assertions="1" time="0.003305"/>
      <testcase name="testEditWithoutGameId" class="EditGameTest" classname="EditGameTest" file="I:\pr1\html\tests\unit\EditGameTest.php" line="378" assertions="1" time="0.002153"/>
      <testcase name="testLoadNonExistentGameForEditing" class="EditGameTest" classname="EditGameTest" file="I:\pr1\html\tests\unit\EditGameTest.php" line="531" assertions="1" time="0.004897"/>
    </testsuite>
    <testsuite name="EventTest" file="I:\pr1\html\tests\unit\EventTest.php" tests="10" assertions="56" errors="0" warnings="0" failures="0" skipped="0" time="0.579964">
      <testcase name="testGetTitle" class="EventTest" classname="EventTest" file="I:\pr1\html\tests\unit\EventTest.php" line="269" assertions="4" time="0.116643"/>
      <testcase name="testGetText" class="EventTest" classname="EventTest" file="I:\pr1\html\tests\unit\EventTest.php" line="315" assertions="7" time="0.091276"/>
      <testcase name="testConstructorCityBuilding" class="EventTest" classname="EventTest" file="I:\pr1\html\tests\unit\EventTest.php" line="66" assertions="8" time="0.065433"/>
      <testcase name="testSaveWithSource" class="EventTest" classname="EventTest" file="I:\pr1\html\tests\unit\EventTest.php" line="161" assertions="6" time="0.048771"/>
      <testcase name="testConstructorCityUnit" class="EventTest" classname="EventTest" file="I:\pr1\html\tests\unit\EventTest.php" line="97" assertions="8" time="0.052547"/>
      <testcase name="testRemove" class="EventTest" classname="EventTest" file="I:\pr1\html\tests\unit\EventTest.php" line="234" assertions="1" time="0.065690"/>
      <testcase name="testGet" class="EventTest" classname="EventTest" file="I:\pr1\html\tests\unit\EventTest.php" line="11" assertions="8" time="0.074357"/>
      <testcase name="testConstructorResearch" class="EventTest" classname="EventTest" file="I:\pr1\html\tests\unit\EventTest.php" line="39" assertions="7" time="0.021878"/>
      <testcase name="testSaveNew" class="EventTest" classname="EventTest" file="I:\pr1\html\tests\unit\EventTest.php" line="128" assertions="6" time="0.019303"/>
      <testcase name="testSaveUpdate" class="EventTest" classname="EventTest" file="I:\pr1\html\tests\unit\EventTest.php" line="197" assertions="1" time="0.024068"/>
    </testsuite>
    <testsuite name="MessageTest" file="I:\pr1\html\tests\unit\MessageTest.php" tests="7" assertions="38" errors="0" warnings="0" failures="0" skipped="0" time="0.092399">
      <testcase name="testConstructorWithFullData" class="MessageTest" classname="MessageTest" file="I:\pr1\html\tests\unit\MessageTest.php" line="11" assertions="7" time="0.030658"/>
      <testcase name="testConstructorWithoutFrom" class="MessageTest" classname="MessageTest" file="I:\pr1\html\tests\unit\MessageTest.php" line="39" assertions="6" time="0.008444"/>
      <testcase name="testConstructorWithoutTo" class="MessageTest" classname="MessageTest" file="I:\pr1\html\tests\unit\MessageTest.php" line="64" assertions="6" time="0.012388"/>
      <testcase name="testSaveNew" class="MessageTest" classname="MessageTest" file="I:\pr1\html\tests\unit\MessageTest.php" line="89" assertions="6" time="0.016540"/>
      <testcase name="testSaveUpdate" class="MessageTest" classname="MessageTest" file="I:\pr1\html\tests\unit\MessageTest.php" line="123" assertions="3" time="0.013968"/>
      <testcase name="testSaveSystemMessage" class="MessageTest" classname="MessageTest" file="I:\pr1\html\tests\unit\MessageTest.php" line="163" assertions="5" time="0.008353"/>
      <testcase name="testConstructorMinimalData" class="MessageTest" classname="MessageTest" file="I:\pr1\html\tests\unit\MessageTest.php" line="194" assertions="5" time="0.002048"/>
    </testsuite>
    <testsuite name="MissionTypeTest" file="I:\pr1\html\tests\unit\MissionTypeTest.php" tests="5" assertions="13" errors="0" warnings="0" failures="0" skipped="0" time="0.154701">
      <testcase name="testComplete" class="MissionTypeTest" classname="MissionTypeTest" file="I:\pr1\html\tests\unit\MissionTypeTest.php" line="63" assertions="5" time="0.118388"/>
      <testcase name="testGet" class="MissionTypeTest" classname="MissionTypeTest" file="I:\pr1\html\tests\unit\MissionTypeTest.php" line="30" assertions="2" time="0.001894"/>
      <testcase name="testCheckCell" class="MissionTypeTest" classname="MissionTypeTest" file="I:\pr1\html\tests\unit\MissionTypeTest.php" line="43" assertions="3" time="0.030402"/>
      <testcase name="testConstructor" class="MissionTypeTest" classname="MissionTypeTest" file="I:\pr1\html\tests\unit\MissionTypeTest.php" line="16" assertions="2" time="0.002001"/>
      <testcase name="testGetTitle" class="MissionTypeTest" classname="MissionTypeTest" file="I:\pr1\html\tests\unit\MissionTypeTest.php" line="37" assertions="1" time="0.002016"/>
    </testsuite>
    <testsuite name="MyDBTest" file="I:\pr1\html\tests\unit\MyDBTest.php" tests="12" assertions="36" errors="0" warnings="0" failures="0" skipped="0" time="1.248461">
      <testcase name="testQuerySelect" class="MyDBTest" classname="MyDBTest" file="I:\pr1\html\tests\unit\MyDBTest.php" line="38" assertions="4" time="0.076119"/>
      <testcase name="testQuerySelectOutputTypes" class="MyDBTest" classname="MyDBTest" file="I:\pr1\html\tests\unit\MyDBTest.php" line="62" assertions="7" time="0.060777"/>
      <testcase name="testNullHandling" class="MyDBTest" classname="MyDBTest" file="I:\pr1\html\tests\unit\MyDBTest.php" line="186" assertions="1" time="0.060722"/>
      <testcase name="testUpdate" class="MyDBTest" classname="MyDBTest" file="I:\pr1\html\tests\unit\MyDBTest.php" line="135" assertions="2" time="0.194566"/>
      <testcase name="testUpdateWithWhere" class="MyDBTest" classname="MyDBTest" file="I:\pr1\html\tests\unit\MyDBTest.php" line="158" assertions="3" time="0.087179"/>
      <testcase name="testTransactions" class="MyDBTest" classname="MyDBTest" file="I:\pr1\html\tests\unit\MyDBTest.php" line="237" assertions="2" time="0.083290"/>
      <testcase name="testSetDBConfig" class="MyDBTest" classname="MyDBTest" file="I:\pr1\html\tests\unit\MyDBTest.php" line="13" assertions="5" time="0.002381"/>
      <testcase name="testGet" class="MyDBTest" classname="MyDBTest" file="I:\pr1\html\tests\unit\MyDBTest.php" line="27" assertions="2" time="0.002535"/>
      <testcase name="testInsert" class="MyDBTest" classname="MyDBTest" file="I:\pr1\html\tests\unit\MyDBTest.php" line="94" assertions="3" time="0.036492"/>
      <testcase name="testInsertMultiple" class="MyDBTest" classname="MyDBTest" file="I:\pr1\html\tests\unit\MyDBTest.php" line="113" assertions="3" time="0.041660"/>
      <testcase name="testDDLQueries" class="MyDBTest" classname="MyDBTest" file="I:\pr1\html\tests\unit\MyDBTest.php" line="206" assertions="3" time="0.597168"/>
      <testcase name="testErrorHandling" class="MyDBTest" classname="MyDBTest" file="I:\pr1\html\tests\unit\MyDBTest.php" line="227" assertions="1" time="0.005571"/>
    </testsuite>
    <testsuite name="PlanetTest" file="I:\pr1\html\tests\unit\PlanetTest.php" tests="9" assertions="25" errors="0" warnings="0" failures="0" skipped="0" time="0.084412">
      <testcase name="testGetNonExistingPlanet" class="PlanetTest" classname="PlanetTest" file="I:\pr1\html\tests\unit\PlanetTest.php" line="29" assertions="1" time="0.010747"/>
      <testcase name="testSaveNew" class="PlanetTest" classname="PlanetTest" file="I:\pr1\html\tests\unit\PlanetTest.php" line="92" assertions="4" time="0.011971"/>
      <testcase name="testSaveUpdate" class="PlanetTest" classname="PlanetTest" file="I:\pr1\html\tests\unit\PlanetTest.php" line="120" assertions="2" time="0.013093"/>
      <testcase name="testGetExistingPlanet" class="PlanetTest" classname="PlanetTest" file="I:\pr1\html\tests\unit\PlanetTest.php" line="13" assertions="4" time="0.008903"/>
      <testcase name="testGetGame" class="PlanetTest" classname="PlanetTest" file="I:\pr1\html\tests\unit\PlanetTest.php" line="143" assertions="2" time="0.011119"/>
      <testcase name="testClearCache" class="PlanetTest" classname="PlanetTest" file="I:\pr1\html\tests\unit\PlanetTest.php" line="159" assertions="3" time="0.009295"/>
      <testcase name="testConstructor" class="PlanetTest" classname="PlanetTest" file="I:\pr1\html\tests\unit\PlanetTest.php" line="39" assertions="4" time="0.005864"/>
      <testcase name="testConstructorWithoutId" class="PlanetTest" classname="PlanetTest" file="I:\pr1\html\tests\unit\PlanetTest.php" line="62" assertions="3" time="0.009069"/>
      <testcase name="testConstructorWithInvalidData" class="PlanetTest" classname="PlanetTest" file="I:\pr1\html\tests\unit\PlanetTest.php" line="81" assertions="2" time="0.004350"/>
    </testsuite>
    <testsuite name="ResearchTest" file="I:\pr1\html\tests\unit\ResearchTest.php" tests="7" assertions="36" errors="0" warnings="0" failures="0" skipped="0" time="0.082125">
      <testcase name="testSaveNew" class="ResearchTest" classname="ResearchTest" file="I:\pr1\html\tests\unit\ResearchTest.php" line="82" assertions="4" time="0.029003"/>
      <testcase name="testSaveUpdate" class="ResearchTest" classname="ResearchTest" file="I:\pr1\html\tests\unit\ResearchTest.php" line="112" assertions="1" time="0.010179"/>
      <testcase name="testDifferentResearchTypes" class="ResearchTest" classname="ResearchTest" file="I:\pr1\html\tests\unit\ResearchTest.php" line="146" assertions="12" time="0.006549"/>
      <testcase name="testConstructor" class="ResearchTest" classname="ResearchTest" file="I:\pr1\html\tests\unit\ResearchTest.php" line="36" assertions="5" time="0.007140"/>
      <testcase name="testConstructorWithoutId" class="ResearchTest" classname="ResearchTest" file="I:\pr1\html\tests\unit\ResearchTest.php" line="60" assertions="4" time="0.011529"/>
      <testcase name="testGet" class="ResearchTest" classname="ResearchTest" file="I:\pr1\html\tests\unit\ResearchTest.php" line="11" assertions="6" time="0.011208"/>
      <testcase name="testResearchUserRelationship" class="ResearchTest" classname="ResearchTest" file="I:\pr1\html\tests\unit\ResearchTest.php" line="172" assertions="4" time="0.006517"/>
    </testsuite>
    <testsuite name="CreateGameSimpleTest" file="I:\pr1\html\tests\unit\CreateGameSimpleTest.php" tests="11" assertions="55" errors="0" warnings="0" failures="0" skipped="0" time="34.443729">
      <testcase name="testCreateBasicGameClass" class="CreateGameSimpleTest" classname="CreateGameSimpleTest" file="I:\pr1\html\tests\unit\CreateGameSimpleTest.php" line="17" assertions="6" time="4.873221"/>
      <testcase name="testCreateUsersForGame" class="CreateGameSimpleTest" classname="CreateGameSimpleTest" file="I:\pr1\html\tests\unit\CreateGameSimpleTest.php" line="99" assertions="6" time="1.667553"/>
      <testcase name="testCreateGameWithDifferentTurnTypes" class="CreateGameSimpleTest" classname="CreateGameSimpleTest" file="I:\pr1\html\tests\unit\CreateGameSimpleTest.php" line="46" assertions="3" time="1.343059"/>
      <testcase name="testGameList" class="CreateGameSimpleTest" classname="CreateGameSimpleTest" file="I:\pr1\html\tests\unit\CreateGameSimpleTest.php" line="205" assertions="7" time="8.632892"/>
      <testcase name="testHtmlEscapingInGameName" class="CreateGameSimpleTest" classname="CreateGameSimpleTest" file="I:\pr1\html\tests\unit\CreateGameSimpleTest.php" line="300" assertions="1" time="1.372385"/>
      <testcase name="testUserColorGeneration" class="CreateGameSimpleTest" classname="CreateGameSimpleTest" file="I:\pr1\html\tests\unit\CreateGameSimpleTest.php" line="157" assertions="15" time="2.059798"/>
      <testcase name="testCreateGameWithDifferentMapSizes" class="CreateGameSimpleTest" classname="CreateGameSimpleTest" file="I:\pr1\html\tests\unit\CreateGameSimpleTest.php" line="72" assertions="8" time="2.205662"/>
      <testcase name="testHtmlEscapingInUserLogin" class="CreateGameSimpleTest" classname="CreateGameSimpleTest" file="I:\pr1\html\tests\unit\CreateGameSimpleTest.php" line="323" assertions="1" time="4.394363"/>
      <testcase name="testGameGetMethod" class="CreateGameSimpleTest" classname="CreateGameSimpleTest" file="I:\pr1\html\tests\unit\CreateGameSimpleTest.php" line="239" assertions="3" time="1.356029"/>
      <testcase name="testUpdateGameData" class="CreateGameSimpleTest" classname="CreateGameSimpleTest" file="I:\pr1\html\tests\unit\CreateGameSimpleTest.php" line="274" assertions="2" time="1.793748"/>
      <testcase name="testGameCaching" class="CreateGameSimpleTest" classname="CreateGameSimpleTest" file="I:\pr1\html\tests\unit\CreateGameSimpleTest.php" line="253" assertions="3" time="4.745020"/>
    </testsuite>
    <testsuite name="ResourceTest" file="I:\pr1\html\tests\unit\ResourceTest.php" tests="11" assertions="53" errors="0" warnings="0" failures="0" skipped="0" time="0.086035">
      <testcase name="testConstructorWithoutId" class="ResourceTest" classname="ResourceTest" file="I:\pr1\html\tests\unit\ResourceTest.php" line="85" assertions="7" time="0.017809"/>
      <testcase name="testResourceCoordinatesUniqueness" class="ResourceTest" classname="ResourceTest" file="I:\pr1\html\tests\unit\ResourceTest.php" line="274" assertions="5" time="0.016746"/>
      <testcase name="testSaveUpdate" class="ResourceTest" classname="ResourceTest" file="I:\pr1\html\tests\unit\ResourceTest.php" line="187" assertions="1" time="0.007921"/>
      <testcase name="testGet" class="ResourceTest" classname="ResourceTest" file="I:\pr1\html\tests\unit\ResourceTest.php" line="11" assertions="9" time="0.010352"/>
      <testcase name="testSaveNew" class="ResourceTest" classname="ResourceTest" file="I:\pr1\html\tests\unit\ResourceTest.php" line="151" assertions="7" time="0.006892"/>
      <testcase name="testGetTitle" class="ResourceTest" classname="ResourceTest" file="I:\pr1\html\tests\unit\ResourceTest.php" line="113" assertions="1" time="0.005071"/>
      <testcase name="testConstructor" class="ResourceTest" classname="ResourceTest" file="I:\pr1\html\tests\unit\ResourceTest.php" line="56" assertions="7" time="0.005154"/>
      <testcase name="testDifferentResourceTypes" class="ResourceTest" classname="ResourceTest" file="I:\pr1\html\tests\unit\ResourceTest.php" line="245" assertions="12" time="0.006022"/>
      <testcase name="testGetNonExisting" class="ResourceTest" classname="ResourceTest" file="I:\pr1\html\tests\unit\ResourceTest.php" line="43" assertions="1" time="0.005587"/>
      <testcase name="testGetTitleWithoutType" class="ResourceTest" classname="ResourceTest" file="I:\pr1\html\tests\unit\ResourceTest.php" line="135" assertions="1" time="0.001676"/>
      <testcase name="testSaveWithoutType" class="ResourceTest" classname="ResourceTest" file="I:\pr1\html\tests\unit\ResourceTest.php" line="227" assertions="2" time="0.002805"/>
    </testsuite>
    <testsuite name="ResearchTypeTest" file="I:\pr1\html\tests\unit\ResearchTypeTest.php" tests="9" assertions="41" errors="0" warnings="0" failures="0" skipped="0" time="0.028946">
      <testcase name="testGetTurnCount" class="ResearchTypeTest" classname="ResearchTypeTest" file="I:\pr1\html\tests\unit\ResearchTypeTest.php" line="101" assertions="4" time="0.009196"/>
      <testcase name="testResearchRequirements" class="ResearchTypeTest" classname="ResearchTypeTest" file="I:\pr1\html\tests\unit\ResearchTypeTest.php" line="149" assertions="2" time="0.002364"/>
      <testcase name="testAllPredefinedResearchTypes" class="ResearchTypeTest" classname="ResearchTypeTest" file="I:\pr1\html\tests\unit\ResearchTypeTest.php" line="164" assertions="7" time="0.001890"/>
      <testcase name="testGetTitle" class="ResearchTypeTest" classname="ResearchTypeTest" file="I:\pr1\html\tests\unit\ResearchTypeTest.php" line="89" assertions="1" time="0.001347"/>
      <testcase name="testGetNeedAgeIds" class="ResearchTypeTest" classname="ResearchTypeTest" file="I:\pr1\html\tests\unit\ResearchTypeTest.php" line="127" assertions="7" time="0.003464"/>
      <testcase name="testGetExistingResearchType" class="ResearchTypeTest" classname="ResearchTypeTest" file="I:\pr1\html\tests\unit\ResearchTypeTest.php" line="11" assertions="6" time="0.003155"/>
      <testcase name="testGetNonExistingResearchType" class="ResearchTypeTest" classname="ResearchTypeTest" file="I:\pr1\html\tests\unit\ResearchTypeTest.php" line="28" assertions="1" time="0.002658"/>
      <testcase name="testConstructor" class="ResearchTypeTest" classname="ResearchTypeTest" file="I:\pr1\html\tests\unit\ResearchTypeTest.php" line="40" assertions="10" time="0.002700"/>
      <testcase name="testConstructorWithoutId" class="ResearchTypeTest" classname="ResearchTypeTest" file="I:\pr1\html\tests\unit\ResearchTypeTest.php" line="72" assertions="3" time="0.002171"/>
    </testsuite>
    <testsuite name="ResourceTypeTest" file="I:\pr1\html\tests\unit\ResourceTypeTest.php" tests="9" assertions="97" errors="0" warnings="0" failures="0" skipped="0" time="0.200839">
      <testcase name="testGetTitle" class="ResourceTypeTest" classname="ResourceTypeTest" file="I:\pr1\html\tests\unit\ResourceTypeTest.php" line="78" assertions="1" time="0.011153"/>
      <testcase name="testCanUseWithRequiredResearchAvailable" class="ResourceTypeTest" classname="ResourceTypeTest" file="I:\pr1\html\tests\unit\ResourceTypeTest.php" line="106" assertions="1" time="0.043564"/>
      <testcase name="testCanUseWithRequiredResearchUnavailable" class="ResourceTypeTest" classname="ResourceTypeTest" file="I:\pr1\html\tests\unit\ResourceTypeTest.php" line="131" assertions="1" time="0.028481"/>
      <testcase name="testCanUseWithoutRequiredResearch" class="ResourceTypeTest" classname="ResourceTypeTest" file="I:\pr1\html\tests\unit\ResourceTypeTest.php" line="90" assertions="1" time="0.101217"/>
      <testcase name="testAllPredefinedResourceTypes" class="ResourceTypeTest" classname="ResourceTypeTest" file="I:\pr1\html\tests\unit\ResourceTypeTest.php" line="147" assertions="65" time="0.002930"/>
      <testcase name="testGetExistingResourceType" class="ResourceTypeTest" classname="ResourceTypeTest" file="I:\pr1\html\tests\unit\ResourceTypeTest.php" line="11" assertions="7" time="0.002179"/>
      <testcase name="testComplexProperties" class="ResourceTypeTest" classname="ResourceTypeTest" file="I:\pr1\html\tests\unit\ResourceTypeTest.php" line="190" assertions="8" time="0.004899"/>
      <testcase name="testGetNonExistingResourceType" class="ResourceTypeTest" classname="ResourceTypeTest" file="I:\pr1\html\tests\unit\ResourceTypeTest.php" line="29" assertions="1" time="0.003761"/>
      <testcase name="testConstructor" class="ResourceTypeTest" classname="ResourceTypeTest" file="I:\pr1\html\tests\unit\ResourceTypeTest.php" line="41" assertions="12" time="0.002655"/>
    </testsuite>
    <testsuite name="UnitTest" file="I:\pr1\html\tests\unit\UnitTest.php" tests="11" assertions="41" errors="0" warnings="0" failures="0" skipped="0" time="0.19755">
      <testcase name="testSaveNew" class="UnitTest" classname="UnitTest" file="I:\pr1\html\tests\unit\UnitTest.php" line="108" assertions="6" time="0.059699"/>
      <testcase name="testRemove" class="UnitTest" classname="UnitTest" file="I:\pr1\html\tests\unit\UnitTest.php" line="236" assertions="1" time="0.015871"/>
      <testcase name="testSaveUpdate" class="UnitTest" classname="UnitTest" file="I:\pr1\html\tests\unit\UnitTest.php" line="155" assertions="3" time="0.016130"/>
      <testcase name="testConstruct" class="UnitTest" classname="UnitTest" file="I:\pr1\html\tests\unit\UnitTest.php" line="66" assertions="8" time="0.009503"/>
      <testcase name="testGetAll" class="UnitTest" classname="UnitTest" file="I:\pr1\html\tests\unit\UnitTest.php" line="407" assertions="5" time="0.015829"/>
      <testcase name="testGetNonExistingUnit" class="UnitTest" classname="UnitTest" file="I:\pr1\html\tests\unit\UnitTest.php" line="56" assertions="1" time="0.002776"/>
      <testcase name="testGetTitle" class="UnitTest" classname="UnitTest" file="I:\pr1\html\tests\unit\UnitTest.php" line="205" assertions="1" time="0.008425"/>
      <testcase name="testGetExistingUnit" class="UnitTest" classname="UnitTest" file="I:\pr1\html\tests\unit\UnitTest.php" line="13" assertions="7" time="0.014039"/>
      <testcase name="testGetMissionTypes" class="UnitTest" classname="UnitTest" file="I:\pr1\html\tests\unit\UnitTest.php" line="279" assertions="4" time="0.015987"/>
      <testcase name="testCanMove" class="UnitTest" classname="UnitTest" file="I:\pr1\html\tests\unit\UnitTest.php" line="326" assertions="1" time="0.019869"/>
      <testcase name="testMoveTo" class="UnitTest" classname="UnitTest" file="I:\pr1\html\tests\unit\UnitTest.php" line="365" assertions="4" time="0.019423"/>
    </testsuite>
    <testsuite name="UnitTypeTest" file="I:\pr1\html\tests\unit\UnitTypeTest.php" tests="7" assertions="34" errors="0" warnings="0" failures="0" skipped="0" time="0.028254">
      <testcase name="testGetExistingUnitType" class="UnitTypeTest" classname="UnitTypeTest" file="I:\pr1\html\tests\unit\UnitTypeTest.php" line="13" assertions="7" time="0.008698"/>
      <testcase name="testGetNonExistingUnitType" class="UnitTypeTest" classname="UnitTypeTest" file="I:\pr1\html\tests\unit\UnitTypeTest.php" line="29" assertions="1" time="0.006203"/>
      <testcase name="testConstructBasic" class="UnitTypeTest" classname="UnitTypeTest" file="I:\pr1\html\tests\unit\UnitTypeTest.php" line="39" assertions="7" time="0.002837"/>
      <testcase name="testConstructWithCanMove" class="UnitTypeTest" classname="UnitTypeTest" file="I:\pr1\html\tests\unit\UnitTypeTest.php" line="65" assertions="6" time="0.003252"/>
      <testcase name="testGetTitle" class="UnitTypeTest" classname="UnitTypeTest" file="I:\pr1\html\tests\unit\UnitTypeTest.php" line="90" assertions="1" time="0.001809"/>
      <testcase name="testCaching" class="UnitTypeTest" classname="UnitTypeTest" file="I:\pr1\html\tests\unit\UnitTypeTest.php" line="100" assertions="1" time="0.003176"/>
      <testcase name="testDefaultProperties" class="UnitTypeTest" classname="UnitTypeTest" file="I:\pr1\html\tests\unit\UnitTypeTest.php" line="113" assertions="11" time="0.002279"/>
    </testsuite>
    <testsuite name="UserTest" file="I:\pr1\html\tests\unit\UserTest.php" tests="20" assertions="72" errors="0" warnings="0" failures="0" skipped="0" time="1.311175">
      <testcase name="testNewSystemMessage" class="UserTest" classname="UserTest" file="I:\pr1\html\tests\unit\UserTest.php" line="298" assertions="4" time="0.069348"/>
      <testcase name="testStartResearch" class="UserTest" classname="UserTest" file="I:\pr1\html\tests\unit\UserTest.php" line="241" assertions="2" time="0.077412"/>
      <testcase name="testStartResearchAlreadyDone" class="UserTest" classname="UserTest" file="I:\pr1\html\tests\unit\UserTest.php" line="266" assertions="2" time="0.040711"/>
      <testcase name="testGetNextEventWithEvent" class="UserTest" classname="UserTest" file="I:\pr1\html\tests\unit\UserTest.php" line="332" assertions="4" time="0.137129"/>
      <testcase name="testGetNextEventNoEvents" class="UserTest" classname="UserTest" file="I:\pr1\html\tests\unit\UserTest.php" line="319" assertions="1" time="0.056022"/>
      <testcase name="testGetMessages" class="UserTest" classname="UserTest" file="I:\pr1\html\tests\unit\UserTest.php" line="506" assertions="3" time="0.029031"/>
      <testcase name="testGetResearch" class="UserTest" classname="UserTest" file="I:\pr1\html\tests\unit\UserTest.php" line="211" assertions="5" time="0.068103"/>
      <testcase name="testGetCities" class="UserTest" classname="UserTest" file="I:\pr1\html\tests\unit\UserTest.php" line="170" assertions="5" time="0.056005"/>
      <testcase name="testCalculateIncome" class="UserTest" classname="UserTest" file="I:\pr1\html\tests\unit\UserTest.php" line="139" assertions="3" time="0.077445"/>
      <testcase name="testGetNonExistingUser" class="UserTest" classname="UserTest" file="I:\pr1\html\tests\unit\UserTest.php" line="33" assertions="1" time="0.003136"/>
      <testcase name="testGetExistingUser" class="UserTest" classname="UserTest" file="I:\pr1\html\tests\unit\UserTest.php" line="13" assertions="5" time="0.064191"/>
      <testcase name="testGetResearchNeedTurns" class="UserTest" classname="UserTest" file="I:\pr1\html\tests\unit\UserTest.php" line="455" assertions="1" time="0.202150"/>
      <testcase name="testGetAvailableResearch" class="UserTest" classname="UserTest" file="I:\pr1\html\tests\unit\UserTest.php" line="439" assertions="3" time="0.068566"/>
      <testcase name="testCalculateResearchComplete" class="UserTest" classname="UserTest" file="I:\pr1\html\tests\unit\UserTest.php" line="401" assertions="6" time="0.054163"/>
      <testcase name="testConstruct" class="UserTest" classname="UserTest" file="I:\pr1\html\tests\unit\UserTest.php" line="43" assertions="11" time="0.002750"/>
      <testcase name="testSaveNew" class="UserTest" classname="UserTest" file="I:\pr1\html\tests\unit\UserTest.php" line="77" assertions="9" time="0.103555"/>
      <testcase name="testSaveUpdate" class="UserTest" classname="UserTest" file="I:\pr1\html\tests\unit\UserTest.php" line="114" assertions="2" time="0.091838"/>
      <testcase name="testCalculateResearchNoActive" class="UserTest" classname="UserTest" file="I:\pr1\html\tests\unit\UserTest.php" line="357" assertions="1" time="0.023900"/>
      <testcase name="testCalculateResearchActive" class="UserTest" classname="UserTest" file="I:\pr1\html\tests\unit\UserTest.php" line="370" assertions="3" time="0.042580"/>
      <testcase name="testCalculateCities" class="UserTest" classname="UserTest" file="I:\pr1\html\tests\unit\UserTest.php" line="475" assertions="1" time="0.043140"/>
    </testsuite>
    <testsuite name="EditGameIntegrationTest" file="I:\pr1\html\tests\integration\EditGameIntegrationTest.php" tests="1" assertions="4" errors="0" warnings="0" failures="0" skipped="0" time="0.023892">
      <testcase name="testFullGameEditProcess" class="EditGameIntegrationTest" classname="EditGameIntegrationTest" file="I:\pr1\html\tests\integration\EditGameIntegrationTest.php" line="21" assertions="4" time="0.023892"/>
    </testsuite>
    <testsuite name="GameTest" file="I:\pr1\html\tests\unit\GameTest.php" tests="15" assertions="59" errors="0" warnings="0" failures="0" skipped="0" time="42.558623">
      <testcase name="testGetActivePlayerByTurn" class="GameTest" classname="GameTest" file="I:\pr1\html\tests\unit\GameTest.php" line="189" assertions="1" time="1.412114"/>
      <testcase name="testGetFirstPlanet" class="GameTest" classname="GameTest" file="I:\pr1\html\tests\unit\GameTest.php" line="236" assertions="5" time="2.131563"/>
      <testcase name="testGetActivePlayerNoActive" class="GameTest" classname="GameTest" file="I:\pr1\html\tests\unit\GameTest.php" line="221" assertions="1" time="3.735013"/>
      <testcase name="testGetActivePlayerConcurrently" class="GameTest" classname="GameTest" file="I:\pr1\html\tests\unit\GameTest.php" line="204" assertions="2" time="2.815205"/>
      <testcase name="testCalculateConcurrently" class="GameTest" classname="GameTest" file="I:\pr1\html\tests\unit\GameTest.php" line="292" assertions="3" time="1.341777"/>
      <testcase name="testGetFirstPlanetNoPlanets" class="GameTest" classname="GameTest" file="I:\pr1\html\tests\unit\GameTest.php" line="256" assertions="1" time="1.854695"/>
      <testcase name="testGameList" class="GameTest" classname="GameTest" file="I:\pr1\html\tests\unit\GameTest.php" line="125" assertions="5" time="4.849280"/>
      <testcase name="testCreateNewGame" class="GameTest" classname="GameTest" file="I:\pr1\html\tests\unit\GameTest.php" line="315" assertions="5" time="2.279556"/>
      <testcase name="testGetExistingGame" class="GameTest" classname="GameTest" file="I:\pr1\html\tests\unit\GameTest.php" line="19" assertions="6" time="1.735745"/>
      <testcase name="testSaveNew" class="GameTest" classname="GameTest" file="I:\pr1\html\tests\unit\GameTest.php" line="77" assertions="6" time="8.491183"/>
      <testcase name="testConstruct" class="GameTest" classname="GameTest" file="I:\pr1\html\tests\unit\GameTest.php" line="51" assertions="8" time="1.728400"/>
      <testcase name="testSaveUpdate" class="GameTest" classname="GameTest" file="I:\pr1\html\tests\unit\GameTest.php" line="104" assertions="2" time="1.607775"/>
      <testcase name="testAllSystemMessage" class="GameTest" classname="GameTest" file="I:\pr1\html\tests\unit\GameTest.php" line="148" assertions="10" time="5.489793"/>
      <testcase name="testGetNonExistingGame" class="GameTest" classname="GameTest" file="I:\pr1\html\tests\unit\GameTest.php" line="41" assertions="1" time="1.454977"/>
      <testcase name="testCalculateByTurn" class="GameTest" classname="GameTest" file="I:\pr1\html\tests\unit\GameTest.php" line="269" assertions="3" time="1.631548"/>
    </testsuite>
    <testsuite name="OpenGameTest" file="I:\pr1\html\tests\unit\OpenGameTest.php" tests="13" assertions="35" errors="0" warnings="0" failures="0" skipped="0" time="39.214315">
      <testcase name="testOpenGameWithMultiplePlayers" class="OpenGameTest" classname="OpenGameTest" file="I:\pr1\html\tests\unit\OpenGameTest.php" line="89" assertions="4" time="1.667570"/>
      <testcase name="testOpenGameWithUserFromDifferentGame" class="OpenGameTest" classname="OpenGameTest" file="I:\pr1\html\tests\unit\OpenGameTest.php" line="20" assertions="3" time="1.889835"/>
      <testcase name="testEmptyGameList" class="OpenGameTest" classname="OpenGameTest" file="I:\pr1\html\tests\unit\OpenGameTest.php" line="287" assertions="1" time="4.885521"/>
      <testcase name="testGameListLoading" class="OpenGameTest" classname="OpenGameTest" file="I:\pr1\html\tests\unit\OpenGameTest.php" line="243" assertions="7" time="2.006529"/>
      <testcase name="testSuccessfulGameOpening" class="OpenGameTest" classname="OpenGameTest" file="I:\pr1\html\tests\unit\OpenGameTest.php" line="52" assertions="2" time="1.802515"/>
      <testcase name="testOpenGameWithDifferentTurnTypes" class="OpenGameTest" classname="OpenGameTest" file="I:\pr1\html\tests\unit\OpenGameTest.php" line="127" assertions="6" time="8.579365"/>
      <testcase name="testOpenNonExistentGame" class="OpenGameTest" classname="OpenGameTest" file="I:\pr1\html\tests\unit\OpenGameTest.php" line="165" assertions="1" time="1.684528"/>
      <testcase name="testOpenGameWithNonExistentUser" class="OpenGameTest" classname="OpenGameTest" file="I:\pr1\html\tests\unit\OpenGameTest.php" line="184" assertions="1" time="1.576966"/>
      <testcase name="testOpenGameWithoutGameId" class="OpenGameTest" classname="OpenGameTest" file="I:\pr1\html\tests\unit\OpenGameTest.php" line="205" assertions="1" time="5.453047"/>
      <testcase name="testOpenGameWithoutUserId" class="OpenGameTest" classname="OpenGameTest" file="I:\pr1\html\tests\unit\OpenGameTest.php" line="224" assertions="1" time="1.581478"/>
      <testcase name="testSessionStateAfterGameOpening" class="OpenGameTest" classname="OpenGameTest" file="I:\pr1\html\tests\unit\OpenGameTest.php" line="296" assertions="3" time="1.595712"/>
      <testcase name="testReopenGameWithDifferentUser" class="OpenGameTest" classname="OpenGameTest" file="I:\pr1\html\tests\unit\OpenGameTest.php" line="323" assertions="3" time="4.847392"/>
      <testcase name="testOpenGameWithMaxPlayers" class="OpenGameTest" classname="OpenGameTest" file="I:\pr1\html\tests\unit\OpenGameTest.php" line="370" assertions="2" time="1.643856"/>
    </testsuite>
    <testsuite name="OpenGameIntegrationTest" file="I:\pr1\html\tests\integration\OpenGameIntegrationTest.php" tests="10" assertions="29" errors="0" warnings="0" failures="0" skipped="0" time="24.917925">
      <testcase name="testFullGameOpeningProcess" class="OpenGameIntegrationTest" classname="OpenGameIntegrationTest" file="I:\pr1\html\tests\integration\OpenGameIntegrationTest.php" line="22" assertions="4" time="1.259562"/>
      <testcase name="testGameOpeningSessionPersistence" class="OpenGameIntegrationTest" classname="OpenGameIntegrationTest" file="I:\pr1\html\tests\integration\OpenGameIntegrationTest.php" line="45" assertions="6" time="1.353685"/>
      <testcase name="testGameListWithDifferentPlayerCounts" class="OpenGameIntegrationTest" classname="OpenGameIntegrationTest" file="I:\pr1\html\tests\integration\OpenGameIntegrationTest.php" line="102" assertions="1" time="9.213544"/>
      <testcase name="testGameOpeningWithDifferentConfigurations" class="OpenGameIntegrationTest" classname="OpenGameIntegrationTest" file="I:\pr1\html\tests\integration\OpenGameIntegrationTest.php" line="73" assertions="2" time="1.029596"/>
      <testcase name="testErrorHandlingInGameOpening" class="OpenGameIntegrationTest" classname="OpenGameIntegrationTest" file="I:\pr1\html\tests\integration\OpenGameIntegrationTest.php" line="123" assertions="3" time="1.643810"/>
      <testcase name="testPerformanceGameOpening" class="OpenGameIntegrationTest" classname="OpenGameIntegrationTest" file="I:\pr1\html\tests\integration\OpenGameIntegrationTest.php" line="154" assertions="2" time="1.430509"/>
      <testcase name="testSecurityInvalidIds" class="OpenGameIntegrationTest" classname="OpenGameIntegrationTest" file="I:\pr1\html\tests\integration\OpenGameIntegrationTest.php" line="172" assertions="3" time="3.783779"/>
      <testcase name="testMultipleGameOpenings" class="OpenGameIntegrationTest" classname="OpenGameIntegrationTest" file="I:\pr1\html\tests\integration\OpenGameIntegrationTest.php" line="196" assertions="2" time="2.092179"/>
      <testcase name="testGameOpeningDataIntegrity" class="OpenGameIntegrationTest" classname="OpenGameIntegrationTest" file="I:\pr1\html\tests\integration\OpenGameIntegrationTest.php" line="216" assertions="3" time="1.298786"/>
      <testcase name="testGameOpeningObjectRelationships" class="OpenGameIntegrationTest" classname="OpenGameIntegrationTest" file="I:\pr1\html\tests\integration\OpenGameIntegrationTest.php" line="235" assertions="3" time="1.812473"/>
    </testsuite>
    <testsuite name="CreateGameIntegrationTest" file="I:\pr1\html\tests\integration\CreateGameIntegrationTest.php" tests="13" assertions="77" errors="0" warnings="0" failures="0" skipped="0" time="41.595716">
      <testcase name="testSQLInjectionProtection" class="CreateGameIntegrationTest" classname="CreateGameIntegrationTest" file="I:\pr1\html\tests\integration\CreateGameIntegrationTest.php" line="276" assertions="2" time="1.499939"/>
      <testcase name="testInitialPlayerParametersViaWeb" class="CreateGameIntegrationTest" classname="CreateGameIntegrationTest" file="I:\pr1\html\tests\integration\CreateGameIntegrationTest.php" line="189" assertions="9" time="5.197093"/>
      <testcase name="testMultipleGameCreation" class="CreateGameIntegrationTest" classname="CreateGameIntegrationTest" file="I:\pr1\html\tests\integration\CreateGameIntegrationTest.php" line="320" assertions="3" time="1.871237"/>
      <testcase name="testSuccessRedirect" class="CreateGameIntegrationTest" classname="CreateGameIntegrationTest" file="I:\pr1\html\tests\integration\CreateGameIntegrationTest.php" line="340" assertions="2" time="1.621078"/>
      <testcase name="testPlayerTurnOrderViaWeb" class="CreateGameIntegrationTest" classname="CreateGameIntegrationTest" file="I:\pr1\html\tests\integration\CreateGameIntegrationTest.php" line="163" assertions="8" time="9.522194"/>
      <testcase name="testUniquePlayerColorsViaWeb" class="CreateGameIntegrationTest" classname="CreateGameIntegrationTest" file="I:\pr1\html\tests\integration\CreateGameIntegrationTest.php" line="141" assertions="3" time="2.358107"/>
      <testcase name="testValidationErrorsViaWeb" class="CreateGameIntegrationTest" classname="CreateGameIntegrationTest" file="I:\pr1\html\tests\integration\CreateGameIntegrationTest.php" line="214" assertions="7" time="1.496314"/>
      <testcase name="testPerformanceWithMaxPlayers" class="CreateGameIntegrationTest" classname="CreateGameIntegrationTest" file="I:\pr1\html\tests\integration\CreateGameIntegrationTest.php" line="252" assertions="4" time="6.668187"/>
      <testcase name="testXSSProtectionViaWeb" class="CreateGameIntegrationTest" classname="CreateGameIntegrationTest" file="I:\pr1\html\tests\integration\CreateGameIntegrationTest.php" line="299" assertions="1" time="1.762961"/>
      <testcase name="testPlayerCountValidation" class="CreateGameIntegrationTest" classname="CreateGameIntegrationTest" file="I:\pr1\html\tests\integration\CreateGameIntegrationTest.php" line="235" assertions="2" time="1.042382"/>
      <testcase name="testGameCreationAndDataPersistence" class="CreateGameIntegrationTest" classname="CreateGameIntegrationTest" file="I:\pr1\html\tests\integration\CreateGameIntegrationTest.php" line="22" assertions="16" time="4.603420"/>
      <testcase name="testSettlerUnitsCreation" class="CreateGameIntegrationTest" classname="CreateGameIntegrationTest" file="I:\pr1\html\tests\integration\CreateGameIntegrationTest.php" line="69" assertions="14" time="1.303171"/>
      <testcase name="testDifferentTurnTypesViaWeb" class="CreateGameIntegrationTest" classname="CreateGameIntegrationTest" file="I:\pr1\html\tests\integration\CreateGameIntegrationTest.php" line="111" assertions="6" time="2.649633"/>
    </testsuite>
    <testsuite name="CreateGameTest" file="I:\pr1\html\tests\unit\CreateGameTest.php" tests="19" assertions="55" errors="0" warnings="0" failures="0" skipped="0" time="43.715741">
      <testcase name="testDuplicatePlayerNames" class="CreateGameTest" classname="CreateGameTest" file="I:\pr1\html\tests\unit\CreateGameTest.php" line="201" assertions="1" time="1.430805"/>
      <testcase name="testTooSmallMapSize" class="CreateGameTest" classname="CreateGameTest" file="I:\pr1\html\tests\unit\CreateGameTest.php" line="229" assertions="2" time="1.313556"/>
      <testcase name="testTooLargeMapSize" class="CreateGameTest" classname="CreateGameTest" file="I:\pr1\html\tests\unit\CreateGameTest.php" line="252" assertions="2" time="9.124221"/>
      <testcase name="testVeryLongStrings" class="CreateGameTest" classname="CreateGameTest" file="I:\pr1\html\tests\unit\CreateGameTest.php" line="371" assertions="6" time="1.233445"/>
      <testcase name="testTooManyPlayers" class="CreateGameTest" classname="CreateGameTest" file="I:\pr1\html\tests\unit\CreateGameTest.php" line="275" assertions="1" time="1.658389"/>
      <testcase name="testNoPostData" class="CreateGameTest" classname="CreateGameTest" file="I:\pr1\html\tests\unit\CreateGameTest.php" line="514" assertions="1" time="1.479966"/>
      <testcase name="testEmptyGameName" class="CreateGameTest" classname="CreateGameTest" file="I:\pr1\html\tests\unit\CreateGameTest.php" line="179" assertions="1" time="4.476988"/>
      <testcase name="testDataPreservationOnError" class="CreateGameTest" classname="CreateGameTest" file="I:\pr1\html\tests\unit\CreateGameTest.php" line="300" assertions="4" time="1.448142"/>
      <testcase name="testPlayerColorGeneration" class="CreateGameTest" classname="CreateGameTest" file="I:\pr1\html\tests\unit\CreateGameTest.php" line="412" assertions="17" time="1.177377"/>
      <testcase name="testCreateConcurrentGame" class="CreateGameTest" classname="CreateGameTest" file="I:\pr1\html\tests\unit\CreateGameTest.php" line="78" assertions="2" time="1.684492"/>
      <testcase name="testCreateOneWindowGame" class="CreateGameTest" classname="CreateGameTest" file="I:\pr1\html\tests\unit\CreateGameTest.php" line="120" assertions="1" time="1.076906"/>
      <testcase name="testInvalidTurnType" class="CreateGameTest" classname="CreateGameTest" file="I:\pr1\html\tests\unit\CreateGameTest.php" line="492" assertions="1" time="4.277468"/>
      <testcase name="testXSSInGameName" class="CreateGameTest" classname="CreateGameTest" file="I:\pr1\html\tests\unit\CreateGameTest.php" line="325" assertions="1" time="0.983026"/>
      <testcase name="testXSSInPlayerNames" class="CreateGameTest" classname="CreateGameTest" file="I:\pr1\html\tests\unit\CreateGameTest.php" line="348" assertions="1" time="1.056818"/>
      <testcase name="testGameInitialConditions" class="CreateGameTest" classname="CreateGameTest" file="I:\pr1\html\tests\unit\CreateGameTest.php" line="537" assertions="5" time="0.919068"/>
      <testcase name="testEmptyPlayerFields" class="CreateGameTest" classname="CreateGameTest" file="I:\pr1\html\tests\unit\CreateGameTest.php" line="457" assertions="1" time="0.926445"/>
      <testcase name="testCreateBasicGame" class="CreateGameTest" classname="CreateGameTest" file="I:\pr1\html\tests\unit\CreateGameTest.php" line="17" assertions="6" time="0.846728"/>
      <testcase name="testWhitespaceGameName" class="CreateGameTest" classname="CreateGameTest" file="I:\pr1\html\tests\unit\CreateGameTest.php" line="157" assertions="1" time="0.708689"/>
      <testcase name="testMinimumPlayers" class="CreateGameTest" classname="CreateGameTest" file="I:\pr1\html\tests\unit\CreateGameTest.php" line="582" assertions="1" time="7.893213"/>
    </testsuite>
  </testsuite>
</testsuites>
