<?xml version="1.0" encoding="UTF-8"?>
<testsuites>
  <testsuite name="" tests="26" assertions="96" errors="0" warnings="0" failures="0" skipped="1" time="0.594566">
    <testsuite name="Unit Tests" tests="26" assertions="96" errors="0" warnings="0" failures="0" skipped="1" time="0.594566">
      <testsuite name="App\Tests\AdminBuildingTypeTest" file="/var/www/html/tests/unit/AdminBuildingTypeTest.php" tests="13" assertions="51" errors="0" warnings="0" failures="0" skipped="1" time="0.368793">
        <testcase name="testBuildingTypeWithComplexData" class="App\Tests\AdminBuildingTypeTest" classname="App.Tests.AdminBuildingTypeTest" file="/var/www/html/tests/unit/AdminBuildingTypeTest.php" line="201" assertions="13" time="0.160507"/>
        <testcase name="testSaveNewBuildingType" class="App\Tests\AdminBuildingTypeTest" classname="App.Tests.AdminBuildingTypeTest" file="/var/www/html/tests/unit/AdminBuildingTypeTest.php" line="55" assertions="2" time="0.037006"/>
        <testcase name="testBuildingTypeCityEffect" class="App\Tests\AdminBuildingTypeTest" classname="App.Tests.AdminBuildingTypeTest" file="/var/www/html/tests/unit/AdminBuildingTypeTest.php" line="234" assertions="0" time="0.038778">
          <skipped/>
        </testcase>
        <testcase name="testGetAllBuildingTypes" class="App\Tests\AdminBuildingTypeTest" classname="App.Tests.AdminBuildingTypeTest" file="/var/www/html/tests/unit/AdminBuildingTypeTest.php" line="20" assertions="6" time="0.016024"/>
        <testcase name="testUpdateBuildingType" class="App\Tests\AdminBuildingTypeTest" classname="App.Tests.AdminBuildingTypeTest" file="/var/www/html/tests/unit/AdminBuildingTypeTest.php" line="71" assertions="2" time="0.009944"/>
        <testcase name="testDeleteBuildingType" class="App\Tests\AdminBuildingTypeTest" classname="App.Tests.AdminBuildingTypeTest" file="/var/www/html/tests/unit/AdminBuildingTypeTest.php" line="91" assertions="1" time="0.019984"/>
        <testcase name="testGetBuildingTypeById" class="App\Tests\AdminBuildingTypeTest" classname="App.Tests.AdminBuildingTypeTest" file="/var/www/html/tests/unit/AdminBuildingTypeTest.php" line="106" assertions="3" time="0.008712"/>
        <testcase name="testJsonFieldsHandling" class="App\Tests\AdminBuildingTypeTest" classname="App.Tests.AdminBuildingTypeTest" file="/var/www/html/tests/unit/AdminBuildingTypeTest.php" line="120" assertions="2" time="0.011686"/>
        <testcase name="testBuildingTypeProperties" class="App\Tests\AdminBuildingTypeTest" classname="App.Tests.AdminBuildingTypeTest" file="/var/www/html/tests/unit/AdminBuildingTypeTest.php" line="133" assertions="8" time="0.013263"/>
        <testcase name="testGetNonExistentBuildingType" class="App\Tests\AdminBuildingTypeTest" classname="App.Tests.AdminBuildingTypeTest" file="/var/www/html/tests/unit/AdminBuildingTypeTest.php" line="159" assertions="1" time="0.018074"/>
        <testcase name="testBuildingTypeConstructorWithInvalidJson" class="App\Tests\AdminBuildingTypeTest" classname="App.Tests.AdminBuildingTypeTest" file="/var/www/html/tests/unit/AdminBuildingTypeTest.php" line="165" assertions="2" time="0.015854"/>
        <testcase name="testBuildingTypeDefaultValues" class="App\Tests\AdminBuildingTypeTest" classname="App.Tests.AdminBuildingTypeTest" file="/var/www/html/tests/unit/AdminBuildingTypeTest.php" line="181" assertions="10" time="0.010196"/>
        <testcase name="testBuildingTypeGetTitle" class="App\Tests\AdminBuildingTypeTest" classname="App.Tests.AdminBuildingTypeTest" file="/var/www/html/tests/unit/AdminBuildingTypeTest.php" line="255" assertions="1" time="0.008763"/>
      </testsuite>
      <testsuite name="App\Tests\BuildingTypeTest" file="/var/www/html/tests/unit/BuildingTypeTest.php" tests="13" assertions="45" errors="0" warnings="0" failures="0" skipped="0" time="0.225773">
        <testcase name="testAllPredefinedBuildingTypes" class="App\Tests\BuildingTypeTest" classname="App.Tests.BuildingTypeTest" file="/var/www/html/tests/unit/BuildingTypeTest.php" line="474" assertions="5" time="0.018443"/>
        <testcase name="testGetExistingBuildingType" class="App\Tests\BuildingTypeTest" classname="App.Tests.BuildingTypeTest" file="/var/www/html/tests/unit/BuildingTypeTest.php" line="22" assertions="5" time="0.008027"/>
        <testcase name="testCityEffectGranary" class="App\Tests\BuildingTypeTest" classname="App.Tests.BuildingTypeTest" file="/var/www/html/tests/unit/BuildingTypeTest.php" line="122" assertions="2" time="0.034274"/>
        <testcase name="testCityEffectColiseumNegativeDis" class="App\Tests\BuildingTypeTest" classname="App.Tests.BuildingTypeTest" file="/var/www/html/tests/unit/BuildingTypeTest.php" line="375" assertions="3" time="0.019794"/>
        <testcase name="testCityEffectLibrary" class="App\Tests\BuildingTypeTest" classname="App.Tests.BuildingTypeTest" file="/var/www/html/tests/unit/BuildingTypeTest.php" line="242" assertions="1" time="0.021720"/>
        <testcase name="testCityEffectNoEffect" class="App\Tests\BuildingTypeTest" classname="App.Tests.BuildingTypeTest" file="/var/www/html/tests/unit/BuildingTypeTest.php" line="422" assertions="6" time="0.018589"/>
        <testcase name="testCityEffectTemple" class="App\Tests\BuildingTypeTest" classname="App.Tests.BuildingTypeTest" file="/var/www/html/tests/unit/BuildingTypeTest.php" line="152" assertions="2" time="0.021116"/>
        <testcase name="testGetNonExistingBuildingType" class="App\Tests\BuildingTypeTest" classname="App.Tests.BuildingTypeTest" file="/var/www/html/tests/unit/BuildingTypeTest.php" line="40" assertions="1" time="0.007141"/>
        <testcase name="testConstructor" class="App\Tests\BuildingTypeTest" classname="App.Tests.BuildingTypeTest" file="/var/www/html/tests/unit/BuildingTypeTest.php" line="52" assertions="13" time="0.008010"/>
        <testcase name="testGetTitle" class="App\Tests\BuildingTypeTest" classname="App.Tests.BuildingTypeTest" file="/var/www/html/tests/unit/BuildingTypeTest.php" line="91" assertions="1" time="0.008911"/>
        <testcase name="testCityEffectTempleNegativeNorm" class="App\Tests\BuildingTypeTest" classname="App.Tests.BuildingTypeTest" file="/var/www/html/tests/unit/BuildingTypeTest.php" line="197" assertions="2" time="0.017859"/>
        <testcase name="testCityEffectMarket" class="App\Tests\BuildingTypeTest" classname="App.Tests.BuildingTypeTest" file="/var/www/html/tests/unit/BuildingTypeTest.php" line="284" assertions="1" time="0.021586"/>
        <testcase name="testCityEffectColiseum" class="App\Tests\BuildingTypeTest" classname="App.Tests.BuildingTypeTest" file="/var/www/html/tests/unit/BuildingTypeTest.php" line="325" assertions="3" time="0.020304"/>
      </testsuite>
    </testsuite>
  </testsuite>
</testsuites>
