<?xml version="1.0" encoding="UTF-8"?>
<testsuites>
  <testsuite name="" tests="1" assertions="7" errors="0" warnings="0" failures="0" skipped="0" time="0.213682">
    <testsuite name="Unit Tests" tests="1" assertions="7" errors="0" warnings="0" failures="0" skipped="0" time="0.213682">
      <testsuite name="App\Tests\EventTest" file="/var/www/html/tests/unit/EventTest.php" tests="1" assertions="7" errors="0" warnings="0" failures="0" skipped="0" time="0.213682">
        <testcase name="testGetText" class="App\Tests\EventTest" classname="App.Tests.EventTest" file="/var/www/html/tests/unit/EventTest.php" line="361" assertions="7" time="0.213682"/>
      </testsuite>
    </testsuite>
  </testsuite>
</testsuites>
