<?xml version="1.0" encoding="UTF-8"?>
<testsuites>
  <testsuite name="" tests="358" assertions="1564" errors="0" warnings="0" failures="0" skipped="2" time="69.040916">
    <testsuite name="Unit Tests" tests="297" assertions="1186" errors="0" warnings="0" failures="0" skipped="2" time="27.558367">
      <testsuite name="App\Tests\CreateGameTest" file="/var/www/html/tests/unit/CreateGameTest.php" tests="19" assertions="55" errors="0" warnings="0" failures="0" skipped="0" time="0.352432">
        <testcase name="testCreateBasicGame" class="App\Tests\CreateGameTest" classname="App.Tests.CreateGameTest" file="/var/www/html/tests/unit/CreateGameTest.php" line="18" assertions="6" time="0.122782"/>
        <testcase name="testCreateConcurrentGame" class="App\Tests\CreateGameTest" classname="App.Tests.CreateGameTest" file="/var/www/html/tests/unit/CreateGameTest.php" line="72" assertions="2" time="0.009046"/>
        <testcase name="testCreateOneWindowGame" class="App\Tests\CreateGameTest" classname="App.Tests.CreateGameTest" file="/var/www/html/tests/unit/CreateGameTest.php" line="109" assertions="1" time="0.002763"/>
        <testcase name="testWhitespaceGameName" class="App\Tests\CreateGameTest" classname="App.Tests.CreateGameTest" file="/var/www/html/tests/unit/CreateGameTest.php" line="141" assertions="1" time="0.001923"/>
        <testcase name="testEmptyGameName" class="App\Tests\CreateGameTest" classname="App.Tests.CreateGameTest" file="/var/www/html/tests/unit/CreateGameTest.php" line="160" assertions="1" time="0.001833"/>
        <testcase name="testDuplicatePlayerNames" class="App\Tests\CreateGameTest" classname="App.Tests.CreateGameTest" file="/var/www/html/tests/unit/CreateGameTest.php" line="179" assertions="1" time="0.003163"/>
        <testcase name="testTooSmallMapSize" class="App\Tests\CreateGameTest" classname="App.Tests.CreateGameTest" file="/var/www/html/tests/unit/CreateGameTest.php" line="207" assertions="2" time="0.002152"/>
        <testcase name="testTooLargeMapSize" class="App\Tests\CreateGameTest" classname="App.Tests.CreateGameTest" file="/var/www/html/tests/unit/CreateGameTest.php" line="227" assertions="2" time="0.002103"/>
        <testcase name="testTooManyPlayers" class="App\Tests\CreateGameTest" classname="App.Tests.CreateGameTest" file="/var/www/html/tests/unit/CreateGameTest.php" line="247" assertions="1" time="0.005846"/>
        <testcase name="testDataPreservationOnError" class="App\Tests\CreateGameTest" classname="App.Tests.CreateGameTest" file="/var/www/html/tests/unit/CreateGameTest.php" line="272" assertions="4" time="0.002708"/>
        <testcase name="testXSSInGameName" class="App\Tests\CreateGameTest" classname="App.Tests.CreateGameTest" file="/var/www/html/tests/unit/CreateGameTest.php" line="294" assertions="1" time="0.002462"/>
        <testcase name="testXSSInPlayerNames" class="App\Tests\CreateGameTest" classname="App.Tests.CreateGameTest" file="/var/www/html/tests/unit/CreateGameTest.php" line="314" assertions="1" time="0.003061"/>
        <testcase name="testVeryLongStrings" class="App\Tests\CreateGameTest" classname="App.Tests.CreateGameTest" file="/var/www/html/tests/unit/CreateGameTest.php" line="337" assertions="6" time="0.099715"/>
        <testcase name="testPlayerColorGeneration" class="App\Tests\CreateGameTest" classname="App.Tests.CreateGameTest" file="/var/www/html/tests/unit/CreateGameTest.php" line="375" assertions="17" time="0.065021"/>
        <testcase name="testEmptyPlayerFields" class="App\Tests\CreateGameTest" classname="App.Tests.CreateGameTest" file="/var/www/html/tests/unit/CreateGameTest.php" line="420" assertions="1" time="0.003517"/>
        <testcase name="testInvalidTurnType" class="App\Tests\CreateGameTest" classname="App.Tests.CreateGameTest" file="/var/www/html/tests/unit/CreateGameTest.php" line="455" assertions="1" time="0.002090"/>
        <testcase name="testNoPostData" class="App\Tests\CreateGameTest" classname="App.Tests.CreateGameTest" file="/var/www/html/tests/unit/CreateGameTest.php" line="474" assertions="1" time="0.015385"/>
        <testcase name="testGameInitialConditions" class="App\Tests\CreateGameTest" classname="App.Tests.CreateGameTest" file="/var/www/html/tests/unit/CreateGameTest.php" line="494" assertions="5" time="0.004026"/>
        <testcase name="testMinimumPlayers" class="App\Tests\CreateGameTest" classname="App.Tests.CreateGameTest" file="/var/www/html/tests/unit/CreateGameTest.php" line="539" assertions="1" time="0.002837"/>
      </testsuite>
      <testsuite name="App\Tests\ResearchTest" file="/var/www/html/tests/unit/ResearchTest.php" tests="6" assertions="31" errors="0" warnings="0" failures="0" skipped="0" time="0.055624">
        <testcase name="testConstructorWithoutId" class="App\Tests\ResearchTest" classname="App.Tests.ResearchTest" file="/var/www/html/tests/unit/ResearchTest.php" line="54" assertions="4" time="0.027966"/>
        <testcase name="testSaveUpdate" class="App\Tests\ResearchTest" classname="App.Tests.ResearchTest" file="/var/www/html/tests/unit/ResearchTest.php" line="119" assertions="1" time="0.007894"/>
        <testcase name="testGet" class="App\Tests\ResearchTest" classname="App.Tests.ResearchTest" file="/var/www/html/tests/unit/ResearchTest.php" line="20" assertions="6" time="0.005047"/>
        <testcase name="testSaveNew" class="App\Tests\ResearchTest" classname="App.Tests.ResearchTest" file="/var/www/html/tests/unit/ResearchTest.php" line="80" assertions="4" time="0.005346"/>
        <testcase name="testDifferentResearchTypes" class="App\Tests\ResearchTest" classname="App.Tests.ResearchTest" file="/var/www/html/tests/unit/ResearchTest.php" line="169" assertions="12" time="0.005949"/>
        <testcase name="testResearchUserRelationship" class="App\Tests\ResearchTest" classname="App.Tests.ResearchTest" file="/var/www/html/tests/unit/ResearchTest.php" line="221" assertions="4" time="0.003422"/>
      </testsuite>
      <testsuite name="App\Tests\AdminBuildingTypeTest" file="/var/www/html/tests/unit/AdminBuildingTypeTest.php" tests="13" assertions="51" errors="0" warnings="0" failures="0" skipped="1" time="0.109975">
        <testcase name="testBuildingTypeCityEffect" class="App\Tests\AdminBuildingTypeTest" classname="App.Tests.AdminBuildingTypeTest" file="/var/www/html/tests/unit/AdminBuildingTypeTest.php" line="250" assertions="0" time="0.028644">
          <skipped/>
        </testcase>
        <testcase name="testGetAllBuildingTypes" class="App\Tests\AdminBuildingTypeTest" classname="App.Tests.AdminBuildingTypeTest" file="/var/www/html/tests/unit/AdminBuildingTypeTest.php" line="24" assertions="6" time="0.034481"/>
        <testcase name="testSaveNewBuildingType" class="App\Tests\AdminBuildingTypeTest" classname="App.Tests.AdminBuildingTypeTest" file="/var/www/html/tests/unit/AdminBuildingTypeTest.php" line="59" assertions="2" time="0.002760"/>
        <testcase name="testUpdateBuildingType" class="App\Tests\AdminBuildingTypeTest" classname="App.Tests.AdminBuildingTypeTest" file="/var/www/html/tests/unit/AdminBuildingTypeTest.php" line="75" assertions="2" time="0.003666"/>
        <testcase name="testDeleteBuildingType" class="App\Tests\AdminBuildingTypeTest" classname="App.Tests.AdminBuildingTypeTest" file="/var/www/html/tests/unit/AdminBuildingTypeTest.php" line="95" assertions="1" time="0.016954"/>
        <testcase name="testGetBuildingTypeById" class="App\Tests\AdminBuildingTypeTest" classname="App.Tests.AdminBuildingTypeTest" file="/var/www/html/tests/unit/AdminBuildingTypeTest.php" line="110" assertions="3" time="0.002597"/>
        <testcase name="testJsonFieldsHandling" class="App\Tests\AdminBuildingTypeTest" classname="App.Tests.AdminBuildingTypeTest" file="/var/www/html/tests/unit/AdminBuildingTypeTest.php" line="124" assertions="2" time="0.004871"/>
        <testcase name="testBuildingTypeProperties" class="App\Tests\AdminBuildingTypeTest" classname="App.Tests.AdminBuildingTypeTest" file="/var/www/html/tests/unit/AdminBuildingTypeTest.php" line="141" assertions="8" time="0.002828"/>
        <testcase name="testGetNonExistentBuildingType" class="App\Tests\AdminBuildingTypeTest" classname="App.Tests.AdminBuildingTypeTest" file="/var/www/html/tests/unit/AdminBuildingTypeTest.php" line="167" assertions="1" time="0.000669"/>
        <testcase name="testBuildingTypeConstructorWithInvalidJson" class="App\Tests\AdminBuildingTypeTest" classname="App.Tests.AdminBuildingTypeTest" file="/var/www/html/tests/unit/AdminBuildingTypeTest.php" line="173" assertions="2" time="0.002963"/>
        <testcase name="testBuildingTypeDefaultValues" class="App\Tests\AdminBuildingTypeTest" classname="App.Tests.AdminBuildingTypeTest" file="/var/www/html/tests/unit/AdminBuildingTypeTest.php" line="189" assertions="10" time="0.003356"/>
        <testcase name="testBuildingTypeWithComplexData" class="App\Tests\AdminBuildingTypeTest" classname="App.Tests.AdminBuildingTypeTest" file="/var/www/html/tests/unit/AdminBuildingTypeTest.php" line="209" assertions="13" time="0.003791"/>
        <testcase name="testBuildingTypeGetTitle" class="App\Tests\AdminBuildingTypeTest" classname="App.Tests.AdminBuildingTypeTest" file="/var/www/html/tests/unit/AdminBuildingTypeTest.php" line="271" assertions="1" time="0.002395"/>
      </testsuite>
      <testsuite name="App\Tests\BuildingTest" file="/var/www/html/tests/unit/BuildingTest.php" tests="9" assertions="35" errors="0" warnings="0" failures="0" skipped="1" time="0.560424">
        <testcase name="testCityEffect" class="App\Tests\BuildingTest" classname="App.Tests.BuildingTest" file="/var/www/html/tests/unit/BuildingTest.php" line="249" assertions="0" time="0.000131">
          <skipped/>
        </testcase>
        <testcase name="testGet" class="App\Tests\BuildingTest" classname="App.Tests.BuildingTest" file="/var/www/html/tests/unit/BuildingTest.php" line="21" assertions="7" time="0.190838"/>
        <testcase name="testConstructor" class="App\Tests\BuildingTest" classname="App.Tests.BuildingTest" file="/var/www/html/tests/unit/BuildingTest.php" line="51" assertions="6" time="0.060129"/>
        <testcase name="testConstructorWithoutId" class="App\Tests\BuildingTest" classname="App.Tests.BuildingTest" file="/var/www/html/tests/unit/BuildingTest.php" line="81" assertions="3" time="0.052173"/>
        <testcase name="testGetTitle" class="App\Tests\BuildingTest" classname="App.Tests.BuildingTest" file="/var/www/html/tests/unit/BuildingTest.php" line="104" assertions="1" time="0.039032"/>
        <testcase name="testSaveNew" class="App\Tests\BuildingTest" classname="App.Tests.BuildingTest" file="/var/www/html/tests/unit/BuildingTest.php" line="124" assertions="4" time="0.055739"/>
        <testcase name="testSaveUpdate" class="App\Tests\BuildingTest" classname="App.Tests.BuildingTest" file="/var/www/html/tests/unit/BuildingTest.php" line="154" assertions="1" time="0.034794"/>
        <testcase name="testCaching" class="App\Tests\BuildingTest" classname="App.Tests.BuildingTest" file="/var/www/html/tests/unit/BuildingTest.php" line="190" assertions="1" time="0.038305"/>
        <testcase name="testDifferentBuildingTypes" class="App\Tests\BuildingTest" classname="App.Tests.BuildingTest" file="/var/www/html/tests/unit/BuildingTest.php" line="215" assertions="12" time="0.089285"/>
      </testsuite>
      <testsuite name="App\Tests\AdminUnitTypeTest" file="/var/www/html/tests/unit/AdminUnitTypeTest.php" tests="10" assertions="47" errors="0" warnings="0" failures="0" skipped="0" time="0.173462">
        <testcase name="testGetAllUnitTypes" class="App\Tests\AdminUnitTypeTest" classname="App.Tests.AdminUnitTypeTest" file="/var/www/html/tests/unit/AdminUnitTypeTest.php" line="14" assertions="6" time="0.041198"/>
        <testcase name="testSaveNewUnitType" class="App\Tests\AdminUnitTypeTest" classname="App.Tests.AdminUnitTypeTest" file="/var/www/html/tests/unit/AdminUnitTypeTest.php" line="62" assertions="2" time="0.049284"/>
        <testcase name="testUpdateUnitType" class="App\Tests\AdminUnitTypeTest" classname="App.Tests.AdminUnitTypeTest" file="/var/www/html/tests/unit/AdminUnitTypeTest.php" line="80" assertions="2" time="0.038584"/>
        <testcase name="testDeleteUnitType" class="App\Tests\AdminUnitTypeTest" classname="App.Tests.AdminUnitTypeTest" file="/var/www/html/tests/unit/AdminUnitTypeTest.php" line="99" assertions="1" time="0.006455"/>
        <testcase name="testGetUnitTypeById" class="App\Tests\AdminUnitTypeTest" classname="App.Tests.AdminUnitTypeTest" file="/var/www/html/tests/unit/AdminUnitTypeTest.php" line="114" assertions="3" time="0.006091"/>
        <testcase name="testJsonFieldsHandling" class="App\Tests\AdminUnitTypeTest" classname="App.Tests.AdminUnitTypeTest" file="/var/www/html/tests/unit/AdminUnitTypeTest.php" line="128" assertions="3" time="0.004106"/>
        <testcase name="testGetNonExistentUnitType" class="App\Tests\AdminUnitTypeTest" classname="App.Tests.AdminUnitTypeTest" file="/var/www/html/tests/unit/AdminUnitTypeTest.php" line="144" assertions="1" time="0.001294"/>
        <testcase name="testUnitTypeConstructorWithInvalidJson" class="App\Tests\AdminUnitTypeTest" classname="App.Tests.AdminUnitTypeTest" file="/var/www/html/tests/unit/AdminUnitTypeTest.php" line="150" assertions="2" time="0.002977"/>
        <testcase name="testUnitTypeDefaultValues" class="App\Tests\AdminUnitTypeTest" classname="App.Tests.AdminUnitTypeTest" file="/var/www/html/tests/unit/AdminUnitTypeTest.php" line="166" assertions="8" time="0.006445"/>
        <testcase name="testUnitTypeWithComplexData" class="App\Tests\AdminUnitTypeTest" classname="App.Tests.AdminUnitTypeTest" file="/var/www/html/tests/unit/AdminUnitTypeTest.php" line="184" assertions="19" time="0.017028"/>
      </testsuite>
      <testsuite name="App\Tests\BuildingTypeTest" file="/var/www/html/tests/unit/BuildingTypeTest.php" tests="13" assertions="45" errors="0" warnings="0" failures="0" skipped="0" time="0.189827">
        <testcase name="testGetExistingBuildingType" class="App\Tests\BuildingTypeTest" classname="App.Tests.BuildingTypeTest" file="/var/www/html/tests/unit/BuildingTypeTest.php" line="19" assertions="5" time="0.004882"/>
        <testcase name="testGetNonExistingBuildingType" class="App\Tests\BuildingTypeTest" classname="App.Tests.BuildingTypeTest" file="/var/www/html/tests/unit/BuildingTypeTest.php" line="35" assertions="1" time="0.000707"/>
        <testcase name="testConstructor" class="App\Tests\BuildingTypeTest" classname="App.Tests.BuildingTypeTest" file="/var/www/html/tests/unit/BuildingTypeTest.php" line="45" assertions="13" time="0.001055"/>
        <testcase name="testGetTitle" class="App\Tests\BuildingTypeTest" classname="App.Tests.BuildingTypeTest" file="/var/www/html/tests/unit/BuildingTypeTest.php" line="84" assertions="1" time="0.002391"/>
        <testcase name="testCityEffectGranary" class="App\Tests\BuildingTypeTest" classname="App.Tests.BuildingTypeTest" file="/var/www/html/tests/unit/BuildingTypeTest.php" line="106" assertions="2" time="0.019239"/>
        <testcase name="testCityEffectTemple" class="App\Tests\BuildingTypeTest" classname="App.Tests.BuildingTypeTest" file="/var/www/html/tests/unit/BuildingTypeTest.php" line="135" assertions="2" time="0.021688"/>
        <testcase name="testCityEffectTempleNegativeNorm" class="App\Tests\BuildingTypeTest" classname="App.Tests.BuildingTypeTest" file="/var/www/html/tests/unit/BuildingTypeTest.php" line="180" assertions="2" time="0.016194"/>
        <testcase name="testCityEffectLibrary" class="App\Tests\BuildingTypeTest" classname="App.Tests.BuildingTypeTest" file="/var/www/html/tests/unit/BuildingTypeTest.php" line="225" assertions="1" time="0.017924"/>
        <testcase name="testCityEffectMarket" class="App\Tests\BuildingTypeTest" classname="App.Tests.BuildingTypeTest" file="/var/www/html/tests/unit/BuildingTypeTest.php" line="268" assertions="1" time="0.014590"/>
        <testcase name="testCityEffectColiseum" class="App\Tests\BuildingTypeTest" classname="App.Tests.BuildingTypeTest" file="/var/www/html/tests/unit/BuildingTypeTest.php" line="309" assertions="3" time="0.015655"/>
        <testcase name="testCityEffectColiseumNegativeDis" class="App\Tests\BuildingTypeTest" classname="App.Tests.BuildingTypeTest" file="/var/www/html/tests/unit/BuildingTypeTest.php" line="359" assertions="3" time="0.050485"/>
        <testcase name="testCityEffectNoEffect" class="App\Tests\BuildingTypeTest" classname="App.Tests.BuildingTypeTest" file="/var/www/html/tests/unit/BuildingTypeTest.php" line="405" assertions="6" time="0.022703"/>
        <testcase name="testAllPredefinedBuildingTypes" class="App\Tests\BuildingTypeTest" classname="App.Tests.BuildingTypeTest" file="/var/www/html/tests/unit/BuildingTypeTest.php" line="457" assertions="5" time="0.002314"/>
      </testsuite>
      <testsuite name="App\Tests\CellTest" file="/var/www/html/tests/unit/CellTest.php" tests="21" assertions="105" errors="0" warnings="0" failures="0" skipped="0" time="0.664005">
        <testcase name="testGetExistingCell" class="App\Tests\CellTest" classname="App.Tests.CellTest" file="/var/www/html/tests/unit/CellTest.php" line="30" assertions="6" time="0.052573"/>
        <testcase name="testGetNonExistingCell" class="App\Tests\CellTest" classname="App.Tests.CellTest" file="/var/www/html/tests/unit/CellTest.php" line="48" assertions="1" time="0.040866"/>
        <testcase name="testConstructor" class="App\Tests\CellTest" classname="App.Tests.CellTest" file="/var/www/html/tests/unit/CellTest.php" line="60" assertions="10" time="0.043526"/>
        <testcase name="testConstructorWithoutOwner" class="App\Tests\CellTest" classname="App.Tests.CellTest" file="/var/www/html/tests/unit/CellTest.php" line="97" assertions="4" time="0.026192"/>
        <testcase name="testGetTitle" class="App\Tests\CellTest" classname="App.Tests.CellTest" file="/var/www/html/tests/unit/CellTest.php" line="125" assertions="2" time="0.035679"/>
        <testcase name="testGetPlanet" class="App\Tests\CellTest" classname="App.Tests.CellTest" file="/var/www/html/tests/unit/CellTest.php" line="142" assertions="2" time="0.034643"/>
        <testcase name="testSaveNew" class="App\Tests\CellTest" classname="App.Tests.CellTest" file="/var/www/html/tests/unit/CellTest.php" line="160" assertions="6" time="0.033012"/>
        <testcase name="testSaveUpdate" class="App\Tests\CellTest" classname="App.Tests.CellTest" file="/var/www/html/tests/unit/CellTest.php" line="198" assertions="4" time="0.036923"/>
        <testcase name="testCalcCoord" class="App\Tests\CellTest" classname="App.Tests.CellTest" file="/var/www/html/tests/unit/CellTest.php" line="231" assertions="6" time="0.029685"/>
        <testcase name="testCalcDistance" class="App\Tests\CellTest" classname="App.Tests.CellTest" file="/var/www/html/tests/unit/CellTest.php" line="271" assertions="3" time="0.017608"/>
        <testcase name="testDCoord" class="App\Tests\CellTest" classname="App.Tests.CellTest" file="/var/www/html/tests/unit/CellTest.php" line="292" assertions="4" time="0.033836"/>
        <testcase name="testGetCellsAround" class="App\Tests\CellTest" classname="App.Tests.CellTest" file="/var/www/html/tests/unit/CellTest.php" line="312" assertions="4" time="0.095478"/>
        <testcase name="testGetWork" class="App\Tests\CellTest" classname="App.Tests.CellTest" file="/var/www/html/tests/unit/CellTest.php" line="338" assertions="4" time="0.008772"/>
        <testcase name="testGetEat" class="App\Tests\CellTest" classname="App.Tests.CellTest" file="/var/www/html/tests/unit/CellTest.php" line="361" assertions="4" time="0.006716"/>
        <testcase name="testGetMoney" class="App\Tests\CellTest" classname="App.Tests.CellTest" file="/var/www/html/tests/unit/CellTest.php" line="384" assertions="4" time="0.007858"/>
        <testcase name="testGetUnits" class="App\Tests\CellTest" classname="App.Tests.CellTest" file="/var/www/html/tests/unit/CellTest.php" line="407" assertions="4" time="0.014019"/>
        <testcase name="testLoadCells" class="App\Tests\CellTest" classname="App.Tests.CellTest" file="/var/www/html/tests/unit/CellTest.php" line="431" assertions="3" time="0.007629"/>
        <testcase name="testGetMissionNeedPoints" class="App\Tests\CellTest" classname="App.Tests.CellTest" file="/var/www/html/tests/unit/CellTest.php" line="456" assertions="1" time="0.031211"/>
        <testcase name="testClearCache" class="App\Tests\CellTest" classname="App.Tests.CellTest" file="/var/www/html/tests/unit/CellTest.php" line="482" assertions="3" time="0.007905"/>
        <testcase name="testGenerateType" class="App\Tests\CellTest" classname="App.Tests.CellTest" file="/var/www/html/tests/unit/CellTest.php" line="504" assertions="3" time="0.088771"/>
        <testcase name="testGenerateMap" class="App\Tests\CellTest" classname="App.Tests.CellTest" file="/var/www/html/tests/unit/CellTest.php" line="531" assertions="27" time="0.011103"/>
      </testsuite>
      <testsuite name="App\Tests\CellTypeTest" file="/var/www/html/tests/unit/CellTypeTest.php" tests="7" assertions="65" errors="0" warnings="0" failures="0" skipped="0" time="0.026926">
        <testcase name="testGetExistingCellType" class="App\Tests\CellTypeTest" classname="App.Tests.CellTypeTest" file="/var/www/html/tests/unit/CellTypeTest.php" line="19" assertions="9" time="0.004971"/>
        <testcase name="testGetNonExistingCellType" class="App\Tests\CellTypeTest" classname="App.Tests.CellTypeTest" file="/var/www/html/tests/unit/CellTypeTest.php" line="52" assertions="1" time="0.005983"/>
        <testcase name="testConstructor" class="App\Tests\CellTypeTest" classname="App.Tests.CellTypeTest" file="/var/www/html/tests/unit/CellTypeTest.php" line="64" assertions="11" time="0.000093"/>
        <testcase name="testConstructorWithoutId" class="App\Tests\CellTypeTest" classname="App.Tests.CellTypeTest" file="/var/www/html/tests/unit/CellTypeTest.php" line="99" assertions="3" time="0.000042"/>
        <testcase name="testGetTitle" class="App\Tests\CellTypeTest" classname="App.Tests.CellTypeTest" file="/var/www/html/tests/unit/CellTypeTest.php" line="116" assertions="1" time="0.005596"/>
        <testcase name="testAllPredefinedCellTypes" class="App\Tests\CellTypeTest" classname="App.Tests.CellTypeTest" file="/var/www/html/tests/unit/CellTypeTest.php" line="130" assertions="35" time="0.004997"/>
        <testcase name="testComplexProperties" class="App\Tests\CellTypeTest" classname="App.Tests.CellTypeTest" file="/var/www/html/tests/unit/CellTypeTest.php" line="163" assertions="5" time="0.005244"/>
      </testsuite>
      <testsuite name="App\Tests\CityTest" file="/var/www/html/tests/unit/CityTest.php" tests="18" assertions="33" errors="0" warnings="0" failures="0" skipped="0" time="1.244980">
        <testcase name="testConstructor" class="App\Tests\CityTest" classname="App.Tests.CityTest" file="/var/www/html/tests/unit/CityTest.php" line="51" assertions="4" time="0.108291"/>
        <testcase name="testByCoords" class="App\Tests\CityTest" classname="App.Tests.CityTest" file="/var/www/html/tests/unit/CityTest.php" line="71" assertions="2" time="0.077297"/>
        <testcase name="testGetTitle" class="App\Tests\CityTest" classname="App.Tests.CityTest" file="/var/www/html/tests/unit/CityTest.php" line="82" assertions="1" time="0.068366"/>
        <testcase name="testGetCultureCells" class="App\Tests\CityTest" classname="App.Tests.CityTest" file="/var/www/html/tests/unit/CityTest.php" line="93" assertions="2" time="0.078469"/>
        <testcase name="testGetPossibleUnits" class="App\Tests\CityTest" classname="App.Tests.CityTest" file="/var/www/html/tests/unit/CityTest.php" line="110" assertions="2" time="0.080062"/>
        <testcase name="testCalculateEat" class="App\Tests\CityTest" classname="App.Tests.CityTest" file="/var/www/html/tests/unit/CityTest.php" line="125" assertions="1" time="0.073568"/>
        <testcase name="testCalculateWork" class="App\Tests\CityTest" classname="App.Tests.CityTest" file="/var/www/html/tests/unit/CityTest.php" line="140" assertions="1" time="0.021767"/>
        <testcase name="testCalculateMoney" class="App\Tests\CityTest" classname="App.Tests.CityTest" file="/var/www/html/tests/unit/CityTest.php" line="153" assertions="1" time="0.018529"/>
        <testcase name="testCalculateResearch" class="App\Tests\CityTest" classname="App.Tests.CityTest" file="/var/www/html/tests/unit/CityTest.php" line="166" assertions="1" time="0.018795"/>
        <testcase name="testCalculateCulture" class="App\Tests\CityTest" classname="App.Tests.CityTest" file="/var/www/html/tests/unit/CityTest.php" line="179" assertions="2" time="0.044701"/>
        <testcase name="testAddPeople" class="App\Tests\CityTest" classname="App.Tests.CityTest" file="/var/www/html/tests/unit/CityTest.php" line="194" assertions="1" time="0.133832"/>
        <testcase name="testRemovePeople" class="App\Tests\CityTest" classname="App.Tests.CityTest" file="/var/www/html/tests/unit/CityTest.php" line="206" assertions="1" time="0.105516"/>
        <testcase name="testSave" class="App\Tests\CityTest" classname="App.Tests.CityTest" file="/var/www/html/tests/unit/CityTest.php" line="218" assertions="1" time="0.077541"/>
        <testcase name="testCreateUnit" class="App\Tests\CityTest" classname="App.Tests.CityTest" file="/var/www/html/tests/unit/CityTest.php" line="233" assertions="5" time="0.067060"/>
        <testcase name="testCreateBuilding" class="App\Tests\CityTest" classname="App.Tests.CityTest" file="/var/www/html/tests/unit/CityTest.php" line="262" assertions="3" time="0.028679"/>
        <testcase name="testCalculateBuildings" class="App\Tests\CityTest" classname="App.Tests.CityTest" file="/var/www/html/tests/unit/CityTest.php" line="277" assertions="1" time="0.086418"/>
        <testcase name="testCheckMood" class="App\Tests\CityTest" classname="App.Tests.CityTest" file="/var/www/html/tests/unit/CityTest.php" line="293" assertions="2" time="0.066095"/>
        <testcase name="testSelectNextProduction" class="App\Tests\CityTest" classname="App.Tests.CityTest" file="/var/www/html/tests/unit/CityTest.php" line="310" assertions="2" time="0.089995"/>
      </testsuite>
      <testsuite name="App\Tests\CreateGameSimpleTest" file="/var/www/html/tests/unit/CreateGameSimpleTest.php" tests="11" assertions="55" errors="0" warnings="0" failures="0" skipped="0" time="0.141468">
        <testcase name="testCreateBasicGameClass" class="App\Tests\CreateGameSimpleTest" classname="App.Tests.CreateGameSimpleTest" file="/var/www/html/tests/unit/CreateGameSimpleTest.php" line="20" assertions="6" time="0.004828"/>
        <testcase name="testCreateGameWithDifferentTurnTypes" class="App\Tests\CreateGameSimpleTest" classname="App.Tests.CreateGameSimpleTest" file="/var/www/html/tests/unit/CreateGameSimpleTest.php" line="49" assertions="3" time="0.005670"/>
        <testcase name="testCreateGameWithDifferentMapSizes" class="App\Tests\CreateGameSimpleTest" classname="App.Tests.CreateGameSimpleTest" file="/var/www/html/tests/unit/CreateGameSimpleTest.php" line="75" assertions="8" time="0.015880"/>
        <testcase name="testCreateUsersForGame" class="App\Tests\CreateGameSimpleTest" classname="App.Tests.CreateGameSimpleTest" file="/var/www/html/tests/unit/CreateGameSimpleTest.php" line="102" assertions="6" time="0.026269"/>
        <testcase name="testUserColorGeneration" class="App\Tests\CreateGameSimpleTest" classname="App.Tests.CreateGameSimpleTest" file="/var/www/html/tests/unit/CreateGameSimpleTest.php" line="160" assertions="15" time="0.022434"/>
        <testcase name="testGameList" class="App\Tests\CreateGameSimpleTest" classname="App.Tests.CreateGameSimpleTest" file="/var/www/html/tests/unit/CreateGameSimpleTest.php" line="208" assertions="7" time="0.022240"/>
        <testcase name="testGameGetMethod" class="App\Tests\CreateGameSimpleTest" classname="App.Tests.CreateGameSimpleTest" file="/var/www/html/tests/unit/CreateGameSimpleTest.php" line="242" assertions="3" time="0.007514"/>
        <testcase name="testGameCaching" class="App\Tests\CreateGameSimpleTest" classname="App.Tests.CreateGameSimpleTest" file="/var/www/html/tests/unit/CreateGameSimpleTest.php" line="256" assertions="3" time="0.007329"/>
        <testcase name="testUpdateGameData" class="App\Tests\CreateGameSimpleTest" classname="App.Tests.CreateGameSimpleTest" file="/var/www/html/tests/unit/CreateGameSimpleTest.php" line="277" assertions="2" time="0.014239"/>
        <testcase name="testHtmlEscapingInGameName" class="App\Tests\CreateGameSimpleTest" classname="App.Tests.CreateGameSimpleTest" file="/var/www/html/tests/unit/CreateGameSimpleTest.php" line="303" assertions="1" time="0.006366"/>
        <testcase name="testHtmlEscapingInUserLogin" class="App\Tests\CreateGameSimpleTest" classname="App.Tests.CreateGameSimpleTest" file="/var/www/html/tests/unit/CreateGameSimpleTest.php" line="326" assertions="1" time="0.008699"/>
      </testsuite>
      <testsuite name="App\Tests\DatabaseConfigTest" file="/var/www/html/tests/unit/DatabaseConfigTest.php" tests="6" assertions="29" errors="0" warnings="0" failures="0" skipped="0" time="21.101145">
        <testcase name="testTestDatabaseConfiguration" class="App\Tests\DatabaseConfigTest" classname="App.Tests.DatabaseConfigTest" file="/var/www/html/tests/unit/DatabaseConfigTest.php" line="25" assertions="5" time="1.171871"/>
        <testcase name="testTestTablesCreation" class="App\Tests\DatabaseConfigTest" classname="App.Tests.DatabaseConfigTest" file="/var/www/html/tests/unit/DatabaseConfigTest.php" line="104" assertions="5" time="11.037585"/>
        <testcase name="testTestDataOperations" class="App\Tests\DatabaseConfigTest" classname="App.Tests.DatabaseConfigTest" file="/var/www/html/tests/unit/DatabaseConfigTest.php" line="123" assertions="5" time="2.565929"/>
        <testcase name="testTestDataCleanup" class="App\Tests\DatabaseConfigTest" classname="App.Tests.DatabaseConfigTest" file="/var/www/html/tests/unit/DatabaseConfigTest.php" line="171" assertions="4" time="1.413159"/>
        <testcase name="testTransactionHandling" class="App\Tests\DatabaseConfigTest" classname="App.Tests.DatabaseConfigTest" file="/var/www/html/tests/unit/DatabaseConfigTest.php" line="214" assertions="2" time="3.518491"/>
        <testcase name="testGameAndUserMocks" class="App\Tests\DatabaseConfigTest" classname="App.Tests.DatabaseConfigTest" file="/var/www/html/tests/unit/DatabaseConfigTest.php" line="243" assertions="8" time="1.394110"/>
      </testsuite>
      <testsuite name="App\Tests\EditGameTest" file="/var/www/html/tests/unit/EditGameTest.php" tests="17" assertions="58" errors="0" warnings="0" failures="0" skipped="0" time="0.134188">
        <testcase name="testLoadGameWithoutId" class="App\Tests\EditGameTest" classname="App.Tests.EditGameTest" file="/var/www/html/tests/unit/EditGameTest.php" line="25" assertions="1" time="0.016241"/>
        <testcase name="testEditBasicGameParameters" class="App\Tests\EditGameTest" classname="App.Tests.EditGameTest" file="/var/www/html/tests/unit/EditGameTest.php" line="38" assertions="6" time="0.014643"/>
        <testcase name="testEditGameNameOnly" class="App\Tests\EditGameTest" classname="App.Tests.EditGameTest" file="/var/www/html/tests/unit/EditGameTest.php" line="90" assertions="4" time="0.008145"/>
        <testcase name="testEditMapSize" class="App\Tests\EditGameTest" classname="App.Tests.EditGameTest" file="/var/www/html/tests/unit/EditGameTest.php" line="128" assertions="3" time="0.006702"/>
        <testcase name="testEditTurnType" class="App\Tests\EditGameTest" classname="App.Tests.EditGameTest" file="/var/www/html/tests/unit/EditGameTest.php" line="159" assertions="6" time="0.016113"/>
        <testcase name="testLoadGameDataForEditing" class="App\Tests\EditGameTest" classname="App.Tests.EditGameTest" file="/var/www/html/tests/unit/EditGameTest.php" line="193" assertions="6" time="0.006007"/>
        <testcase name="testEditWithEmptyName" class="App\Tests\EditGameTest" classname="App.Tests.EditGameTest" file="/var/www/html/tests/unit/EditGameTest.php" line="240" assertions="2" time="0.005932"/>
        <testcase name="testEditWithInvalidMapSize" class="App\Tests\EditGameTest" classname="App.Tests.EditGameTest" file="/var/www/html/tests/unit/EditGameTest.php" line="267" assertions="4" time="0.014897"/>
        <testcase name="testEditWithInvalidTurnType" class="App\Tests\EditGameTest" classname="App.Tests.EditGameTest" file="/var/www/html/tests/unit/EditGameTest.php" line="313" assertions="2" time="0.006967"/>
        <testcase name="testEditNonExistentGame" class="App\Tests\EditGameTest" classname="App.Tests.EditGameTest" file="/var/www/html/tests/unit/EditGameTest.php" line="344" assertions="2" time="0.002340">
          <system-out>Debug: Exception thrown: Ошибка: Игра не найдена.
</system-out>
        </testcase>
        <testcase name="testEditWithoutGameId" class="App\Tests\EditGameTest" classname="App.Tests.EditGameTest" file="/var/www/html/tests/unit/EditGameTest.php" line="384" assertions="1" time="0.002160"/>
        <testcase name="testDataPreservationOnValidationError" class="App\Tests\EditGameTest" classname="App.Tests.EditGameTest" file="/var/www/html/tests/unit/EditGameTest.php" line="402" assertions="6" time="0.005431"/>
        <testcase name="testXSSInEditedGameName" class="App\Tests\EditGameTest" classname="App.Tests.EditGameTest" file="/var/www/html/tests/unit/EditGameTest.php" line="458" assertions="2" time="0.006078"/>
        <testcase name="testVeryLongStringsInEdit" class="App\Tests\EditGameTest" classname="App.Tests.EditGameTest" file="/var/www/html/tests/unit/EditGameTest.php" line="496" assertions="4" time="0.007664"/>
        <testcase name="testLoadNonExistentGameForEditing" class="App\Tests\EditGameTest" classname="App.Tests.EditGameTest" file="/var/www/html/tests/unit/EditGameTest.php" line="537" assertions="1" time="0.003037"/>
        <testcase name="testMultipleValidationErrors" class="App\Tests\EditGameTest" classname="App.Tests.EditGameTest" file="/var/www/html/tests/unit/EditGameTest.php" line="550" assertions="3" time="0.005599"/>
        <testcase name="testGameNotChangedOnValidationError" class="App\Tests\EditGameTest" classname="App.Tests.EditGameTest" file="/var/www/html/tests/unit/EditGameTest.php" line="578" assertions="5" time="0.006232"/>
      </testsuite>
      <testsuite name="EmptyTest" file="/var/www/html/tests/unit/EmptyTest.php" tests="1" assertions="1" errors="0" warnings="0" failures="0" skipped="0" time="0.000091">
        <testcase name="testEmpty" class="EmptyTest" classname="EmptyTest" file="/var/www/html/tests/unit/EmptyTest.php" line="7" assertions="1" time="0.000091"/>
      </testsuite>
      <testsuite name="App\Tests\EventTest" file="/var/www/html/tests/unit/EventTest.php" tests="10" assertions="56" errors="0" warnings="0" failures="0" skipped="0" time="0.127736">
        <testcase name="testGet" class="App\Tests\EventTest" classname="App.Tests.EventTest" file="/var/www/html/tests/unit/EventTest.php" line="24" assertions="8" time="0.014881"/>
        <testcase name="testConstructorResearch" class="App\Tests\EventTest" classname="App.Tests.EventTest" file="/var/www/html/tests/unit/EventTest.php" line="59" assertions="7" time="0.003502"/>
        <testcase name="testConstructorCityBuilding" class="App\Tests\EventTest" classname="App.Tests.EventTest" file="/var/www/html/tests/unit/EventTest.php" line="95" assertions="8" time="0.021224"/>
        <testcase name="testConstructorCityUnit" class="App\Tests\EventTest" classname="App.Tests.EventTest" file="/var/www/html/tests/unit/EventTest.php" line="133" assertions="8" time="0.020645"/>
        <testcase name="testSaveNew" class="App\Tests\EventTest" classname="App.Tests.EventTest" file="/var/www/html/tests/unit/EventTest.php" line="171" assertions="6" time="0.003462"/>
        <testcase name="testSaveWithSource" class="App\Tests\EventTest" classname="App.Tests.EventTest" file="/var/www/html/tests/unit/EventTest.php" line="204" assertions="6" time="0.018274"/>
        <testcase name="testSaveUpdate" class="App\Tests\EventTest" classname="App.Tests.EventTest" file="/var/www/html/tests/unit/EventTest.php" line="242" assertions="1" time="0.003826"/>
        <testcase name="testRemove" class="App\Tests\EventTest" classname="App.Tests.EventTest" file="/var/www/html/tests/unit/EventTest.php" line="279" assertions="1" time="0.003759"/>
        <testcase name="testGetTitle" class="App\Tests\EventTest" classname="App.Tests.EventTest" file="/var/www/html/tests/unit/EventTest.php" line="315" assertions="4" time="0.017070"/>
        <testcase name="testGetText" class="App\Tests\EventTest" classname="App.Tests.EventTest" file="/var/www/html/tests/unit/EventTest.php" line="361" assertions="7" time="0.021094"/>
      </testsuite>
      <testsuite name="App\Tests\GameTest" file="/var/www/html/tests/unit/GameTest.php" tests="15" assertions="59" errors="0" warnings="0" failures="0" skipped="0" time="0.134582">
        <testcase name="testGetExistingGame" class="App\Tests\GameTest" classname="App.Tests.GameTest" file="/var/www/html/tests/unit/GameTest.php" line="22" assertions="6" time="0.004190"/>
        <testcase name="testGetNonExistingGame" class="App\Tests\GameTest" classname="App.Tests.GameTest" file="/var/www/html/tests/unit/GameTest.php" line="44" assertions="1" time="0.000725"/>
        <testcase name="testConstruct" class="App\Tests\GameTest" classname="App.Tests.GameTest" file="/var/www/html/tests/unit/GameTest.php" line="54" assertions="8" time="0.000720"/>
        <testcase name="testSaveNew" class="App\Tests\GameTest" classname="App.Tests.GameTest" file="/var/www/html/tests/unit/GameTest.php" line="80" assertions="6" time="0.006688"/>
        <testcase name="testSaveUpdate" class="App\Tests\GameTest" classname="App.Tests.GameTest" file="/var/www/html/tests/unit/GameTest.php" line="107" assertions="2" time="0.003117"/>
        <testcase name="testGameList" class="App\Tests\GameTest" classname="App.Tests.GameTest" file="/var/www/html/tests/unit/GameTest.php" line="128" assertions="5" time="0.003451"/>
        <testcase name="testAllSystemMessage" class="App\Tests\GameTest" classname="App.Tests.GameTest" file="/var/www/html/tests/unit/GameTest.php" line="151" assertions="10" time="0.012584"/>
        <testcase name="testGetActivePlayerByTurn" class="App\Tests\GameTest" classname="App.Tests.GameTest" file="/var/www/html/tests/unit/GameTest.php" line="190" assertions="1" time="0.009662"/>
        <testcase name="testGetActivePlayerConcurrently" class="App\Tests\GameTest" classname="App.Tests.GameTest" file="/var/www/html/tests/unit/GameTest.php" line="205" assertions="2" time="0.003319"/>
        <testcase name="testGetActivePlayerNoActive" class="App\Tests\GameTest" classname="App.Tests.GameTest" file="/var/www/html/tests/unit/GameTest.php" line="222" assertions="1" time="0.003760"/>
        <testcase name="testGetFirstPlanet" class="App\Tests\GameTest" classname="App.Tests.GameTest" file="/var/www/html/tests/unit/GameTest.php" line="237" assertions="5" time="0.003903"/>
        <testcase name="testGetFirstPlanetNoPlanets" class="App\Tests\GameTest" classname="App.Tests.GameTest" file="/var/www/html/tests/unit/GameTest.php" line="255" assertions="1" time="0.003389"/>
        <testcase name="testCalculateByTurn" class="App\Tests\GameTest" classname="App.Tests.GameTest" file="/var/www/html/tests/unit/GameTest.php" line="268" assertions="3" time="0.010829"/>
        <testcase name="testCalculateConcurrently" class="App\Tests\GameTest" classname="App.Tests.GameTest" file="/var/www/html/tests/unit/GameTest.php" line="291" assertions="3" time="0.008520"/>
        <testcase name="testCreateNewGame" class="App\Tests\GameTest" classname="App.Tests.GameTest" file="/var/www/html/tests/unit/GameTest.php" line="314" assertions="5" time="0.059725"/>
      </testsuite>
      <testsuite name="App\Tests\MessageTest" file="/var/www/html/tests/unit/MessageTest.php" tests="7" assertions="38" errors="0" warnings="0" failures="0" skipped="0" time="0.069618">
        <testcase name="testConstructorWithFullData" class="App\Tests\MessageTest" classname="App.Tests.MessageTest" file="/var/www/html/tests/unit/MessageTest.php" line="19" assertions="7" time="0.012908"/>
        <testcase name="testConstructorWithoutFrom" class="App\Tests\MessageTest" classname="App.Tests.MessageTest" file="/var/www/html/tests/unit/MessageTest.php" line="47" assertions="6" time="0.006245"/>
        <testcase name="testConstructorWithoutTo" class="App\Tests\MessageTest" classname="App.Tests.MessageTest" file="/var/www/html/tests/unit/MessageTest.php" line="72" assertions="6" time="0.011436"/>
        <testcase name="testSaveNew" class="App\Tests\MessageTest" classname="App.Tests.MessageTest" file="/var/www/html/tests/unit/MessageTest.php" line="97" assertions="6" time="0.011346"/>
        <testcase name="testSaveUpdate" class="App\Tests\MessageTest" classname="App.Tests.MessageTest" file="/var/www/html/tests/unit/MessageTest.php" line="131" assertions="3" time="0.009070"/>
        <testcase name="testSaveSystemMessage" class="App\Tests\MessageTest" classname="App.Tests.MessageTest" file="/var/www/html/tests/unit/MessageTest.php" line="171" assertions="5" time="0.018420"/>
        <testcase name="testConstructorMinimalData" class="App\Tests\MessageTest" classname="App.Tests.MessageTest" file="/var/www/html/tests/unit/MessageTest.php" line="202" assertions="5" time="0.000191"/>
      </testsuite>
      <testsuite name="App\Tests\MissionTypeTest" file="/var/www/html/tests/unit/MissionTypeTest.php" tests="5" assertions="13" errors="0" warnings="0" failures="0" skipped="0" time="0.150080">
        <testcase name="testConstructor" class="App\Tests\MissionTypeTest" classname="App.Tests.MissionTypeTest" file="/var/www/html/tests/unit/MissionTypeTest.php" line="25" assertions="2" time="0.000281"/>
        <testcase name="testGet" class="App\Tests\MissionTypeTest" classname="App.Tests.MissionTypeTest" file="/var/www/html/tests/unit/MissionTypeTest.php" line="39" assertions="2" time="0.000222"/>
        <testcase name="testGetTitle" class="App\Tests\MissionTypeTest" classname="App.Tests.MissionTypeTest" file="/var/www/html/tests/unit/MissionTypeTest.php" line="46" assertions="1" time="0.000091"/>
        <testcase name="testCheckCell" class="App\Tests\MissionTypeTest" classname="App.Tests.MissionTypeTest" file="/var/www/html/tests/unit/MissionTypeTest.php" line="54" assertions="3" time="0.074044"/>
        <testcase name="testComplete" class="App\Tests\MissionTypeTest" classname="App.Tests.MissionTypeTest" file="/var/www/html/tests/unit/MissionTypeTest.php" line="76" assertions="5" time="0.075443"/>
      </testsuite>
      <testsuite name="App\Tests\MyDBTest" file="/var/www/html/tests/unit/MyDBTest.php" tests="17" assertions="56" errors="0" warnings="0" failures="0" skipped="0" time="0.755902">
        <testcase name="testSetDBConfig" class="App\Tests\MyDBTest" classname="App.Tests.MyDBTest" file="/var/www/html/tests/unit/MyDBTest.php" line="24" assertions="4" time="0.000226"/>
        <testcase name="testGet" class="App\Tests\MyDBTest" classname="App.Tests.MyDBTest" file="/var/www/html/tests/unit/MyDBTest.php" line="35" assertions="2" time="0.000135"/>
        <testcase name="testQuerySelect" class="App\Tests\MyDBTest" classname="App.Tests.MyDBTest" file="/var/www/html/tests/unit/MyDBTest.php" line="46" assertions="4" time="0.037791"/>
        <testcase name="testQuerySelectOutputTypes" class="App\Tests\MyDBTest" classname="App.Tests.MyDBTest" file="/var/www/html/tests/unit/MyDBTest.php" line="70" assertions="7" time="0.068252"/>
        <testcase name="testInsert" class="App\Tests\MyDBTest" classname="App.Tests.MyDBTest" file="/var/www/html/tests/unit/MyDBTest.php" line="102" assertions="3" time="0.009712"/>
        <testcase name="testInsertMultiple" class="App\Tests\MyDBTest" classname="App.Tests.MyDBTest" file="/var/www/html/tests/unit/MyDBTest.php" line="121" assertions="3" time="0.013129"/>
        <testcase name="testUpdate" class="App\Tests\MyDBTest" classname="App.Tests.MyDBTest" file="/var/www/html/tests/unit/MyDBTest.php" line="143" assertions="2" time="0.041480"/>
        <testcase name="testUpdateWithWhere" class="App\Tests\MyDBTest" classname="App.Tests.MyDBTest" file="/var/www/html/tests/unit/MyDBTest.php" line="166" assertions="3" time="0.037572"/>
        <testcase name="testNullHandling" class="App\Tests\MyDBTest" classname="App.Tests.MyDBTest" file="/var/www/html/tests/unit/MyDBTest.php" line="194" assertions="1" time="0.049461"/>
        <testcase name="testDDLQueries" class="App\Tests\MyDBTest" classname="App.Tests.MyDBTest" file="/var/www/html/tests/unit/MyDBTest.php" line="214" assertions="3" time="0.040286"/>
        <testcase name="testErrorHandling" class="App\Tests\MyDBTest" classname="App.Tests.MyDBTest" file="/var/www/html/tests/unit/MyDBTest.php" line="235" assertions="1" time="0.000860"/>
        <testcase name="testTransactions" class="App\Tests\MyDBTest" classname="App.Tests.MyDBTest" file="/var/www/html/tests/unit/MyDBTest.php" line="245" assertions="2" time="0.043868"/>
        <testcase name="testEnableLogging" class="App\Tests\MyDBTest" classname="App.Tests.MyDBTest" file="/var/www/html/tests/unit/MyDBTest.php" line="276" assertions="3" time="0.000649"/>
        <testcase name="testGetQueryLog" class="App\Tests\MyDBTest" classname="App.Tests.MyDBTest" file="/var/www/html/tests/unit/MyDBTest.php" line="302" assertions="2" time="0.000053"/>
        <testcase name="testQueryLogging" class="App\Tests\MyDBTest" classname="App.Tests.MyDBTest" file="/var/www/html/tests/unit/MyDBTest.php" line="313" assertions="4" time="0.153341"/>
        <testcase name="testInsertLogging" class="App\Tests\MyDBTest" classname="App.Tests.MyDBTest" file="/var/www/html/tests/unit/MyDBTest.php" line="336" assertions="6" time="0.159261"/>
        <testcase name="testUpdateLogging" class="App\Tests\MyDBTest" classname="App.Tests.MyDBTest" file="/var/www/html/tests/unit/MyDBTest.php" line="373" assertions="6" time="0.099825"/>
      </testsuite>
      <testsuite name="App\Tests\OpenGameTest" file="/var/www/html/tests/unit/OpenGameTest.php" tests="13" assertions="35" errors="0" warnings="0" failures="0" skipped="0" time="0.297395">
        <testcase name="testOpenGameWithUserFromDifferentGame" class="App\Tests\OpenGameTest" classname="App.Tests.OpenGameTest" file="/var/www/html/tests/unit/OpenGameTest.php" line="27" assertions="3" time="0.026787"/>
        <testcase name="testSuccessfulGameOpening" class="App\Tests\OpenGameTest" classname="App.Tests.OpenGameTest" file="/var/www/html/tests/unit/OpenGameTest.php" line="59" assertions="2" time="0.017029"/>
        <testcase name="testOpenGameWithMultiplePlayers" class="App\Tests\OpenGameTest" classname="App.Tests.OpenGameTest" file="/var/www/html/tests/unit/OpenGameTest.php" line="96" assertions="4" time="0.024336"/>
        <testcase name="testOpenGameWithDifferentTurnTypes" class="App\Tests\OpenGameTest" classname="App.Tests.OpenGameTest" file="/var/www/html/tests/unit/OpenGameTest.php" line="134" assertions="6" time="0.048483"/>
        <testcase name="testOpenNonExistentGame" class="App\Tests\OpenGameTest" classname="App.Tests.OpenGameTest" file="/var/www/html/tests/unit/OpenGameTest.php" line="172" assertions="1" time="0.010863"/>
        <testcase name="testOpenGameWithNonExistentUser" class="App\Tests\OpenGameTest" classname="App.Tests.OpenGameTest" file="/var/www/html/tests/unit/OpenGameTest.php" line="191" assertions="1" time="0.012728"/>
        <testcase name="testOpenGameWithoutGameId" class="App\Tests\OpenGameTest" classname="App.Tests.OpenGameTest" file="/var/www/html/tests/unit/OpenGameTest.php" line="212" assertions="1" time="0.009828"/>
        <testcase name="testOpenGameWithoutUserId" class="App\Tests\OpenGameTest" classname="App.Tests.OpenGameTest" file="/var/www/html/tests/unit/OpenGameTest.php" line="231" assertions="1" time="0.036988"/>
        <testcase name="testGameListLoading" class="App\Tests\OpenGameTest" classname="App.Tests.OpenGameTest" file="/var/www/html/tests/unit/OpenGameTest.php" line="250" assertions="7" time="0.026663"/>
        <testcase name="testEmptyGameList" class="App\Tests\OpenGameTest" classname="App.Tests.OpenGameTest" file="/var/www/html/tests/unit/OpenGameTest.php" line="294" assertions="1" time="0.003215"/>
        <testcase name="testSessionStateAfterGameOpening" class="App\Tests\OpenGameTest" classname="App.Tests.OpenGameTest" file="/var/www/html/tests/unit/OpenGameTest.php" line="303" assertions="3" time="0.013200"/>
        <testcase name="testReopenGameWithDifferentUser" class="App\Tests\OpenGameTest" classname="App.Tests.OpenGameTest" file="/var/www/html/tests/unit/OpenGameTest.php" line="330" assertions="3" time="0.013515"/>
        <testcase name="testOpenGameWithMaxPlayers" class="App\Tests\OpenGameTest" classname="App.Tests.OpenGameTest" file="/var/www/html/tests/unit/OpenGameTest.php" line="377" assertions="2" time="0.053762"/>
      </testsuite>
      <testsuite name="App\Tests\PlanetTest" file="/var/www/html/tests/unit/PlanetTest.php" tests="9" assertions="24" errors="0" warnings="0" failures="0" skipped="0" time="0.221276">
        <testcase name="testGetExistingPlanet" class="App\Tests\PlanetTest" classname="App.Tests.PlanetTest" file="/var/www/html/tests/unit/PlanetTest.php" line="20" assertions="4" time="0.052352"/>
        <testcase name="testGetNonExistingPlanet" class="App\Tests\PlanetTest" classname="App.Tests.PlanetTest" file="/var/www/html/tests/unit/PlanetTest.php" line="37" assertions="1" time="0.002507"/>
        <testcase name="testConstructor" class="App\Tests\PlanetTest" classname="App.Tests.PlanetTest" file="/var/www/html/tests/unit/PlanetTest.php" line="47" assertions="4" time="0.016131"/>
        <testcase name="testConstructorWithoutId" class="App\Tests\PlanetTest" classname="App.Tests.PlanetTest" file="/var/www/html/tests/unit/PlanetTest.php" line="70" assertions="3" time="0.012379"/>
        <testcase name="testConstructorWithInvalidData" class="App\Tests\PlanetTest" classname="App.Tests.PlanetTest" file="/var/www/html/tests/unit/PlanetTest.php" line="89" assertions="2" time="0.072387"/>
        <testcase name="testSaveNew" class="App\Tests\PlanetTest" classname="App.Tests.PlanetTest" file="/var/www/html/tests/unit/PlanetTest.php" line="100" assertions="4" time="0.029248"/>
        <testcase name="testSaveUpdate" class="App\Tests\PlanetTest" classname="App.Tests.PlanetTest" file="/var/www/html/tests/unit/PlanetTest.php" line="128" assertions="2" time="0.016531"/>
        <testcase name="testGetGame" class="App\Tests\PlanetTest" classname="App.Tests.PlanetTest" file="/var/www/html/tests/unit/PlanetTest.php" line="152" assertions="1" time="0.016368"/>
        <testcase name="testClearCache" class="App\Tests\PlanetTest" classname="App.Tests.PlanetTest" file="/var/www/html/tests/unit/PlanetTest.php" line="167" assertions="3" time="0.003373"/>
      </testsuite>
      <testsuite name="App\Tests\ResearchTypeTest" file="/var/www/html/tests/unit/ResearchTypeTest.php" tests="13" assertions="65" errors="0" warnings="0" failures="0" skipped="0" time="0.397840">
        <testcase name="testGetExistingResearchType" class="App\Tests\ResearchTypeTest" classname="App.Tests.ResearchTypeTest" file="/var/www/html/tests/unit/ResearchTypeTest.php" line="18" assertions="6" time="0.031442"/>
        <testcase name="testGetNonExistingResearchType" class="App\Tests\ResearchTypeTest" classname="App.Tests.ResearchTypeTest" file="/var/www/html/tests/unit/ResearchTypeTest.php" line="48" assertions="1" time="0.002311"/>
        <testcase name="testConstructor" class="App\Tests\ResearchTypeTest" classname="App.Tests.ResearchTypeTest" file="/var/www/html/tests/unit/ResearchTypeTest.php" line="59" assertions="10" time="0.022835"/>
        <testcase name="testConstructorWithoutId" class="App\Tests\ResearchTypeTest" classname="App.Tests.ResearchTypeTest" file="/var/www/html/tests/unit/ResearchTypeTest.php" line="92" assertions="3" time="0.005561"/>
        <testcase name="testGetTitle" class="App\Tests\ResearchTypeTest" classname="App.Tests.ResearchTypeTest" file="/var/www/html/tests/unit/ResearchTypeTest.php" line="110" assertions="1" time="0.022808"/>
        <testcase name="testGetTurnCount" class="App\Tests\ResearchTypeTest" classname="App.Tests.ResearchTypeTest" file="/var/www/html/tests/unit/ResearchTypeTest.php" line="132" assertions="4" time="0.029761"/>
        <testcase name="testGetNeedAgeIds" class="App\Tests\ResearchTypeTest" classname="App.Tests.ResearchTypeTest" file="/var/www/html/tests/unit/ResearchTypeTest.php" line="168" assertions="7" time="0.185433"/>
        <testcase name="testResearchRequirements" class="App\Tests\ResearchTypeTest" classname="App.Tests.ResearchTypeTest" file="/var/www/html/tests/unit/ResearchTypeTest.php" line="221" assertions="5" time="0.024293"/>
        <testcase name="testGetAll" class="App\Tests\ResearchTypeTest" classname="App.Tests.ResearchTypeTest" file="/var/www/html/tests/unit/ResearchTypeTest.php" line="263" assertions="10" time="0.000143"/>
        <testcase name="testSaveNewResearchType" class="App\Tests\ResearchTypeTest" classname="App.Tests.ResearchTypeTest" file="/var/www/html/tests/unit/ResearchTypeTest.php" line="286" assertions="4" time="0.009105"/>
        <testcase name="testSaveExistingResearchType" class="App\Tests\ResearchTypeTest" classname="App.Tests.ResearchTypeTest" file="/var/www/html/tests/unit/ResearchTypeTest.php" line="323" assertions="2" time="0.018176"/>
        <testcase name="testDeleteResearchType" class="App\Tests\ResearchTypeTest" classname="App.Tests.ResearchTypeTest" file="/var/www/html/tests/unit/ResearchTypeTest.php" line="358" assertions="3" time="0.011883"/>
        <testcase name="testResearchRequirementsObjects" class="App\Tests\ResearchTypeTest" classname="App.Tests.ResearchTypeTest" file="/var/www/html/tests/unit/ResearchTypeTest.php" line="385" assertions="9" time="0.034087"/>
      </testsuite>
      <testsuite name="App\Tests\ResourceTest" file="/var/www/html/tests/unit/ResourceTest.php" tests="11" assertions="53" errors="0" warnings="0" failures="0" skipped="0" time="0.029627">
        <testcase name="testGet" class="App\Tests\ResourceTest" classname="App.Tests.ResourceTest" file="/var/www/html/tests/unit/ResourceTest.php" line="19" assertions="9" time="0.005047"/>
        <testcase name="testGetNonExisting" class="App\Tests\ResourceTest" classname="App.Tests.ResourceTest" file="/var/www/html/tests/unit/ResourceTest.php" line="50" assertions="1" time="0.002879"/>
        <testcase name="testConstructor" class="App\Tests\ResourceTest" classname="App.Tests.ResourceTest" file="/var/www/html/tests/unit/ResourceTest.php" line="63" assertions="7" time="0.002364"/>
        <testcase name="testConstructorWithoutId" class="App\Tests\ResourceTest" classname="App.Tests.ResourceTest" file="/var/www/html/tests/unit/ResourceTest.php" line="91" assertions="7" time="0.002417"/>
        <testcase name="testGetTitle" class="App\Tests\ResourceTest" classname="App.Tests.ResourceTest" file="/var/www/html/tests/unit/ResourceTest.php" line="118" assertions="1" time="0.002223"/>
        <testcase name="testGetTitleWithoutType" class="App\Tests\ResourceTest" classname="App.Tests.ResourceTest" file="/var/www/html/tests/unit/ResourceTest.php" line="139" assertions="1" time="0.001890"/>
        <testcase name="testSaveNew" class="App\Tests\ResourceTest" classname="App.Tests.ResourceTest" file="/var/www/html/tests/unit/ResourceTest.php" line="155" assertions="7" time="0.002675"/>
        <testcase name="testSaveUpdate" class="App\Tests\ResourceTest" classname="App.Tests.ResourceTest" file="/var/www/html/tests/unit/ResourceTest.php" line="190" assertions="1" time="0.003341"/>
        <testcase name="testSaveWithoutType" class="App\Tests\ResourceTest" classname="App.Tests.ResourceTest" file="/var/www/html/tests/unit/ResourceTest.php" line="229" assertions="2" time="0.000793"/>
        <testcase name="testDifferentResourceTypes" class="App\Tests\ResourceTest" classname="App.Tests.ResourceTest" file="/var/www/html/tests/unit/ResourceTest.php" line="247" assertions="12" time="0.002727"/>
        <testcase name="testResourceCoordinatesUniqueness" class="App\Tests\ResourceTest" classname="App.Tests.ResourceTest" file="/var/www/html/tests/unit/ResourceTest.php" line="274" assertions="5" time="0.003269"/>
      </testsuite>
      <testsuite name="App\Tests\ResourceTypeTest" file="/var/www/html/tests/unit/ResourceTypeTest.php" tests="9" assertions="33" errors="0" warnings="0" failures="0" skipped="0" time="0.065520">
        <testcase name="testGetExistingResourceType" class="App\Tests\ResourceTypeTest" classname="App.Tests.ResourceTypeTest" file="/var/www/html/tests/unit/ResourceTypeTest.php" line="20" assertions="7" time="0.003283"/>
        <testcase name="testGetNonExistingResourceType" class="App\Tests\ResourceTypeTest" classname="App.Tests.ResourceTypeTest" file="/var/www/html/tests/unit/ResourceTypeTest.php" line="43" assertions="1" time="0.000659"/>
        <testcase name="testConstructor" class="App\Tests\ResourceTypeTest" classname="App.Tests.ResourceTypeTest" file="/var/www/html/tests/unit/ResourceTypeTest.php" line="53" assertions="12" time="0.000075"/>
        <testcase name="testGetTitle" class="App\Tests\ResourceTypeTest" classname="App.Tests.ResourceTypeTest" file="/var/www/html/tests/unit/ResourceTypeTest.php" line="90" assertions="1" time="0.002599"/>
        <testcase name="testCanUseWithoutRequiredResearch" class="App\Tests\ResourceTypeTest" classname="App.Tests.ResourceTypeTest" file="/var/www/html/tests/unit/ResourceTypeTest.php" line="103" assertions="1" time="0.005847"/>
        <testcase name="testCanUseWithRequiredResearchAvailable" class="App\Tests\ResourceTypeTest" classname="App.Tests.ResourceTypeTest" file="/var/www/html/tests/unit/ResourceTypeTest.php" line="118" assertions="1" time="0.025262"/>
        <testcase name="testCanUseWithRequiredResearchUnavailable" class="App\Tests\ResourceTypeTest" classname="App.Tests.ResourceTypeTest" file="/var/www/html/tests/unit/ResourceTypeTest.php" line="144" assertions="1" time="0.009297"/>
        <testcase name="testComplexProperties" class="App\Tests\ResourceTypeTest" classname="App.Tests.ResourceTypeTest" file="/var/www/html/tests/unit/ResourceTypeTest.php" line="165" assertions="8" time="0.018096"/>
        <testcase name="testGetAll" class="App\Tests\ResourceTypeTest" classname="App.Tests.ResourceTypeTest" file="/var/www/html/tests/unit/ResourceTypeTest.php" line="199" assertions="1" time="0.000402"/>
      </testsuite>
      <testsuite name="App\Tests\UnitTest" file="/var/www/html/tests/unit/UnitTest.php" tests="11" assertions="40" errors="0" warnings="0" failures="0" skipped="0" time="0.084151">
        <testcase name="testGetExistingUnit" class="App\Tests\UnitTest" classname="App.Tests.UnitTest" file="/var/www/html/tests/unit/UnitTest.php" line="21" assertions="6" time="0.022298"/>
        <testcase name="testGetNonExistingUnit" class="App\Tests\UnitTest" classname="App.Tests.UnitTest" file="/var/www/html/tests/unit/UnitTest.php" line="50" assertions="1" time="0.002325"/>
        <testcase name="testConstruct" class="App\Tests\UnitTest" classname="App.Tests.UnitTest" file="/var/www/html/tests/unit/UnitTest.php" line="60" assertions="8" time="0.006307"/>
        <testcase name="testSaveNew" class="App\Tests\UnitTest" classname="App.Tests.UnitTest" file="/var/www/html/tests/unit/UnitTest.php" line="100" assertions="6" time="0.006262"/>
        <testcase name="testSaveUpdate" class="App\Tests\UnitTest" classname="App.Tests.UnitTest" file="/var/www/html/tests/unit/UnitTest.php" line="144" assertions="3" time="0.007544"/>
        <testcase name="testGetTitle" class="App\Tests\UnitTest" classname="App.Tests.UnitTest" file="/var/www/html/tests/unit/UnitTest.php" line="190" assertions="1" time="0.006220"/>
        <testcase name="testRemove" class="App\Tests\UnitTest" classname="App.Tests.UnitTest" file="/var/www/html/tests/unit/UnitTest.php" line="219" assertions="1" time="0.004868"/>
        <testcase name="testGetMissionTypes" class="App\Tests\UnitTest" classname="App.Tests.UnitTest" file="/var/www/html/tests/unit/UnitTest.php" line="261" assertions="4" time="0.008721"/>
        <testcase name="testCanMove" class="App\Tests\UnitTest" classname="App.Tests.UnitTest" file="/var/www/html/tests/unit/UnitTest.php" line="306" assertions="1" time="0.007815"/>
        <testcase name="testMoveTo" class="App\Tests\UnitTest" classname="App.Tests.UnitTest" file="/var/www/html/tests/unit/UnitTest.php" line="344" assertions="4" time="0.006918"/>
        <testcase name="testGetAll" class="App\Tests\UnitTest" classname="App.Tests.UnitTest" file="/var/www/html/tests/unit/UnitTest.php" line="385" assertions="5" time="0.004874"/>
      </testsuite>
      <testsuite name="App\Tests\UnitTypeTest" file="/var/www/html/tests/unit/UnitTypeTest.php" tests="6" assertions="32" errors="0" warnings="0" failures="0" skipped="0" time="0.017454">
        <testcase name="testGetExistingUnitType" class="App\Tests\UnitTypeTest" classname="App.Tests.UnitTypeTest" file="/var/www/html/tests/unit/UnitTypeTest.php" line="19" assertions="6" time="0.010961"/>
        <testcase name="testGetNonExistingUnitType" class="App\Tests\UnitTypeTest" classname="App.Tests.UnitTypeTest" file="/var/www/html/tests/unit/UnitTypeTest.php" line="49" assertions="1" time="0.001326"/>
        <testcase name="testConstructBasic" class="App\Tests\UnitTypeTest" classname="App.Tests.UnitTypeTest" file="/var/www/html/tests/unit/UnitTypeTest.php" line="59" assertions="7" time="0.000085"/>
        <testcase name="testConstructWithCanMove" class="App\Tests\UnitTypeTest" classname="App.Tests.UnitTypeTest" file="/var/www/html/tests/unit/UnitTypeTest.php" line="85" assertions="6" time="0.000052"/>
        <testcase name="testCaching" class="App\Tests\UnitTypeTest" classname="App.Tests.UnitTypeTest" file="/var/www/html/tests/unit/UnitTypeTest.php" line="110" assertions="1" time="0.004931"/>
        <testcase name="testDefaultProperties" class="App\Tests\UnitTypeTest" classname="App.Tests.UnitTypeTest" file="/var/www/html/tests/unit/UnitTypeTest.php" line="127" assertions="11" time="0.000099"/>
      </testsuite>
      <testsuite name="App\Tests\UserTest" file="/var/www/html/tests/unit/UserTest.php" tests="20" assertions="72" errors="0" warnings="0" failures="0" skipped="0" time="0.452639">
        <testcase name="testGetExistingUser" class="App\Tests\UserTest" classname="App.Tests.UserTest" file="/var/www/html/tests/unit/UserTest.php" line="25" assertions="5" time="0.006298"/>
        <testcase name="testGetNonExistingUser" class="App\Tests\UserTest" classname="App.Tests.UserTest" file="/var/www/html/tests/unit/UserTest.php" line="45" assertions="1" time="0.000819"/>
        <testcase name="testConstruct" class="App\Tests\UserTest" classname="App.Tests.UserTest" file="/var/www/html/tests/unit/UserTest.php" line="56" assertions="11" time="0.000079"/>
        <testcase name="testSaveNew" class="App\Tests\UserTest" classname="App.Tests.UserTest" file="/var/www/html/tests/unit/UserTest.php" line="91" assertions="9" time="0.002555"/>
        <testcase name="testSaveUpdate" class="App\Tests\UserTest" classname="App.Tests.UserTest" file="/var/www/html/tests/unit/UserTest.php" line="129" assertions="2" time="0.008422"/>
        <testcase name="testCalculateIncome" class="App\Tests\UserTest" classname="App.Tests.UserTest" file="/var/www/html/tests/unit/UserTest.php" line="154" assertions="3" time="0.043731"/>
        <testcase name="testGetCities" class="App\Tests\UserTest" classname="App.Tests.UserTest" file="/var/www/html/tests/unit/UserTest.php" line="184" assertions="5" time="0.115143"/>
        <testcase name="testGetResearch" class="App\Tests\UserTest" classname="App.Tests.UserTest" file="/var/www/html/tests/unit/UserTest.php" line="223" assertions="5" time="0.025218"/>
        <testcase name="testStartResearch" class="App\Tests\UserTest" classname="App.Tests.UserTest" file="/var/www/html/tests/unit/UserTest.php" line="259" assertions="2" time="0.012490"/>
        <testcase name="testStartResearchAlreadyDone" class="App\Tests\UserTest" classname="App.Tests.UserTest" file="/var/www/html/tests/unit/UserTest.php" line="282" assertions="2" time="0.014911"/>
        <testcase name="testNewSystemMessage" class="App\Tests\UserTest" classname="App.Tests.UserTest" file="/var/www/html/tests/unit/UserTest.php" line="311" assertions="4" time="0.008278"/>
        <testcase name="testGetNextEventNoEvents" class="App\Tests\UserTest" classname="App.Tests.UserTest" file="/var/www/html/tests/unit/UserTest.php" line="332" assertions="1" time="0.016417"/>
        <testcase name="testGetNextEventWithEvent" class="App\Tests\UserTest" classname="App.Tests.UserTest" file="/var/www/html/tests/unit/UserTest.php" line="345" assertions="4" time="0.005044"/>
        <testcase name="testCalculateResearchNoActive" class="App\Tests\UserTest" classname="App.Tests.UserTest" file="/var/www/html/tests/unit/UserTest.php" line="370" assertions="1" time="0.013110"/>
        <testcase name="testCalculateResearchActive" class="App\Tests\UserTest" classname="App.Tests.UserTest" file="/var/www/html/tests/unit/UserTest.php" line="383" assertions="3" time="0.009384"/>
        <testcase name="testCalculateResearchComplete" class="App\Tests\UserTest" classname="App.Tests.UserTest" file="/var/www/html/tests/unit/UserTest.php" line="413" assertions="6" time="0.022751"/>
        <testcase name="testGetAvailableResearch" class="App\Tests\UserTest" classname="App.Tests.UserTest" file="/var/www/html/tests/unit/UserTest.php" line="458" assertions="3" time="0.016506"/>
        <testcase name="testGetResearchNeedTurns" class="App\Tests\UserTest" classname="App.Tests.UserTest" file="/var/www/html/tests/unit/UserTest.php" line="473" assertions="1" time="0.008081"/>
        <testcase name="testCalculateCities" class="App\Tests\UserTest" classname="App.Tests.UserTest" file="/var/www/html/tests/unit/UserTest.php" line="501" assertions="1" time="0.117814"/>
        <testcase name="testGetMessages" class="App\Tests\UserTest" classname="App.Tests.UserTest" file="/var/www/html/tests/unit/UserTest.php" line="529" assertions="3" time="0.005587"/>
      </testsuite>
    </testsuite>
    <testsuite name="Integration Tests" tests="61" assertions="378" errors="0" warnings="0" failures="0" skipped="0" time="41.482549">
      <testsuite name="App\Tests\Integration\EditGameIntegrationTest" file="/var/www/html/tests/integration/EditGameIntegrationTest.php" tests="12" assertions="50" errors="0" warnings="0" failures="0" skipped="0" time="2.844192">
        <testcase name="testMultipleGameEdits" class="App\Tests\Integration\EditGameIntegrationTest" classname="App.Tests.Integration.EditGameIntegrationTest" file="/var/www/html/tests/integration/EditGameIntegrationTest.php" line="278" assertions="17" time="0.251267"/>
        <testcase name="testFullGameEditProcess" class="App\Tests\Integration\EditGameIntegrationTest" classname="App.Tests.Integration.EditGameIntegrationTest" file="/var/www/html/tests/integration/EditGameIntegrationTest.php" line="52" assertions="4" time="0.110855"/>
        <testcase name="testEditedGameDataPersistence" class="App\Tests\Integration\EditGameIntegrationTest" classname="App.Tests.Integration.EditGameIntegrationTest" file="/var/www/html/tests/integration/EditGameIntegrationTest.php" line="76" assertions="4" time="0.122868"/>
        <testsuite name="App\Tests\Integration\EditGameIntegrationTest::testEditDifferentTurnTypes" tests="3" assertions="6" errors="0" warnings="0" failures="0" skipped="0" time="0.446970">
          <testcase name="testEditDifferentTurnTypes with data set #0" class="App\Tests\Integration\EditGameIntegrationTest" classname="App.Tests.Integration.EditGameIntegrationTest" file="/var/www/html/tests/integration/EditGameIntegrationTest.php" line="101" assertions="2" time="0.122566"/>
          <testcase name="testEditDifferentTurnTypes with data set #1" class="App\Tests\Integration\EditGameIntegrationTest" classname="App.Tests.Integration.EditGameIntegrationTest" file="/var/www/html/tests/integration/EditGameIntegrationTest.php" line="101" assertions="2" time="0.095620"/>
          <testcase name="testEditDifferentTurnTypes with data set #2" class="App\Tests\Integration\EditGameIntegrationTest" classname="App.Tests.Integration.EditGameIntegrationTest" file="/var/www/html/tests/integration/EditGameIntegrationTest.php" line="101" assertions="2" time="0.228784"/>
        </testsuite>
        <testcase name="testPlayerOrderPreservationOnEdit" class="App\Tests\Integration\EditGameIntegrationTest" classname="App.Tests.Integration.EditGameIntegrationTest" file="/var/www/html/tests/integration/EditGameIntegrationTest.php" line="123" assertions="1" time="0.147388"/>
        <testcase name="testPlayerParametersPreservationOnEdit" class="App\Tests\Integration\EditGameIntegrationTest" classname="App.Tests.Integration.EditGameIntegrationTest" file="/var/www/html/tests/integration/EditGameIntegrationTest.php" line="141" assertions="2" time="0.141543"/>
        <testcase name="testValidationErrorsOnEdit" class="App\Tests\Integration\EditGameIntegrationTest" classname="App.Tests.Integration.EditGameIntegrationTest" file="/var/www/html/tests/integration/EditGameIntegrationTest.php" line="157" assertions="5" time="0.052727"/>
        <testcase name="testSQLInjectionProtectionOnEdit" class="App\Tests\Integration\EditGameIntegrationTest" classname="App.Tests.Integration.EditGameIntegrationTest" file="/var/www/html/tests/integration/EditGameIntegrationTest.php" line="180" assertions="1" time="0.117455"/>
        <testcase name="testEditWithRelatedDataPreservation" class="App\Tests\Integration\EditGameIntegrationTest" classname="App.Tests.Integration.EditGameIntegrationTest" file="/var/www/html/tests/integration/EditGameIntegrationTest.php" line="198" assertions="3" time="0.111621"/>
        <testcase name="testPerformanceEditWithMaxPlayers" class="App\Tests\Integration\EditGameIntegrationTest" classname="App.Tests.Integration.EditGameIntegrationTest" file="/var/www/html/tests/integration/EditGameIntegrationTest.php" line="215" assertions="7" time="1.341499"/>
      </testsuite>
      <testsuite name="App\Tests\Integration\MapActionsIntegrationTest" file="/var/www/html/tests/integration/MapActionsIntegrationTest.php" tests="6" assertions="36" errors="0" warnings="0" failures="0" skipped="0" time="0.485581">
        <testcase name="testUnitMovement" class="App\Tests\Integration\MapActionsIntegrationTest" classname="App.Tests.Integration.MapActionsIntegrationTest" file="/var/www/html/tests/integration/MapActionsIntegrationTest.php" line="37" assertions="5" time="0.022607"/>
        <testcase name="testCityFoundation" class="App\Tests\Integration\MapActionsIntegrationTest" classname="App.Tests.Integration.MapActionsIntegrationTest" file="/var/www/html/tests/integration/MapActionsIntegrationTest.php" line="103" assertions="6" time="0.063331"/>
        <testcase name="testMapScrolling" class="App\Tests\Integration\MapActionsIntegrationTest" classname="App.Tests.Integration.MapActionsIntegrationTest" file="/var/www/html/tests/integration/MapActionsIntegrationTest.php" line="155" assertions="6" time="0.165799"/>
        <testcase name="testMapLoadingWithUnits" class="App\Tests\Integration\MapActionsIntegrationTest" classname="App.Tests.Integration.MapActionsIntegrationTest" file="/var/www/html/tests/integration/MapActionsIntegrationTest.php" line="203" assertions="4" time="0.119388"/>
        <testcase name="testMapLoadingWithCity" class="App\Tests\Integration\MapActionsIntegrationTest" classname="App.Tests.Integration.MapActionsIntegrationTest" file="/var/www/html/tests/integration/MapActionsIntegrationTest.php" line="268" assertions="5" time="0.111288"/>
        <testcase name="testMapBoundaries" class="App\Tests\Integration\MapActionsIntegrationTest" classname="App.Tests.Integration.MapActionsIntegrationTest" file="/var/www/html/tests/integration/MapActionsIntegrationTest.php" line="338" assertions="10" time="0.003168"/>
      </testsuite>
      <testsuite name="App\Tests\Integration\NextTurnIntegrationTest" file="/var/www/html/tests/integration/NextTurnIntegrationTest.php" tests="4" assertions="14" errors="0" warnings="0" failures="0" skipped="0" time="4.548979">
        <testcase name="testAllPlayersEndTurnStartNewTurn" class="App\Tests\Integration\NextTurnIntegrationTest" classname="App.Tests.Integration.NextTurnIntegrationTest" file="/var/www/html/tests/integration/NextTurnIntegrationTest.php" line="124" assertions="4" time="0.969658"/>
        <testcase name="testOneWindowModeSessionSwitch" class="App\Tests\Integration\NextTurnIntegrationTest" classname="App.Tests.Integration.NextTurnIntegrationTest" file="/var/www/html/tests/integration/NextTurnIntegrationTest.php" line="168" assertions="3" time="0.962678"/>
        <testcase name="testNextTurnByTurnMode" class="App\Tests\Integration\NextTurnIntegrationTest" classname="App.Tests.Integration.NextTurnIntegrationTest" file="/var/www/html/tests/integration/NextTurnIntegrationTest.php" line="43" assertions="5" time="1.448434"/>
        <testcase name="testNextTurnConcurrentlyNotEndingTurn" class="App\Tests\Integration\NextTurnIntegrationTest" classname="App.Tests.Integration.NextTurnIntegrationTest" file="/var/www/html/tests/integration/NextTurnIntegrationTest.php" line="89" assertions="2" time="1.168210"/>
      </testsuite>
      <testsuite name="App\Tests\AdminIntegrationTest" file="/var/www/html/tests/integration/AdminIntegrationTest.php" tests="13" assertions="92" errors="0" warnings="0" failures="0" skipped="0" time="0.281383">
        <testcase name="testUnitTypeCreationWorkflow" class="App\Tests\AdminIntegrationTest" classname="App.Tests.AdminIntegrationTest" file="/var/www/html/tests/integration/AdminIntegrationTest.php" line="23" assertions="6" time="0.010102"/>
        <testcase name="testResearchTypeCreationWorkflow" class="App\Tests\AdminIntegrationTest" classname="App.Tests.AdminIntegrationTest" file="/var/www/html/tests/integration/AdminIntegrationTest.php" line="60" assertions="10" time="0.006830"/>
        <testcase name="testBuildingTypeCreationWorkflow" class="App\Tests\AdminIntegrationTest" classname="App.Tests.AdminIntegrationTest" file="/var/www/html/tests/integration/AdminIntegrationTest.php" line="102" assertions="8" time="0.007282"/>
        <testcase name="testGetAllTypes" class="App\Tests\AdminIntegrationTest" classname="App.Tests.AdminIntegrationTest" file="/var/www/html/tests/integration/AdminIntegrationTest.php" line="141" assertions="7" time="0.010360"/>
        <testcase name="testInvalidDataHandling" class="App\Tests\AdminIntegrationTest" classname="App.Tests.AdminIntegrationTest" file="/var/www/html/tests/integration/AdminIntegrationTest.php" line="175" assertions="4" time="0.004056"/>
        <testcase name="testComplexScenario" class="App\Tests\AdminIntegrationTest" classname="App.Tests.AdminIntegrationTest" file="/var/www/html/tests/integration/AdminIntegrationTest.php" line="200" assertions="8" time="0.028618"/>
        <testcase name="testFullCrudScenario" class="App\Tests\AdminIntegrationTest" classname="App.Tests.AdminIntegrationTest" file="/var/www/html/tests/integration/AdminIntegrationTest.php" line="258" assertions="9" time="0.058409"/>
        <testcase name="testProductionPageLoad" class="App\Tests\AdminIntegrationTest" classname="App.Tests.AdminIntegrationTest" file="/var/www/html/tests/integration/AdminIntegrationTest.php" line="315" assertions="3" time="0.014096"/>
        <testcase name="testUnitTypesPageLoad" class="App\Tests\AdminIntegrationTest" classname="App.Tests.AdminIntegrationTest" file="/var/www/html/tests/integration/AdminIntegrationTest.php" line="328" assertions="2" time="0.011521"/>
        <testcase name="testBuildingTypesPageLoad" class="App\Tests\AdminIntegrationTest" classname="App.Tests.AdminIntegrationTest" file="/var/www/html/tests/integration/AdminIntegrationTest.php" line="341" assertions="2" time="0.016313"/>
        <testcase name="testResearchTypesPageLoad" class="App\Tests\AdminIntegrationTest" classname="App.Tests.AdminIntegrationTest" file="/var/www/html/tests/integration/AdminIntegrationTest.php" line="354" assertions="2" time="0.016955"/>
        <testcase name="testBuildingTypeEditWorkflow" class="App\Tests\AdminIntegrationTest" classname="App.Tests.AdminIntegrationTest" file="/var/www/html/tests/integration/AdminIntegrationTest.php" line="367" assertions="16" time="0.049562"/>
        <testcase name="testResearchTypeEditWorkflow" class="App\Tests\AdminIntegrationTest" classname="App.Tests.AdminIntegrationTest" file="/var/www/html/tests/integration/AdminIntegrationTest.php" line="461" assertions="15" time="0.047280"/>
      </testsuite>
      <testsuite name="App\Tests\Integration\CreateGameIntegrationTest" file="/var/www/html/tests/integration/CreateGameIntegrationTest.php" tests="13" assertions="152" errors="0" warnings="0" failures="0" skipped="0" time="33.060752">
        <testcase name="testGameCreationAndDataPersistence" class="App\Tests\Integration\CreateGameIntegrationTest" classname="App.Tests.Integration.CreateGameIntegrationTest" file="/var/www/html/tests/integration/CreateGameIntegrationTest.php" line="39" assertions="22" time="1.061128"/>
        <testcase name="testSettlerUnitsCreation" class="App\Tests\Integration\CreateGameIntegrationTest" classname="App.Tests.Integration.CreateGameIntegrationTest" file="/var/www/html/tests/integration/CreateGameIntegrationTest.php" line="64" assertions="14" time="1.368798"/>
        <testcase name="testDifferentTurnTypesViaWeb" class="App\Tests\Integration\CreateGameIntegrationTest" classname="App.Tests.Integration.CreateGameIntegrationTest" file="/var/www/html/tests/integration/CreateGameIntegrationTest.php" line="107" assertions="6" time="2.610674"/>
        <testcase name="testUniquePlayerColorsViaWeb" class="App\Tests\Integration\CreateGameIntegrationTest" classname="App.Tests.Integration.CreateGameIntegrationTest" file="/var/www/html/tests/integration/CreateGameIntegrationTest.php" line="138" assertions="50" time="8.296654"/>
        <testcase name="testPlayerTurnOrderViaWeb" class="App\Tests\Integration\CreateGameIntegrationTest" classname="App.Tests.Integration.CreateGameIntegrationTest" file="/var/www/html/tests/integration/CreateGameIntegrationTest.php" line="157" assertions="29" time="1.194840"/>
        <testcase name="testInitialPlayerParametersViaWeb" class="App\Tests\Integration\CreateGameIntegrationTest" classname="App.Tests.Integration.CreateGameIntegrationTest" file="/var/www/html/tests/integration/CreateGameIntegrationTest.php" line="176" assertions="9" time="1.192809"/>
        <testcase name="testValidationErrorsViaWeb" class="App\Tests\Integration\CreateGameIntegrationTest" classname="App.Tests.Integration.CreateGameIntegrationTest" file="/var/www/html/tests/integration/CreateGameIntegrationTest.php" line="202" assertions="7" time="1.064814"/>
        <testcase name="testPlayerCountValidation" class="App\Tests\Integration\CreateGameIntegrationTest" classname="App.Tests.Integration.CreateGameIntegrationTest" file="/var/www/html/tests/integration/CreateGameIntegrationTest.php" line="224" assertions="2" time="0.895283"/>
        <testcase name="testPerformanceWithMaxPlayers" class="App\Tests\Integration\CreateGameIntegrationTest" classname="App.Tests.Integration.CreateGameIntegrationTest" file="/var/www/html/tests/integration/CreateGameIntegrationTest.php" line="242" assertions="4" time="1.598118"/>
        <testcase name="testSQLInjectionProtection" class="App\Tests\Integration\CreateGameIntegrationTest" classname="App.Tests.Integration.CreateGameIntegrationTest" file="/var/www/html/tests/integration/CreateGameIntegrationTest.php" line="267" assertions="2" time="1.394726"/>
        <testcase name="testXSSProtectionViaWeb" class="App\Tests\Integration\CreateGameIntegrationTest" classname="App.Tests.Integration.CreateGameIntegrationTest" file="/var/www/html/tests/integration/CreateGameIntegrationTest.php" line="291" assertions="2" time="1.236622"/>
        <testcase name="testMultipleGameCreation" class="App\Tests\Integration\CreateGameIntegrationTest" classname="App.Tests.Integration.CreateGameIntegrationTest" file="/var/www/html/tests/integration/CreateGameIntegrationTest.php" line="313" assertions="3" time="9.139327"/>
        <testcase name="testSuccessRedirect" class="App\Tests\Integration\CreateGameIntegrationTest" classname="App.Tests.Integration.CreateGameIntegrationTest" file="/var/www/html/tests/integration/CreateGameIntegrationTest.php" line="334" assertions="2" time="2.006960"/>
      </testsuite>
      <testsuite name="App\Tests\MapVPageTest" file="/var/www/html/tests/integration/MapVPageTest.php" tests="1" assertions="3" errors="0" warnings="0" failures="0" skipped="0" time="0.189028">
        <testcase name="testMapVPageLoadsWithoutErrors" class="App\Tests\MapVPageTest" classname="App.Tests.MapVPageTest" file="/var/www/html/tests/integration/MapVPageTest.php" line="27" assertions="3" time="0.189028"/>
      </testsuite>
      <testsuite name="App\Tests\Integration\OpenGameIntegrationTest" file="/var/www/html/tests/integration/OpenGameIntegrationTest.php" tests="10" assertions="29" errors="0" warnings="0" failures="0" skipped="0" time="0.045366">
        <testcase name="testFullGameOpeningProcess" class="App\Tests\Integration\OpenGameIntegrationTest" classname="App.Tests.Integration.OpenGameIntegrationTest" file="/var/www/html/tests/integration/OpenGameIntegrationTest.php" line="27" assertions="4" time="0.005804"/>
        <testcase name="testGameOpeningSessionPersistence" class="App\Tests\Integration\OpenGameIntegrationTest" classname="App.Tests.Integration.OpenGameIntegrationTest" file="/var/www/html/tests/integration/OpenGameIntegrationTest.php" line="50" assertions="6" time="0.005407"/>
        <testcase name="testGameOpeningWithDifferentConfigurations" class="App\Tests\Integration\OpenGameIntegrationTest" classname="App.Tests.Integration.OpenGameIntegrationTest" file="/var/www/html/tests/integration/OpenGameIntegrationTest.php" line="78" assertions="2" time="0.005335"/>
        <testcase name="testGameListWithDifferentPlayerCounts" class="App\Tests\Integration\OpenGameIntegrationTest" classname="App.Tests.Integration.OpenGameIntegrationTest" file="/var/www/html/tests/integration/OpenGameIntegrationTest.php" line="106" assertions="1" time="0.003650"/>
        <testcase name="testErrorHandlingInGameOpening" class="App\Tests\Integration\OpenGameIntegrationTest" classname="App.Tests.Integration.OpenGameIntegrationTest" file="/var/www/html/tests/integration/OpenGameIntegrationTest.php" line="127" assertions="3" time="0.007344"/>
        <testcase name="testPerformanceGameOpening" class="App\Tests\Integration\OpenGameIntegrationTest" classname="App.Tests.Integration.OpenGameIntegrationTest" file="/var/www/html/tests/integration/OpenGameIntegrationTest.php" line="158" assertions="2" time="0.004368"/>
        <testcase name="testSecurityInvalidIds" class="App\Tests\Integration\OpenGameIntegrationTest" classname="App.Tests.Integration.OpenGameIntegrationTest" file="/var/www/html/tests/integration/OpenGameIntegrationTest.php" line="176" assertions="3" time="0.001199"/>
        <testcase name="testMultipleGameOpenings" class="App\Tests\Integration\OpenGameIntegrationTest" classname="App.Tests.Integration.OpenGameIntegrationTest" file="/var/www/html/tests/integration/OpenGameIntegrationTest.php" line="200" assertions="2" time="0.003908"/>
        <testcase name="testGameOpeningDataIntegrity" class="App\Tests\Integration\OpenGameIntegrationTest" classname="App.Tests.Integration.OpenGameIntegrationTest" file="/var/www/html/tests/integration/OpenGameIntegrationTest.php" line="220" assertions="3" time="0.002721"/>
        <testcase name="testGameOpeningObjectRelationships" class="App\Tests\Integration\OpenGameIntegrationTest" classname="App.Tests.Integration.OpenGameIntegrationTest" file="/var/www/html/tests/integration/OpenGameIntegrationTest.php" line="239" assertions="3" time="0.005630"/>
      </testsuite>
      <testsuite name="App\Tests\PageInfoTest" file="/var/www/html/tests/integration/PageInfoTest.php" tests="2" assertions="2" errors="0" warnings="0" failures="0" skipped="0" time="0.027267">
        <testcase name="testCellInfoPage" class="App\Tests\PageInfoTest" classname="App.Tests.PageInfoTest" file="/var/www/html/tests/integration/PageInfoTest.php" line="23" assertions="1" time="0.017689"/>
        <testcase name="testTurnInfoPage" class="App\Tests\PageInfoTest" classname="App.Tests.PageInfoTest" file="/var/www/html/tests/integration/PageInfoTest.php" line="54" assertions="1" time="0.009578"/>
      </testsuite>
    </testsuite>
  </testsuite>
</testsuites>
