<?xml version="1.0" encoding="UTF-8"?>
<testsuites>
  <testsuite name="I:\pr1\html\tests\integration" tests="39" assertions="193" errors="0" warnings="0" failures="0" skipped="0" time="80.052894">
    <testsuite name="CreateGameIntegrationTest" file="I:\pr1\html\tests\integration\CreateGameIntegrationTest.php" tests="13" assertions="77" errors="0" warnings="0" failures="0" skipped="0" time="28.388821">
      <testcase name="testSQLInjectionProtection" class="CreateGameIntegrationTest" classname="CreateGameIntegrationTest" file="I:\pr1\html\tests\integration\CreateGameIntegrationTest.php" line="276" assertions="2" time="0.994190"/>
      <testcase name="testValidationErrorsViaWeb" class="CreateGameIntegrationTest" classname="CreateGameIntegrationTest" file="I:\pr1\html\tests\integration\CreateGameIntegrationTest.php" line="214" assertions="7" time="0.905742"/>
      <testcase name="testSuccessRedirect" class="CreateGameIntegrationTest" classname="CreateGameIntegrationTest" file="I:\pr1\html\tests\integration\CreateGameIntegrationTest.php" line="340" assertions="2" time="1.335533"/>
      <testcase name="testXSSProtectionViaWeb" class="CreateGameIntegrationTest" classname="CreateGameIntegrationTest" file="I:\pr1\html\tests\integration\CreateGameIntegrationTest.php" line="299" assertions="1" time="0.848085"/>
      <testcase name="testPlayerTurnOrderViaWeb" class="CreateGameIntegrationTest" classname="CreateGameIntegrationTest" file="I:\pr1\html\tests\integration\CreateGameIntegrationTest.php" line="163" assertions="8" time="1.224669"/>
      <testcase name="testMultipleGameCreation" class="CreateGameIntegrationTest" classname="CreateGameIntegrationTest" file="I:\pr1\html\tests\integration\CreateGameIntegrationTest.php" line="320" assertions="3" time="1.363379"/>
      <testcase name="testUniquePlayerColorsViaWeb" class="CreateGameIntegrationTest" classname="CreateGameIntegrationTest" file="I:\pr1\html\tests\integration\CreateGameIntegrationTest.php" line="141" assertions="3" time="1.415105"/>
      <testcase name="testInitialPlayerParametersViaWeb" class="CreateGameIntegrationTest" classname="CreateGameIntegrationTest" file="I:\pr1\html\tests\integration\CreateGameIntegrationTest.php" line="189" assertions="9" time="1.566786"/>
      <testcase name="testPlayerCountValidation" class="CreateGameIntegrationTest" classname="CreateGameIntegrationTest" file="I:\pr1\html\tests\integration\CreateGameIntegrationTest.php" line="235" assertions="2" time="1.213234"/>
      <testcase name="testPerformanceWithMaxPlayers" class="CreateGameIntegrationTest" classname="CreateGameIntegrationTest" file="I:\pr1\html\tests\integration\CreateGameIntegrationTest.php" line="252" assertions="4" time="8.788004"/>
      <testcase name="testGameCreationAndDataPersistence" class="CreateGameIntegrationTest" classname="CreateGameIntegrationTest" file="I:\pr1\html\tests\integration\CreateGameIntegrationTest.php" line="22" assertions="16" time="1.517910"/>
      <testcase name="testSettlerUnitsCreation" class="CreateGameIntegrationTest" classname="CreateGameIntegrationTest" file="I:\pr1\html\tests\integration\CreateGameIntegrationTest.php" line="69" assertions="14" time="1.772737"/>
      <testcase name="testDifferentTurnTypesViaWeb" class="CreateGameIntegrationTest" classname="CreateGameIntegrationTest" file="I:\pr1\html\tests\integration\CreateGameIntegrationTest.php" line="111" assertions="6" time="5.443446"/>
    </testsuite>
    <testsuite name="MapActionsIntegrationTest" file="I:\pr1\html\tests\integration\MapActionsIntegrationTest.php" tests="6" assertions="36" errors="0" warnings="0" failures="0" skipped="0" time="19.691204">
      <testcase name="testUnitMovement" class="MapActionsIntegrationTest" classname="MapActionsIntegrationTest" file="I:\pr1\html\tests\integration\MapActionsIntegrationTest.php" line="27" assertions="5" time="1.173680"/>
      <testcase name="testMapBoundaries" class="MapActionsIntegrationTest" classname="MapActionsIntegrationTest" file="I:\pr1\html\tests\integration\MapActionsIntegrationTest.php" line="324" assertions="10" time="1.135679"/>
      <testcase name="testCityFoundation" class="MapActionsIntegrationTest" classname="MapActionsIntegrationTest" file="I:\pr1\html\tests\integration\MapActionsIntegrationTest.php" line="89" assertions="6" time="1.393165"/>
      <testcase name="testMapScrolling" class="MapActionsIntegrationTest" classname="MapActionsIntegrationTest" file="I:\pr1\html\tests\integration\MapActionsIntegrationTest.php" line="141" assertions="6" time="11.441052"/>
      <testcase name="testMapLoadingWithCity" class="MapActionsIntegrationTest" classname="MapActionsIntegrationTest" file="I:\pr1\html\tests\integration\MapActionsIntegrationTest.php" line="254" assertions="5" time="2.732771"/>
      <testcase name="testMapLoadingWithUnits" class="MapActionsIntegrationTest" classname="MapActionsIntegrationTest" file="I:\pr1\html\tests\integration\MapActionsIntegrationTest.php" line="189" assertions="4" time="1.814857"/>
    </testsuite>
    <testsuite name="MapVPageTest" file="I:\pr1\html\tests\integration\MapVPageTest.php" tests="1" assertions="3" errors="0" warnings="0" failures="0" skipped="0" time="0.674901">
      <testcase name="testMapVPageLoadsWithoutErrors" class="MapVPageTest" classname="MapVPageTest" file="I:\pr1\html\tests\integration\MapVPageTest.php" line="16" assertions="3" time="0.674901"/>
    </testsuite>
    <testsuite name="OpenGameIntegrationTest" file="I:\pr1\html\tests\integration\OpenGameIntegrationTest.php" tests="10" assertions="29" errors="0" warnings="0" failures="0" skipped="0" time="19.991599">
      <testcase name="testGameOpeningSessionPersistence" class="OpenGameIntegrationTest" classname="OpenGameIntegrationTest" file="I:\pr1\html\tests\integration\OpenGameIntegrationTest.php" line="45" assertions="6" time="1.364835"/>
      <testcase name="testFullGameOpeningProcess" class="OpenGameIntegrationTest" classname="OpenGameIntegrationTest" file="I:\pr1\html\tests\integration\OpenGameIntegrationTest.php" line="22" assertions="4" time="1.220276"/>
      <testcase name="testGameListWithDifferentPlayerCounts" class="OpenGameIntegrationTest" classname="OpenGameIntegrationTest" file="I:\pr1\html\tests\integration\OpenGameIntegrationTest.php" line="102" assertions="1" time="4.388091"/>
      <testcase name="testGameOpeningWithDifferentConfigurations" class="OpenGameIntegrationTest" classname="OpenGameIntegrationTest" file="I:\pr1\html\tests\integration\OpenGameIntegrationTest.php" line="73" assertions="2" time="1.457625"/>
      <testcase name="testErrorHandlingInGameOpening" class="OpenGameIntegrationTest" classname="OpenGameIntegrationTest" file="I:\pr1\html\tests\integration\OpenGameIntegrationTest.php" line="123" assertions="3" time="4.995272"/>
      <testcase name="testPerformanceGameOpening" class="OpenGameIntegrationTest" classname="OpenGameIntegrationTest" file="I:\pr1\html\tests\integration\OpenGameIntegrationTest.php" line="154" assertions="2" time="1.228282"/>
      <testcase name="testSecurityInvalidIds" class="OpenGameIntegrationTest" classname="OpenGameIntegrationTest" file="I:\pr1\html\tests\integration\OpenGameIntegrationTest.php" line="172" assertions="3" time="1.272809"/>
      <testcase name="testMultipleGameOpenings" class="OpenGameIntegrationTest" classname="OpenGameIntegrationTest" file="I:\pr1\html\tests\integration\OpenGameIntegrationTest.php" line="196" assertions="2" time="1.293127"/>
      <testcase name="testGameOpeningDataIntegrity" class="OpenGameIntegrationTest" classname="OpenGameIntegrationTest" file="I:\pr1\html\tests\integration\OpenGameIntegrationTest.php" line="216" assertions="3" time="1.258977"/>
      <testcase name="testGameOpeningObjectRelationships" class="OpenGameIntegrationTest" classname="OpenGameIntegrationTest" file="I:\pr1\html\tests\integration\OpenGameIntegrationTest.php" line="235" assertions="3" time="1.512305"/>
    </testsuite>
    <testsuite name="AdminIntegrationTest" file="I:\pr1\html\tests\integration\AdminIntegrationTest.php" tests="6" assertions="42" errors="0" warnings="0" failures="0" skipped="0" time="11.075965">
      <testcase name="testFullCrudScenario" class="AdminIntegrationTest" classname="AdminIntegrationTest" file="I:\pr1\html\tests\integration\AdminIntegrationTest.php" line="215" assertions="9" time="1.525737">
        <system-out>Debug log: POST data: {"page":"unit_types","action":"save","title":"CRUD Test Unit","cost":20,"type":"land"}
POST data: {"page":"unit_types","action":"save","title":"CRUD Test Unit","cost":20,"type":"land"}

Edited unit: {"id":1,"title":"CRUD Test Unit Edited","points":1,"cost":25,"population_cost":0,"type":"water","attack":0,"defence":0,"health":1,"movement":1,"upkeep":0,"can_found_city":0,"can_build":0,"need_research":"[]","description":"","mission_points":"[]","age":1,"missions":"[\"move_to\"]","req_research":"[]","req_resources":"[]","can_move":"{\"plains\":1,\"plains2\":1,\"forest\":1,\"hills\":1,\"mountains\":2,\"desert\":1,\"city\":1}"}
</system-out>
      </testcase>
      <testcase name="testInvalidDataHandling" class="AdminIntegrationTest" classname="AdminIntegrationTest" file="I:\pr1\html\tests\integration\AdminIntegrationTest.php" line="132" assertions="4" time="1.256802"/>
      <testcase name="testUnitTypeCreationWorkflow" class="AdminIntegrationTest" classname="AdminIntegrationTest" file="I:\pr1\html\tests\integration\AdminIntegrationTest.php" line="22" assertions="6" time="1.138692"/>
      <testcase name="testBuildingTypeCreationWorkflow" class="AdminIntegrationTest" classname="AdminIntegrationTest" file="I:\pr1\html\tests\integration\AdminIntegrationTest.php" line="59" assertions="8" time="2.322989"/>
      <testcase name="testGetAllTypes" class="AdminIntegrationTest" classname="AdminIntegrationTest" file="I:\pr1\html\tests\integration\AdminIntegrationTest.php" line="98" assertions="7" time="3.542790"/>
      <testcase name="testComplexScenario" class="AdminIntegrationTest" classname="AdminIntegrationTest" file="I:\pr1\html\tests\integration\AdminIntegrationTest.php" line="157" assertions="8" time="1.288956"/>
    </testsuite>
    <testsuite name="EditGameIntegrationTest" file="I:\pr1\html\tests\integration\EditGameIntegrationTest.php" tests="1" assertions="4" errors="0" warnings="0" failures="0" skipped="0" time="0.126252">
      <testcase name="testFullGameEditProcess" class="EditGameIntegrationTest" classname="EditGameIntegrationTest" file="I:\pr1\html\tests\integration\EditGameIntegrationTest.php" line="21" assertions="4" time="0.126252"/>
    </testsuite>
    <testsuite name="PageInfoTest" file="I:\pr1\html\tests\integration\PageInfoTest.php" tests="2" assertions="2" errors="0" warnings="0" failures="0" skipped="0" time="0.104153">
      <testcase name="testCellInfoPage" class="PageInfoTest" classname="PageInfoTest" file="I:\pr1\html\tests\integration\PageInfoTest.php" line="16" assertions="1" time="0.067624"/>
      <testcase name="testTurnInfoPage" class="PageInfoTest" classname="PageInfoTest" file="I:\pr1\html\tests\integration\PageInfoTest.php" line="46" assertions="1" time="0.036529"/>
    </testsuite>
  </testsuite>
</testsuites>
