<?xml version="1.0" encoding="UTF-8"?>
<testsuites>
  <testsuite name="" tests="1" assertions="5" errors="0" warnings="0" failures="0" skipped="0" time="0.206162">
    <testsuite name="Unit Tests" tests="1" assertions="5" errors="0" warnings="0" failures="0" skipped="0" time="0.206162">
      <testsuite name="App\Tests\BuildingTest" file="/var/www/html/tests/unit/BuildingTest.php" tests="1" assertions="5" errors="0" warnings="0" failures="0" skipped="0" time="0.206162">
        <testcase name="testCityEffect" class="App\Tests\BuildingTest" classname="App.Tests.BuildingTest" file="/var/www/html/tests/unit/BuildingTest.php" line="248" assertions="5" time="0.206162">
          <system-out>int(1)
int(1)
int(0)
</system-out>
        </testcase>
      </testsuite>
    </testsuite>
  </testsuite>
</testsuites>
