<?xml version="1.0" encoding="UTF-8"?>
<testsuites>
  <testsuite name="I:\pr1\html\tests" tests="248" assertions="1205" errors="0" warnings="0" failures="1" skipped="0" time="221.390356">
    <testsuite name="PageInfoTest" file="I:\pr1\html\tests\integration\PageInfoTest.php" tests="2" assertions="2" errors="0" warnings="0" failures="0" skipped="0" time="0.809962">
      <testcase name="testCellInfoPage" class="PageInfoTest" classname="PageInfoTest" file="I:\pr1\html\tests\integration\PageInfoTest.php" line="16" assertions="1" time="0.624898"/>
      <testcase name="testTurnInfoPage" class="PageInfoTest" classname="PageInfoTest" file="I:\pr1\html\tests\integration\PageInfoTest.php" line="46" assertions="1" time="0.185064"/>
    </testsuite>
    <testsuite name="MapVPageTest" file="I:\pr1\html\tests\integration\MapVPageTest.php" tests="1" assertions="3" errors="0" warnings="0" failures="0" skipped="0" time="0.710627">
      <testcase name="testMapVPageLoadsWithoutErrors" class="MapVPageTest" classname="MapVPageTest" file="I:\pr1\html\tests\integration\MapVPageTest.php" line="16" assertions="3" time="0.710627"/>
    </testsuite>
    <testsuite name="AdminBuildingTypeTest" file="I:\pr1\html\tests\unit\AdminBuildingTypeTest.php" tests="13" assertions="53" errors="0" warnings="0" failures="0" skipped="0" time="1.844561">
      <testcase name="testGetAllBuildingTypes" class="AdminBuildingTypeTest" classname="AdminBuildingTypeTest" file="I:\pr1\html\tests\unit\AdminBuildingTypeTest.php" line="7" assertions="6" time="0.164363"/>
      <testcase name="testBuildingTypeCityEffect" class="AdminBuildingTypeTest" classname="AdminBuildingTypeTest" file="I:\pr1\html\tests\unit\AdminBuildingTypeTest.php" line="228" assertions="1" time="0.138123"/>
      <testcase name="testSaveNewBuildingType" class="AdminBuildingTypeTest" classname="AdminBuildingTypeTest" file="I:\pr1\html\tests\unit\AdminBuildingTypeTest.php" line="45" assertions="2" time="0.155361"/>
      <testcase name="testUpdateBuildingType" class="AdminBuildingTypeTest" classname="AdminBuildingTypeTest" file="I:\pr1\html\tests\unit\AdminBuildingTypeTest.php" line="61" assertions="2" time="0.122227"/>
      <testcase name="testDeleteBuildingType" class="AdminBuildingTypeTest" classname="AdminBuildingTypeTest" file="I:\pr1\html\tests\unit\AdminBuildingTypeTest.php" line="81" assertions="1" time="0.149371"/>
      <testcase name="testGetBuildingTypeById" class="AdminBuildingTypeTest" classname="AdminBuildingTypeTest" file="I:\pr1\html\tests\unit\AdminBuildingTypeTest.php" line="96" assertions="3" time="0.174593"/>
      <testcase name="testJsonFieldsHandling" class="AdminBuildingTypeTest" classname="AdminBuildingTypeTest" file="I:\pr1\html\tests\unit\AdminBuildingTypeTest.php" line="110" assertions="3" time="0.138440"/>
      <testcase name="testBuildingTypeProperties" class="AdminBuildingTypeTest" classname="AdminBuildingTypeTest" file="I:\pr1\html\tests\unit\AdminBuildingTypeTest.php" line="126" assertions="8" time="0.137724"/>
      <testcase name="testGetNonExistentBuildingType" class="AdminBuildingTypeTest" classname="AdminBuildingTypeTest" file="I:\pr1\html\tests\unit\AdminBuildingTypeTest.php" line="152" assertions="1" time="0.129439"/>
      <testcase name="testBuildingTypeConstructorWithInvalidJson" class="AdminBuildingTypeTest" classname="AdminBuildingTypeTest" file="I:\pr1\html\tests\unit\AdminBuildingTypeTest.php" line="158" assertions="2" time="0.159318"/>
      <testcase name="testBuildingTypeDefaultValues" class="AdminBuildingTypeTest" classname="AdminBuildingTypeTest" file="I:\pr1\html\tests\unit\AdminBuildingTypeTest.php" line="174" assertions="11" time="0.122004"/>
      <testcase name="testBuildingTypeWithComplexData" class="AdminBuildingTypeTest" classname="AdminBuildingTypeTest" file="I:\pr1\html\tests\unit\AdminBuildingTypeTest.php" line="195" assertions="12" time="0.142792"/>
      <testcase name="testBuildingTypeGetTitle" class="AdminBuildingTypeTest" classname="AdminBuildingTypeTest" file="I:\pr1\html\tests\unit\AdminBuildingTypeTest.php" line="248" assertions="1" time="0.110806"/>
    </testsuite>
    <testsuite name="AdminUnitTypeTest" file="I:\pr1\html\tests\unit\AdminUnitTypeTest.php" tests="10" assertions="47" errors="0" warnings="0" failures="0" skipped="0" time="1.354202">
      <testcase name="testUpdateUnitType" class="AdminUnitTypeTest" classname="AdminUnitTypeTest" file="I:\pr1\html\tests\unit\AdminUnitTypeTest.php" line="71" assertions="2" time="0.141456"/>
      <testcase name="testSaveNewUnitType" class="AdminUnitTypeTest" classname="AdminUnitTypeTest" file="I:\pr1\html\tests\unit\AdminUnitTypeTest.php" line="53" assertions="2" time="0.133430"/>
      <testcase name="testJsonFieldsHandling" class="AdminUnitTypeTest" classname="AdminUnitTypeTest" file="I:\pr1\html\tests\unit\AdminUnitTypeTest.php" line="119" assertions="3" time="0.101970"/>
      <testcase name="testGetUnitTypeById" class="AdminUnitTypeTest" classname="AdminUnitTypeTest" file="I:\pr1\html\tests\unit\AdminUnitTypeTest.php" line="105" assertions="3" time="0.118434"/>
      <testcase name="testDeleteUnitType" class="AdminUnitTypeTest" classname="AdminUnitTypeTest" file="I:\pr1\html\tests\unit\AdminUnitTypeTest.php" line="90" assertions="1" time="0.143969"/>
      <testcase name="testGetAllUnitTypes" class="AdminUnitTypeTest" classname="AdminUnitTypeTest" file="I:\pr1\html\tests\unit\AdminUnitTypeTest.php" line="7" assertions="6" time="0.117976"/>
      <testcase name="testUnitTypeDefaultValues" class="AdminUnitTypeTest" classname="AdminUnitTypeTest" file="I:\pr1\html\tests\unit\AdminUnitTypeTest.php" line="157" assertions="8" time="0.113744"/>
      <testcase name="testUnitTypeConstructorWithInvalidJson" class="AdminUnitTypeTest" classname="AdminUnitTypeTest" file="I:\pr1\html\tests\unit\AdminUnitTypeTest.php" line="141" assertions="2" time="0.167868"/>
      <testcase name="testGetNonExistentUnitType" class="AdminUnitTypeTest" classname="AdminUnitTypeTest" file="I:\pr1\html\tests\unit\AdminUnitTypeTest.php" line="135" assertions="1" time="0.186032"/>
      <testcase name="testUnitTypeWithComplexData" class="AdminUnitTypeTest" classname="AdminUnitTypeTest" file="I:\pr1\html\tests\unit\AdminUnitTypeTest.php" line="175" assertions="19" time="0.129323"/>
    </testsuite>
    <testsuite name="BuildingTest" file="I:\pr1\html\tests\unit\BuildingTest.php" tests="9" assertions="44" errors="0" warnings="0" failures="0" skipped="0" time="3.420115">
      <testcase name="testSaveUpdate" class="BuildingTest" classname="BuildingTest" file="I:\pr1\html\tests\unit\BuildingTest.php" line="147" assertions="1" time="0.325631"/>
      <testcase name="testCaching" class="BuildingTest" classname="BuildingTest" file="I:\pr1\html\tests\unit\BuildingTest.php" line="183" assertions="1" time="0.331290"/>
      <testcase name="testSaveNew" class="BuildingTest" classname="BuildingTest" file="I:\pr1\html\tests\unit\BuildingTest.php" line="115" assertions="4" time="0.324727"/>
      <testcase name="testGetTitle" class="BuildingTest" classname="BuildingTest" file="I:\pr1\html\tests\unit\BuildingTest.php" line="94" assertions="1" time="0.287886"/>
      <testcase name="testCityEffect" class="BuildingTest" classname="BuildingTest" file="I:\pr1\html\tests\unit\BuildingTest.php" line="237" assertions="8" time="0.344279"/>
      <testcase name="testDifferentBuildingTypes" class="BuildingTest" classname="BuildingTest" file="I:\pr1\html\tests\unit\BuildingTest.php" line="209" assertions="12" time="0.339915"/>
      <testcase name="testConstructor" class="BuildingTest" classname="BuildingTest" file="I:\pr1\html\tests\unit\BuildingTest.php" line="42" assertions="6" time="0.922202"/>
      <testcase name="testGet" class="BuildingTest" classname="BuildingTest" file="I:\pr1\html\tests\unit\BuildingTest.php" line="13" assertions="8" time="0.298544"/>
      <testcase name="testConstructorWithoutId" class="BuildingTest" classname="BuildingTest" file="I:\pr1\html\tests\unit\BuildingTest.php" line="71" assertions="3" time="0.245641"/>
    </testsuite>
    <testsuite name="BuildingTypeTest" file="I:\pr1\html\tests\unit\BuildingTypeTest.php" tests="13" assertions="79" errors="0" warnings="0" failures="0" skipped="0" time="4.730582">
      <testcase name="testCityEffectColiseum" class="BuildingTypeTest" classname="BuildingTypeTest" file="I:\pr1\html\tests\unit\BuildingTypeTest.php" line="239" assertions="3" time="0.558948"/>
      <testcase name="testCityEffectMarket" class="BuildingTypeTest" classname="BuildingTypeTest" file="I:\pr1\html\tests\unit\BuildingTypeTest.php" line="212" assertions="1" time="0.342584"/>
      <testcase name="testGetExistingBuildingType" class="BuildingTypeTest" classname="BuildingTypeTest" file="I:\pr1\html\tests\unit\BuildingTypeTest.php" line="13" assertions="5" time="0.279934"/>
      <testcase name="testAllPredefinedBuildingTypes" class="BuildingTypeTest" classname="BuildingTypeTest" file="I:\pr1\html\tests\unit\BuildingTypeTest.php" line="342" assertions="39" time="0.322459"/>
      <testcase name="testCityEffectTempleNegativeNorm" class="BuildingTypeTest" classname="BuildingTypeTest" file="I:\pr1\html\tests\unit\BuildingTypeTest.php" line="155" assertions="2" time="0.328650"/>
      <testcase name="testCityEffectColiseumNegativeDis" class="BuildingTypeTest" classname="BuildingTypeTest" file="I:\pr1\html\tests\unit\BuildingTypeTest.php" line="271" assertions="3" time="0.956434"/>
      <testcase name="testGetTitle" class="BuildingTypeTest" classname="BuildingTypeTest" file="I:\pr1\html\tests\unit\BuildingTypeTest.php" line="82" assertions="1" time="0.238991"/>
      <testcase name="testGetNonExistingBuildingType" class="BuildingTypeTest" classname="BuildingTypeTest" file="I:\pr1\html\tests\unit\BuildingTypeTest.php" line="29" assertions="1" time="0.211453"/>
      <testcase name="testConstructor" class="BuildingTypeTest" classname="BuildingTypeTest" file="I:\pr1\html\tests\unit\BuildingTypeTest.php" line="41" assertions="14" time="0.146966"/>
      <testcase name="testCityEffectGranary" class="BuildingTypeTest" classname="BuildingTypeTest" file="I:\pr1\html\tests\unit\BuildingTypeTest.php" line="94" assertions="1" time="0.272535"/>
      <testcase name="testCityEffectTemple" class="BuildingTypeTest" classname="BuildingTypeTest" file="I:\pr1\html\tests\unit\BuildingTypeTest.php" line="125" assertions="2" time="0.270434"/>
      <testcase name="testCityEffectLibrary" class="BuildingTypeTest" classname="BuildingTypeTest" file="I:\pr1\html\tests\unit\BuildingTypeTest.php" line="185" assertions="1" time="0.257213"/>
      <testcase name="testCityEffectNoEffect" class="BuildingTypeTest" classname="BuildingTypeTest" file="I:\pr1\html\tests\unit\BuildingTypeTest.php" line="303" assertions="6" time="0.543981"/>
    </testsuite>
    <testsuite name="CellTypeTest" file="I:\pr1\html\tests\unit\CellTypeTest.php" tests="7" assertions="75" errors="0" warnings="0" failures="0" skipped="0" time="1.497895">
      <testcase name="testComplexProperties" class="CellTypeTest" classname="CellTypeTest" file="I:\pr1\html\tests\unit\CellTypeTest.php" line="138" assertions="5" time="0.264976"/>
      <testcase name="testGetTitle" class="CellTypeTest" classname="CellTypeTest" file="I:\pr1\html\tests\unit\CellTypeTest.php" line="97" assertions="1" time="0.220882"/>
      <testcase name="testAllPredefinedCellTypes" class="CellTypeTest" classname="CellTypeTest" file="I:\pr1\html\tests\unit\CellTypeTest.php" line="109" assertions="45" time="0.254739"/>
      <testcase name="testGetExistingCellType" class="CellTypeTest" classname="CellTypeTest" file="I:\pr1\html\tests\unit\CellTypeTest.php" line="13" assertions="9" time="0.277938"/>
      <testcase name="testGetNonExistingCellType" class="CellTypeTest" classname="CellTypeTest" file="I:\pr1\html\tests\unit\CellTypeTest.php" line="33" assertions="1" time="0.236268"/>
      <testcase name="testConstructor" class="CellTypeTest" classname="CellTypeTest" file="I:\pr1\html\tests\unit\CellTypeTest.php" line="45" assertions="11" time="0.117025"/>
      <testcase name="testConstructorWithoutId" class="CellTypeTest" classname="CellTypeTest" file="I:\pr1\html\tests\unit\CellTypeTest.php" line="80" assertions="3" time="0.126065"/>
    </testsuite>
    <testsuite name="CityTest" file="I:\pr1\html\tests\unit\CityTest.php" tests="18" assertions="33" errors="0" warnings="0" failures="0" skipped="0" time="3.405361">
      <testcase name="testCreateBuilding" class="CityTest" classname="CityTest" file="I:\pr1\html\tests\unit\CityTest.php" line="242" assertions="3" time="0.233668"/>
      <testcase name="testCheckMood" class="CityTest" classname="CityTest" file="I:\pr1\html\tests\unit\CityTest.php" line="274" assertions="2" time="0.163362"/>
      <testcase name="testAddPeople" class="CityTest" classname="CityTest" file="I:\pr1\html\tests\unit\CityTest.php" line="185" assertions="1" time="0.134587"/>
      <testcase name="testCreateUnit" class="CityTest" classname="CityTest" file="I:\pr1\html\tests\unit\CityTest.php" line="224" assertions="5" time="0.223268"/>
      <testcase name="testConstructor" class="CityTest" classname="CityTest" file="I:\pr1\html\tests\unit\CityTest.php" line="44" assertions="4" time="0.138062"/>
      <testcase name="testCalculateResearch" class="CityTest" classname="CityTest" file="I:\pr1\html\tests\unit\CityTest.php" line="157" assertions="1" time="0.180987"/>
      <testcase name="testCalculateMoney" class="CityTest" classname="CityTest" file="I:\pr1\html\tests\unit\CityTest.php" line="144" assertions="1" time="0.212424"/>
      <testcase name="testCalculateWork" class="CityTest" classname="CityTest" file="I:\pr1\html\tests\unit\CityTest.php" line="131" assertions="1" time="0.130197"/>
      <testcase name="testGetTitle" class="CityTest" classname="CityTest" file="I:\pr1\html\tests\unit\CityTest.php" line="75" assertions="1" time="0.146441"/>
      <testcase name="testByCoords" class="CityTest" classname="CityTest" file="I:\pr1\html\tests\unit\CityTest.php" line="64" assertions="2" time="0.135422"/>
      <testcase name="testGetCultureCells" class="CityTest" classname="CityTest" file="I:\pr1\html\tests\unit\CityTest.php" line="86" assertions="2" time="0.218872"/>
      <testcase name="testGetPossibleUnits" class="CityTest" classname="CityTest" file="I:\pr1\html\tests\unit\CityTest.php" line="103" assertions="2" time="0.166396"/>
      <testcase name="testCalculateEat" class="CityTest" classname="CityTest" file="I:\pr1\html\tests\unit\CityTest.php" line="116" assertions="1" time="0.122516"/>
      <testcase name="testCalculateCulture" class="CityTest" classname="CityTest" file="I:\pr1\html\tests\unit\CityTest.php" line="170" assertions="2" time="0.208567"/>
      <testcase name="testRemovePeople" class="CityTest" classname="CityTest" file="I:\pr1\html\tests\unit\CityTest.php" line="197" assertions="1" time="0.235211"/>
      <testcase name="testSave" class="CityTest" classname="CityTest" file="I:\pr1\html\tests\unit\CityTest.php" line="209" assertions="1" time="0.344722"/>
      <testcase name="testCalculateBuildings" class="CityTest" classname="CityTest" file="I:\pr1\html\tests\unit\CityTest.php" line="258" assertions="1" time="0.265978"/>
      <testcase name="testSelectNextProduction" class="CityTest" classname="CityTest" file="I:\pr1\html\tests\unit\CityTest.php" line="291" assertions="2" time="0.144681"/>
    </testsuite>
    <testsuite name="CellTest" file="I:\pr1\html\tests\unit\CellTest.php" tests="21" assertions="84" errors="0" warnings="0" failures="0" skipped="0" time="8.975623">
      <testcase name="testGetExistingCell" class="CellTest" classname="CellTest" file="I:\pr1\html\tests\unit\CellTest.php" line="13" assertions="6" time="1.290899"/>
      <testcase name="testClearCache" class="CellTest" classname="CellTest" file="I:\pr1\html\tests\unit\CellTest.php" line="461" assertions="3" time="1.412069"/>
      <testcase name="testGetMoney" class="CellTest" classname="CellTest" file="I:\pr1\html\tests\unit\CellTest.php" line="363" assertions="4" time="1.059834"/>
      <testcase name="testGetMissionNeedPoints" class="CellTest" classname="CellTest" file="I:\pr1\html\tests\unit\CellTest.php" line="435" assertions="1" time="0.249015"/>
      <testcase name="testGetCellsAround" class="CellTest" classname="CellTest" file="I:\pr1\html\tests\unit\CellTest.php" line="291" assertions="4" time="0.374295"/>
      <testcase name="testGetEat" class="CellTest" classname="CellTest" file="I:\pr1\html\tests\unit\CellTest.php" line="340" assertions="4" time="0.261268"/>
      <testcase name="testGetNonExistingCell" class="CellTest" classname="CellTest" file="I:\pr1\html\tests\unit\CellTest.php" line="32" assertions="1" time="0.189656"/>
      <testcase name="testConstructor" class="CellTest" classname="CellTest" file="I:\pr1\html\tests\unit\CellTest.php" line="45" assertions="9" time="0.252321"/>
      <testcase name="testConstructorWithoutOwner" class="CellTest" classname="CellTest" file="I:\pr1\html\tests\unit\CellTest.php" line="81" assertions="4" time="0.392810"/>
      <testcase name="testGetTitle" class="CellTest" classname="CellTest" file="I:\pr1\html\tests\unit\CellTest.php" line="109" assertions="2" time="0.243301"/>
      <testcase name="testGetPlanet" class="CellTest" classname="CellTest" file="I:\pr1\html\tests\unit\CellTest.php" line="126" assertions="2" time="0.253195"/>
      <testcase name="testSaveNew" class="CellTest" classname="CellTest" file="I:\pr1\html\tests\unit\CellTest.php" line="144" assertions="6" time="0.255625"/>
      <testcase name="testSaveUpdate" class="CellTest" classname="CellTest" file="I:\pr1\html\tests\unit\CellTest.php" line="182" assertions="4" time="0.234431"/>
      <testcase name="testCalcCoord" class="CellTest" classname="CellTest" file="I:\pr1\html\tests\unit\CellTest.php" line="215" assertions="6" time="0.131260"/>
      <testcase name="testCalcDistance" class="CellTest" classname="CellTest" file="I:\pr1\html\tests\unit\CellTest.php" line="250" assertions="3" time="0.169567"/>
      <testcase name="testDCoord" class="CellTest" classname="CellTest" file="I:\pr1\html\tests\unit\CellTest.php" line="271" assertions="4" time="0.267026"/>
      <testcase name="testGetWork" class="CellTest" classname="CellTest" file="I:\pr1\html\tests\unit\CellTest.php" line="317" assertions="4" time="0.294369"/>
      <testcase name="testGetUnits" class="CellTest" classname="CellTest" file="I:\pr1\html\tests\unit\CellTest.php" line="386" assertions="4" time="0.593538"/>
      <testcase name="testLoadCells" class="CellTest" classname="CellTest" file="I:\pr1\html\tests\unit\CellTest.php" line="410" assertions="3" time="0.272346"/>
      <testcase name="testGenerateType" class="CellTest" classname="CellTest" file="I:\pr1\html\tests\unit\CellTest.php" line="483" assertions="3" time="0.415000"/>
      <testcase name="testGenerateMap" class="CellTest" classname="CellTest" file="I:\pr1\html\tests\unit\CellTest.php" line="510" assertions="7" time="0.363797"/>
    </testsuite>
    <testsuite name="MapActionsIntegrationTest" file="I:\pr1\html\tests\integration\MapActionsIntegrationTest.php" tests="6" assertions="36" errors="0" warnings="0" failures="0" skipped="0" time="30.005919">
      <testcase name="testMapScrolling" class="MapActionsIntegrationTest" classname="MapActionsIntegrationTest" file="I:\pr1\html\tests\integration\MapActionsIntegrationTest.php" line="141" assertions="6" time="6.443763"/>
      <testcase name="testMapLoadingWithCity" class="MapActionsIntegrationTest" classname="MapActionsIntegrationTest" file="I:\pr1\html\tests\integration\MapActionsIntegrationTest.php" line="254" assertions="5" time="3.283114"/>
      <testcase name="testMapLoadingWithUnits" class="MapActionsIntegrationTest" classname="MapActionsIntegrationTest" file="I:\pr1\html\tests\integration\MapActionsIntegrationTest.php" line="189" assertions="4" time="11.085878"/>
      <testcase name="testMapBoundaries" class="MapActionsIntegrationTest" classname="MapActionsIntegrationTest" file="I:\pr1\html\tests\integration\MapActionsIntegrationTest.php" line="324" assertions="10" time="1.841933"/>
      <testcase name="testUnitMovement" class="MapActionsIntegrationTest" classname="MapActionsIntegrationTest" file="I:\pr1\html\tests\integration\MapActionsIntegrationTest.php" line="27" assertions="5" time="1.766013"/>
      <testcase name="testCityFoundation" class="MapActionsIntegrationTest" classname="MapActionsIntegrationTest" file="I:\pr1\html\tests\integration\MapActionsIntegrationTest.php" line="89" assertions="6" time="5.585218"/>
    </testsuite>
    <testsuite name="DatabaseConfigTest" file="I:\pr1\html\tests\unit\DatabaseConfigTest.php" tests="7" assertions="33" errors="0" warnings="0" failures="0" skipped="0" time="3.673417">
      <testcase name="testTestTablesCreation" class="DatabaseConfigTest" classname="DatabaseConfigTest" file="I:\pr1\html\tests\unit\DatabaseConfigTest.php" line="90" assertions="5" time="0.153532"/>
      <testcase name="testTestDatabaseConfiguration" class="DatabaseConfigTest" classname="DatabaseConfigTest" file="I:\pr1\html\tests\unit\DatabaseConfigTest.php" line="11" assertions="6" time="0.115238"/>
      <testcase name="testDatabaseConfigurationSeparation" class="DatabaseConfigTest" classname="DatabaseConfigTest" file="I:\pr1\html\tests\unit\DatabaseConfigTest.php" line="64" assertions="3" time="0.165433"/>
      <testcase name="testTestDataOperations" class="DatabaseConfigTest" classname="DatabaseConfigTest" file="I:\pr1\html\tests\unit\DatabaseConfigTest.php" line="109" assertions="5" time="0.153067"/>
      <testcase name="testTestDataCleanup" class="DatabaseConfigTest" classname="DatabaseConfigTest" file="I:\pr1\html\tests\unit\DatabaseConfigTest.php" line="157" assertions="4" time="2.072319"/>
      <testcase name="testTransactionHandling" class="DatabaseConfigTest" classname="DatabaseConfigTest" file="I:\pr1\html\tests\unit\DatabaseConfigTest.php" line="203" assertions="2" time="0.818435"/>
      <testcase name="testGameAndUserMocks" class="DatabaseConfigTest" classname="DatabaseConfigTest" file="I:\pr1\html\tests\unit\DatabaseConfigTest.php" line="232" assertions="8" time="0.195392"/>
    </testsuite>
    <testsuite name="EditGameTest" file="I:\pr1\html\tests\unit\EditGameTest.php" tests="17" assertions="58" errors="0" warnings="0" failures="0" skipped="0" time="3.041624">
      <testcase name="testEditNonExistentGame" class="EditGameTest" classname="EditGameTest" file="I:\pr1\html\tests\unit\EditGameTest.php" line="338" assertions="2" time="0.127523"/>
      <testcase name="testEditWithInvalidMapSize" class="EditGameTest" classname="EditGameTest" file="I:\pr1\html\tests\unit\EditGameTest.php" line="261" assertions="4" time="0.137441"/>
      <testcase name="testDataPreservationOnValidationError" class="EditGameTest" classname="EditGameTest" file="I:\pr1\html\tests\unit\EditGameTest.php" line="396" assertions="6" time="0.125955"/>
      <testcase name="testEditWithEmptyName" class="EditGameTest" classname="EditGameTest" file="I:\pr1\html\tests\unit\EditGameTest.php" line="234" assertions="2" time="0.125871"/>
      <testcase name="testMultipleValidationErrors" class="EditGameTest" classname="EditGameTest" file="I:\pr1\html\tests\unit\EditGameTest.php" line="544" assertions="3" time="0.189679"/>
      <testcase name="testLoadGameDataForEditing" class="EditGameTest" classname="EditGameTest" file="I:\pr1\html\tests\unit\EditGameTest.php" line="187" assertions="6" time="0.160452"/>
      <testcase name="testVeryLongStringsInEdit" class="EditGameTest" classname="EditGameTest" file="I:\pr1\html\tests\unit\EditGameTest.php" line="490" assertions="4" time="0.218072"/>
      <testcase name="testEditMapSize" class="EditGameTest" classname="EditGameTest" file="I:\pr1\html\tests\unit\EditGameTest.php" line="122" assertions="3" time="0.132162"/>
      <testcase name="testXSSInEditedGameName" class="EditGameTest" classname="EditGameTest" file="I:\pr1\html\tests\unit\EditGameTest.php" line="452" assertions="2" time="0.154399"/>
      <testcase name="testEditWithInvalidTurnType" class="EditGameTest" classname="EditGameTest" file="I:\pr1\html\tests\unit\EditGameTest.php" line="307" assertions="2" time="0.222645"/>
      <testcase name="testEditBasicGameParameters" class="EditGameTest" classname="EditGameTest" file="I:\pr1\html\tests\unit\EditGameTest.php" line="32" assertions="6" time="0.322818"/>
      <testcase name="testEditGameNameOnly" class="EditGameTest" classname="EditGameTest" file="I:\pr1\html\tests\unit\EditGameTest.php" line="84" assertions="4" time="0.221354"/>
      <testcase name="testEditTurnType" class="EditGameTest" classname="EditGameTest" file="I:\pr1\html\tests\unit\EditGameTest.php" line="153" assertions="6" time="0.260729"/>
      <testcase name="testGameNotChangedOnValidationError" class="EditGameTest" classname="EditGameTest" file="I:\pr1\html\tests\unit\EditGameTest.php" line="572" assertions="5" time="0.126469"/>
      <testcase name="testEditWithoutGameId" class="EditGameTest" classname="EditGameTest" file="I:\pr1\html\tests\unit\EditGameTest.php" line="378" assertions="1" time="0.273062"/>
      <testcase name="testLoadGameWithoutId" class="EditGameTest" classname="EditGameTest" file="I:\pr1\html\tests\unit\EditGameTest.php" line="19" assertions="1" time="0.136305"/>
      <testcase name="testLoadNonExistentGameForEditing" class="EditGameTest" classname="EditGameTest" file="I:\pr1\html\tests\unit\EditGameTest.php" line="531" assertions="1" time="0.106689"/>
    </testsuite>
    <testsuite name="EventTest" file="I:\pr1\html\tests\unit\EventTest.php" tests="10" assertions="56" errors="0" warnings="0" failures="0" skipped="0" time="5.327402">
      <testcase name="testGetText" class="EventTest" classname="EventTest" file="I:\pr1\html\tests\unit\EventTest.php" line="315" assertions="7" time="0.316503"/>
      <testcase name="testConstructorCityUnit" class="EventTest" classname="EventTest" file="I:\pr1\html\tests\unit\EventTest.php" line="97" assertions="8" time="0.766758"/>
      <testcase name="testSaveWithSource" class="EventTest" classname="EventTest" file="I:\pr1\html\tests\unit\EventTest.php" line="161" assertions="6" time="0.259701"/>
      <testcase name="testGetTitle" class="EventTest" classname="EventTest" file="I:\pr1\html\tests\unit\EventTest.php" line="269" assertions="4" time="0.315824"/>
      <testcase name="testConstructorCityBuilding" class="EventTest" classname="EventTest" file="I:\pr1\html\tests\unit\EventTest.php" line="66" assertions="8" time="0.261222"/>
      <testcase name="testRemove" class="EventTest" classname="EventTest" file="I:\pr1\html\tests\unit\EventTest.php" line="234" assertions="1" time="0.119841"/>
      <testcase name="testGet" class="EventTest" classname="EventTest" file="I:\pr1\html\tests\unit\EventTest.php" line="11" assertions="8" time="0.256043"/>
      <testcase name="testConstructorResearch" class="EventTest" classname="EventTest" file="I:\pr1\html\tests\unit\EventTest.php" line="39" assertions="7" time="0.245285"/>
      <testcase name="testSaveNew" class="EventTest" classname="EventTest" file="I:\pr1\html\tests\unit\EventTest.php" line="128" assertions="6" time="1.209257"/>
      <testcase name="testSaveUpdate" class="EventTest" classname="EventTest" file="I:\pr1\html\tests\unit\EventTest.php" line="197" assertions="1" time="1.576968"/>
    </testsuite>
    <testsuite name="MissionTypeTest" file="I:\pr1\html\tests\unit\MissionTypeTest.php" tests="5" assertions="13" errors="0" warnings="0" failures="0" skipped="0" time="0.860376">
      <testcase name="testComplete" class="MissionTypeTest" classname="MissionTypeTest" file="I:\pr1\html\tests\unit\MissionTypeTest.php" line="63" assertions="5" time="0.255295"/>
      <testcase name="testGet" class="MissionTypeTest" classname="MissionTypeTest" file="I:\pr1\html\tests\unit\MissionTypeTest.php" line="30" assertions="2" time="0.176318"/>
      <testcase name="testCheckCell" class="MissionTypeTest" classname="MissionTypeTest" file="I:\pr1\html\tests\unit\MissionTypeTest.php" line="43" assertions="3" time="0.147554"/>
      <testcase name="testConstructor" class="MissionTypeTest" classname="MissionTypeTest" file="I:\pr1\html\tests\unit\MissionTypeTest.php" line="16" assertions="2" time="0.110327"/>
      <testcase name="testGetTitle" class="MissionTypeTest" classname="MissionTypeTest" file="I:\pr1\html\tests\unit\MissionTypeTest.php" line="37" assertions="1" time="0.170882"/>
    </testsuite>
    <testsuite name="MessageTest" file="I:\pr1\html\tests\unit\MessageTest.php" tests="7" assertions="38" errors="0" warnings="0" failures="0" skipped="0" time="1.055494">
      <testcase name="testConstructorWithFullData" class="MessageTest" classname="MessageTest" file="I:\pr1\html\tests\unit\MessageTest.php" line="11" assertions="7" time="0.149128"/>
      <testcase name="testConstructorWithoutFrom" class="MessageTest" classname="MessageTest" file="I:\pr1\html\tests\unit\MessageTest.php" line="39" assertions="6" time="0.160754"/>
      <testcase name="testConstructorWithoutTo" class="MessageTest" classname="MessageTest" file="I:\pr1\html\tests\unit\MessageTest.php" line="64" assertions="6" time="0.130261"/>
      <testcase name="testSaveNew" class="MessageTest" classname="MessageTest" file="I:\pr1\html\tests\unit\MessageTest.php" line="89" assertions="6" time="0.186910"/>
      <testcase name="testSaveUpdate" class="MessageTest" classname="MessageTest" file="I:\pr1\html\tests\unit\MessageTest.php" line="123" assertions="3" time="0.211389"/>
      <testcase name="testSaveSystemMessage" class="MessageTest" classname="MessageTest" file="I:\pr1\html\tests\unit\MessageTest.php" line="163" assertions="5" time="0.126665"/>
      <testcase name="testConstructorMinimalData" class="MessageTest" classname="MessageTest" file="I:\pr1\html\tests\unit\MessageTest.php" line="194" assertions="5" time="0.090387"/>
    </testsuite>
    <testsuite name="MyDBTest" file="I:\pr1\html\tests\unit\MyDBTest.php" tests="12" assertions="36" errors="0" warnings="0" failures="0" skipped="0" time="4.905214">
      <testcase name="testQuerySelect" class="MyDBTest" classname="MyDBTest" file="I:\pr1\html\tests\unit\MyDBTest.php" line="38" assertions="4" time="0.268206"/>
      <testcase name="testQuerySelectOutputTypes" class="MyDBTest" classname="MyDBTest" file="I:\pr1\html\tests\unit\MyDBTest.php" line="62" assertions="7" time="0.182578"/>
      <testcase name="testUpdate" class="MyDBTest" classname="MyDBTest" file="I:\pr1\html\tests\unit\MyDBTest.php" line="135" assertions="2" time="0.175327"/>
      <testcase name="testUpdateWithWhere" class="MyDBTest" classname="MyDBTest" file="I:\pr1\html\tests\unit\MyDBTest.php" line="158" assertions="3" time="0.417828"/>
      <testcase name="testTransactions" class="MyDBTest" classname="MyDBTest" file="I:\pr1\html\tests\unit\MyDBTest.php" line="237" assertions="2" time="0.174676"/>
      <testcase name="testNullHandling" class="MyDBTest" classname="MyDBTest" file="I:\pr1\html\tests\unit\MyDBTest.php" line="186" assertions="1" time="0.178782"/>
      <testcase name="testSetDBConfig" class="MyDBTest" classname="MyDBTest" file="I:\pr1\html\tests\unit\MyDBTest.php" line="13" assertions="5" time="0.141192"/>
      <testcase name="testGet" class="MyDBTest" classname="MyDBTest" file="I:\pr1\html\tests\unit\MyDBTest.php" line="27" assertions="2" time="0.109754"/>
      <testcase name="testInsert" class="MyDBTest" classname="MyDBTest" file="I:\pr1\html\tests\unit\MyDBTest.php" line="94" assertions="3" time="0.568525"/>
      <testcase name="testInsertMultiple" class="MyDBTest" classname="MyDBTest" file="I:\pr1\html\tests\unit\MyDBTest.php" line="113" assertions="3" time="1.483146"/>
      <testcase name="testDDLQueries" class="MyDBTest" classname="MyDBTest" file="I:\pr1\html\tests\unit\MyDBTest.php" line="206" assertions="3" time="1.095792"/>
      <testcase name="testErrorHandling" class="MyDBTest" classname="MyDBTest" file="I:\pr1\html\tests\unit\MyDBTest.php" line="227" assertions="1" time="0.109407"/>
    </testsuite>
    <testsuite name="PlanetTest" file="I:\pr1\html\tests\unit\PlanetTest.php" tests="9" assertions="25" errors="0" warnings="0" failures="0" skipped="0" time="1.430814">
      <testcase name="testGetNonExistingPlanet" class="PlanetTest" classname="PlanetTest" file="I:\pr1\html\tests\unit\PlanetTest.php" line="29" assertions="1" time="0.131927"/>
      <testcase name="testSaveNew" class="PlanetTest" classname="PlanetTest" file="I:\pr1\html\tests\unit\PlanetTest.php" line="92" assertions="4" time="0.105928"/>
      <testcase name="testGetExistingPlanet" class="PlanetTest" classname="PlanetTest" file="I:\pr1\html\tests\unit\PlanetTest.php" line="13" assertions="4" time="0.105775"/>
      <testcase name="testClearCache" class="PlanetTest" classname="PlanetTest" file="I:\pr1\html\tests\unit\PlanetTest.php" line="159" assertions="3" time="0.114379"/>
      <testcase name="testGetGame" class="PlanetTest" classname="PlanetTest" file="I:\pr1\html\tests\unit\PlanetTest.php" line="143" assertions="2" time="0.213980"/>
      <testcase name="testSaveUpdate" class="PlanetTest" classname="PlanetTest" file="I:\pr1\html\tests\unit\PlanetTest.php" line="120" assertions="2" time="0.364712"/>
      <testcase name="testConstructor" class="PlanetTest" classname="PlanetTest" file="I:\pr1\html\tests\unit\PlanetTest.php" line="39" assertions="4" time="0.136514"/>
      <testcase name="testConstructorWithoutId" class="PlanetTest" classname="PlanetTest" file="I:\pr1\html\tests\unit\PlanetTest.php" line="62" assertions="3" time="0.129917"/>
      <testcase name="testConstructorWithInvalidData" class="PlanetTest" classname="PlanetTest" file="I:\pr1\html\tests\unit\PlanetTest.php" line="81" assertions="2" time="0.127682"/>
    </testsuite>
    <testsuite name="CreateGameSimpleTest" file="I:\pr1\html\tests\unit\CreateGameSimpleTest.php" tests="11" assertions="55" errors="0" warnings="0" failures="0" skipped="0" time="41.901342">
      <testcase name="testCreateUsersForGame" class="CreateGameSimpleTest" classname="CreateGameSimpleTest" file="I:\pr1\html\tests\unit\CreateGameSimpleTest.php" line="99" assertions="6" time="2.721593"/>
      <testcase name="testCreateBasicGameClass" class="CreateGameSimpleTest" classname="CreateGameSimpleTest" file="I:\pr1\html\tests\unit\CreateGameSimpleTest.php" line="17" assertions="6" time="3.061195"/>
      <testcase name="testCreateGameWithDifferentTurnTypes" class="CreateGameSimpleTest" classname="CreateGameSimpleTest" file="I:\pr1\html\tests\unit\CreateGameSimpleTest.php" line="46" assertions="3" time="7.430322"/>
      <testcase name="testGameList" class="CreateGameSimpleTest" classname="CreateGameSimpleTest" file="I:\pr1\html\tests\unit\CreateGameSimpleTest.php" line="205" assertions="7" time="2.259088"/>
      <testcase name="testHtmlEscapingInGameName" class="CreateGameSimpleTest" classname="CreateGameSimpleTest" file="I:\pr1\html\tests\unit\CreateGameSimpleTest.php" line="300" assertions="1" time="4.986831"/>
      <testcase name="testUpdateGameData" class="CreateGameSimpleTest" classname="CreateGameSimpleTest" file="I:\pr1\html\tests\unit\CreateGameSimpleTest.php" line="274" assertions="2" time="1.903540"/>
      <testcase name="testHtmlEscapingInUserLogin" class="CreateGameSimpleTest" classname="CreateGameSimpleTest" file="I:\pr1\html\tests\unit\CreateGameSimpleTest.php" line="323" assertions="1" time="5.509747"/>
      <testcase name="testGameGetMethod" class="CreateGameSimpleTest" classname="CreateGameSimpleTest" file="I:\pr1\html\tests\unit\CreateGameSimpleTest.php" line="239" assertions="3" time="1.744390"/>
      <testcase name="testCreateGameWithDifferentMapSizes" class="CreateGameSimpleTest" classname="CreateGameSimpleTest" file="I:\pr1\html\tests\unit\CreateGameSimpleTest.php" line="72" assertions="8" time="1.963169"/>
      <testcase name="testUserColorGeneration" class="CreateGameSimpleTest" classname="CreateGameSimpleTest" file="I:\pr1\html\tests\unit\CreateGameSimpleTest.php" line="157" assertions="15" time="8.300366"/>
      <testcase name="testGameCaching" class="CreateGameSimpleTest" classname="CreateGameSimpleTest" file="I:\pr1\html\tests\unit\CreateGameSimpleTest.php" line="253" assertions="3" time="2.021102"/>
    </testsuite>
    <testsuite name="ResearchTest" file="I:\pr1\html\tests\unit\ResearchTest.php" tests="7" assertions="36" errors="0" warnings="0" failures="0" skipped="0" time="1.827287">
      <testcase name="testSaveUpdate" class="ResearchTest" classname="ResearchTest" file="I:\pr1\html\tests\unit\ResearchTest.php" line="112" assertions="1" time="0.257500"/>
      <testcase name="testSaveNew" class="ResearchTest" classname="ResearchTest" file="I:\pr1\html\tests\unit\ResearchTest.php" line="82" assertions="4" time="0.279166"/>
      <testcase name="testDifferentResearchTypes" class="ResearchTest" classname="ResearchTest" file="I:\pr1\html\tests\unit\ResearchTest.php" line="146" assertions="12" time="0.233656"/>
      <testcase name="testConstructor" class="ResearchTest" classname="ResearchTest" file="I:\pr1\html\tests\unit\ResearchTest.php" line="36" assertions="5" time="0.265794"/>
      <testcase name="testConstructorWithoutId" class="ResearchTest" classname="ResearchTest" file="I:\pr1\html\tests\unit\ResearchTest.php" line="60" assertions="4" time="0.245613"/>
      <testcase name="testGet" class="ResearchTest" classname="ResearchTest" file="I:\pr1\html\tests\unit\ResearchTest.php" line="11" assertions="6" time="0.224787"/>
      <testcase name="testResearchUserRelationship" class="ResearchTest" classname="ResearchTest" file="I:\pr1\html\tests\unit\ResearchTest.php" line="172" assertions="4" time="0.320771"/>
    </testsuite>
    <testsuite name="ResourceTest" file="I:\pr1\html\tests\unit\ResourceTest.php" tests="11" assertions="53" errors="0" warnings="0" failures="0" skipped="0" time="2.55921">
      <testcase name="testGet" class="ResourceTest" classname="ResourceTest" file="I:\pr1\html\tests\unit\ResourceTest.php" line="11" assertions="9" time="0.267672"/>
      <testcase name="testConstructorWithoutId" class="ResourceTest" classname="ResourceTest" file="I:\pr1\html\tests\unit\ResourceTest.php" line="85" assertions="7" time="0.262139"/>
      <testcase name="testSaveNew" class="ResourceTest" classname="ResourceTest" file="I:\pr1\html\tests\unit\ResourceTest.php" line="151" assertions="7" time="0.240898"/>
      <testcase name="testResourceCoordinatesUniqueness" class="ResourceTest" classname="ResourceTest" file="I:\pr1\html\tests\unit\ResourceTest.php" line="274" assertions="5" time="0.283181"/>
      <testcase name="testSaveUpdate" class="ResourceTest" classname="ResourceTest" file="I:\pr1\html\tests\unit\ResourceTest.php" line="187" assertions="1" time="0.239089"/>
      <testcase name="testConstructor" class="ResourceTest" classname="ResourceTest" file="I:\pr1\html\tests\unit\ResourceTest.php" line="56" assertions="7" time="0.268983"/>
      <testcase name="testDifferentResourceTypes" class="ResourceTest" classname="ResourceTest" file="I:\pr1\html\tests\unit\ResourceTest.php" line="245" assertions="12" time="0.225244"/>
      <testcase name="testGetTitle" class="ResourceTest" classname="ResourceTest" file="I:\pr1\html\tests\unit\ResourceTest.php" line="113" assertions="1" time="0.355083"/>
      <testcase name="testGetNonExisting" class="ResourceTest" classname="ResourceTest" file="I:\pr1\html\tests\unit\ResourceTest.php" line="43" assertions="1" time="0.109441"/>
      <testcase name="testGetTitleWithoutType" class="ResourceTest" classname="ResourceTest" file="I:\pr1\html\tests\unit\ResourceTest.php" line="135" assertions="1" time="0.196602"/>
      <testcase name="testSaveWithoutType" class="ResourceTest" classname="ResourceTest" file="I:\pr1\html\tests\unit\ResourceTest.php" line="227" assertions="2" time="0.110880"/>
    </testsuite>
    <testsuite name="ResearchTypeTest" file="I:\pr1\html\tests\unit\ResearchTypeTest.php" tests="14" assertions="112" errors="0" warnings="0" failures="1" skipped="0" time="3.389565">
      <testcase name="testResearchRequirementsObjects" class="ResearchTypeTest" classname="ResearchTypeTest" file="I:\pr1\html\tests\unit\ResearchTypeTest.php" line="312" assertions="4" time="0.234256">
        <failure type="PHPUnit\Framework\ExpectationFailedException">ResearchTypeTest::testResearchRequirementsObjects
Failed asserting that actual size 0 matches expected size 1.

I:\pr1\html\tests\unit\ResearchTypeTest.php:322</failure>
      </testcase>
      <testcase name="testConstructor" class="ResearchTypeTest" classname="ResearchTypeTest" file="I:\pr1\html\tests\unit\ResearchTypeTest.php" line="40" assertions="10" time="0.109004"/>
      <testcase name="testAllPredefinedResearchTypes" class="ResearchTypeTest" classname="ResearchTypeTest" file="I:\pr1\html\tests\unit\ResearchTypeTest.php" line="164" assertions="7" time="0.239547"/>
      <testcase name="testGetAll" class="ResearchTypeTest" classname="ResearchTypeTest" file="I:\pr1\html\tests\unit\ResearchTypeTest.php" line="186" assertions="58" time="0.226845"/>
      <testcase name="testResearchRequirements" class="ResearchTypeTest" classname="ResearchTypeTest" file="I:\pr1\html\tests\unit\ResearchTypeTest.php" line="149" assertions="2" time="0.261010"/>
      <testcase name="testSaveNewResearchType" class="ResearchTypeTest" classname="ResearchTypeTest" file="I:\pr1\html\tests\unit\ResearchTypeTest.php" line="210" assertions="4" time="0.267048"/>
      <testcase name="testGetNeedAgeIds" class="ResearchTypeTest" classname="ResearchTypeTest" file="I:\pr1\html\tests\unit\ResearchTypeTest.php" line="127" assertions="7" time="0.245703"/>
      <testcase name="testGetTitle" class="ResearchTypeTest" classname="ResearchTypeTest" file="I:\pr1\html\tests\unit\ResearchTypeTest.php" line="89" assertions="1" time="0.248423"/>
      <testcase name="testGetTurnCount" class="ResearchTypeTest" classname="ResearchTypeTest" file="I:\pr1\html\tests\unit\ResearchTypeTest.php" line="101" assertions="4" time="0.241710"/>
      <testcase name="testGetExistingResearchType" class="ResearchTypeTest" classname="ResearchTypeTest" file="I:\pr1\html\tests\unit\ResearchTypeTest.php" line="11" assertions="6" time="0.218602"/>
      <testcase name="testGetNonExistingResearchType" class="ResearchTypeTest" classname="ResearchTypeTest" file="I:\pr1\html\tests\unit\ResearchTypeTest.php" line="28" assertions="1" time="0.316956"/>
      <testcase name="testConstructorWithoutId" class="ResearchTypeTest" classname="ResearchTypeTest" file="I:\pr1\html\tests\unit\ResearchTypeTest.php" line="72" assertions="3" time="0.156949"/>
      <testcase name="testSaveExistingResearchType" class="ResearchTypeTest" classname="ResearchTypeTest" file="I:\pr1\html\tests\unit\ResearchTypeTest.php" line="248" assertions="2" time="0.246762"/>
      <testcase name="testDeleteResearchType" class="ResearchTypeTest" classname="ResearchTypeTest" file="I:\pr1\html\tests\unit\ResearchTypeTest.php" line="284" assertions="3" time="0.376751"/>
    </testsuite>
    <testsuite name="GameTest" file="I:\pr1\html\tests\unit\GameTest.php" tests="15" assertions="59" errors="0" warnings="0" failures="0" skipped="0" time="47.027276">
      <testcase name="testGetFirstPlanetNoPlanets" class="GameTest" classname="GameTest" file="I:\pr1\html\tests\unit\GameTest.php" line="256" assertions="1" time="2.190835"/>
      <testcase name="testGetActivePlayerByTurn" class="GameTest" classname="GameTest" file="I:\pr1\html\tests\unit\GameTest.php" line="189" assertions="1" time="4.968076"/>
      <testcase name="testGetActivePlayerConcurrently" class="GameTest" classname="GameTest" file="I:\pr1\html\tests\unit\GameTest.php" line="204" assertions="2" time="1.812043"/>
      <testcase name="testGetFirstPlanet" class="GameTest" classname="GameTest" file="I:\pr1\html\tests\unit\GameTest.php" line="236" assertions="5" time="2.006617"/>
      <testcase name="testGetActivePlayerNoActive" class="GameTest" classname="GameTest" file="I:\pr1\html\tests\unit\GameTest.php" line="221" assertions="1" time="5.282540"/>
      <testcase name="testCalculateConcurrently" class="GameTest" classname="GameTest" file="I:\pr1\html\tests\unit\GameTest.php" line="292" assertions="3" time="2.067348"/>
      <testcase name="testGetExistingGame" class="GameTest" classname="GameTest" file="I:\pr1\html\tests\unit\GameTest.php" line="19" assertions="6" time="8.613508"/>
      <testcase name="testGameList" class="GameTest" classname="GameTest" file="I:\pr1\html\tests\unit\GameTest.php" line="125" assertions="5" time="2.062844"/>
      <testcase name="testCreateNewGame" class="GameTest" classname="GameTest" file="I:\pr1\html\tests\unit\GameTest.php" line="315" assertions="5" time="2.391452"/>
      <testcase name="testConstruct" class="GameTest" classname="GameTest" file="I:\pr1\html\tests\unit\GameTest.php" line="51" assertions="8" time="4.310477"/>
      <testcase name="testSaveNew" class="GameTest" classname="GameTest" file="I:\pr1\html\tests\unit\GameTest.php" line="77" assertions="6" time="1.876547"/>
      <testcase name="testAllSystemMessage" class="GameTest" classname="GameTest" file="I:\pr1\html\tests\unit\GameTest.php" line="148" assertions="10" time="4.082417"/>
      <testcase name="testGetNonExistingGame" class="GameTest" classname="GameTest" file="I:\pr1\html\tests\unit\GameTest.php" line="41" assertions="1" time="2.176458"/>
      <testcase name="testSaveUpdate" class="GameTest" classname="GameTest" file="I:\pr1\html\tests\unit\GameTest.php" line="104" assertions="2" time="1.618199"/>
      <testcase name="testCalculateByTurn" class="GameTest" classname="GameTest" file="I:\pr1\html\tests\unit\GameTest.php" line="269" assertions="3" time="1.567916"/>
    </testsuite>
    <testsuite name="ResourceTypeTest" file="I:\pr1\html\tests\unit\ResourceTypeTest.php" tests="10" assertions="140" errors="0" warnings="0" failures="0" skipped="0" time="2.078519">
      <testcase name="testGetTitle" class="ResourceTypeTest" classname="ResourceTypeTest" file="I:\pr1\html\tests\unit\ResourceTypeTest.php" line="78" assertions="1" time="0.218925"/>
      <testcase name="testCanUseWithoutRequiredResearch" class="ResourceTypeTest" classname="ResourceTypeTest" file="I:\pr1\html\tests\unit\ResourceTypeTest.php" line="90" assertions="1" time="0.205925"/>
      <testcase name="testCanUseWithRequiredResearchAvailable" class="ResourceTypeTest" classname="ResourceTypeTest" file="I:\pr1\html\tests\unit\ResourceTypeTest.php" line="106" assertions="1" time="0.218172"/>
      <testcase name="testCanUseWithRequiredResearchUnavailable" class="ResourceTypeTest" classname="ResourceTypeTest" file="I:\pr1\html\tests\unit\ResourceTypeTest.php" line="131" assertions="1" time="0.204805"/>
      <testcase name="testGetExistingResourceType" class="ResourceTypeTest" classname="ResourceTypeTest" file="I:\pr1\html\tests\unit\ResourceTypeTest.php" line="11" assertions="7" time="0.191900"/>
      <testcase name="testComplexProperties" class="ResourceTypeTest" classname="ResourceTypeTest" file="I:\pr1\html\tests\unit\ResourceTypeTest.php" line="190" assertions="8" time="0.211818"/>
      <testcase name="testGetAll" class="ResourceTypeTest" classname="ResourceTypeTest" file="I:\pr1\html\tests\unit\ResourceTypeTest.php" line="210" assertions="43" time="0.208913"/>
      <testcase name="testAllPredefinedResourceTypes" class="ResourceTypeTest" classname="ResourceTypeTest" file="I:\pr1\html\tests\unit\ResourceTypeTest.php" line="147" assertions="65" time="0.203096"/>
      <testcase name="testGetNonExistingResourceType" class="ResourceTypeTest" classname="ResourceTypeTest" file="I:\pr1\html\tests\unit\ResourceTypeTest.php" line="29" assertions="1" time="0.318312"/>
      <testcase name="testConstructor" class="ResourceTypeTest" classname="ResourceTypeTest" file="I:\pr1\html\tests\unit\ResourceTypeTest.php" line="41" assertions="12" time="0.096652"/>
    </testsuite>
    <testsuite name="OpenGameTest" file="I:\pr1\html\tests\unit\OpenGameTest.php" tests="13" assertions="35" errors="0" warnings="0" failures="0" skipped="0" time="45.557969">
      <testcase name="testOpenGameWithMultiplePlayers" class="OpenGameTest" classname="OpenGameTest" file="I:\pr1\html\tests\unit\OpenGameTest.php" line="89" assertions="4" time="2.093992"/>
      <testcase name="testEmptyGameList" class="OpenGameTest" classname="OpenGameTest" file="I:\pr1\html\tests\unit\OpenGameTest.php" line="287" assertions="1" time="5.302149"/>
      <testcase name="testOpenGameWithUserFromDifferentGame" class="OpenGameTest" classname="OpenGameTest" file="I:\pr1\html\tests\unit\OpenGameTest.php" line="20" assertions="3" time="1.982424"/>
      <testcase name="testGameListLoading" class="OpenGameTest" classname="OpenGameTest" file="I:\pr1\html\tests\unit\OpenGameTest.php" line="243" assertions="7" time="8.498026"/>
      <testcase name="testSuccessfulGameOpening" class="OpenGameTest" classname="OpenGameTest" file="I:\pr1\html\tests\unit\OpenGameTest.php" line="52" assertions="2" time="1.845707"/>
      <testcase name="testOpenGameWithDifferentTurnTypes" class="OpenGameTest" classname="OpenGameTest" file="I:\pr1\html\tests\unit\OpenGameTest.php" line="127" assertions="6" time="1.782024"/>
      <testcase name="testOpenNonExistentGame" class="OpenGameTest" classname="OpenGameTest" file="I:\pr1\html\tests\unit\OpenGameTest.php" line="165" assertions="1" time="4.918129"/>
      <testcase name="testOpenGameWithNonExistentUser" class="OpenGameTest" classname="OpenGameTest" file="I:\pr1\html\tests\unit\OpenGameTest.php" line="184" assertions="1" time="1.871973"/>
      <testcase name="testOpenGameWithoutGameId" class="OpenGameTest" classname="OpenGameTest" file="I:\pr1\html\tests\unit\OpenGameTest.php" line="205" assertions="1" time="1.514183"/>
      <testcase name="testOpenGameWithoutUserId" class="OpenGameTest" classname="OpenGameTest" file="I:\pr1\html\tests\unit\OpenGameTest.php" line="224" assertions="1" time="4.795361"/>
      <testcase name="testSessionStateAfterGameOpening" class="OpenGameTest" classname="OpenGameTest" file="I:\pr1\html\tests\unit\OpenGameTest.php" line="296" assertions="3" time="1.520986"/>
      <testcase name="testReopenGameWithDifferentUser" class="OpenGameTest" classname="OpenGameTest" file="I:\pr1\html\tests\unit\OpenGameTest.php" line="323" assertions="3" time="1.486115"/>
      <testcase name="testOpenGameWithMaxPlayers" class="OpenGameTest" classname="OpenGameTest" file="I:\pr1\html\tests\unit\OpenGameTest.php" line="370" assertions="2" time="7.946901"/>
    </testsuite>
  </testsuite>
</testsuites>
